{"C:\\Users\\Chih-Kae\\WebstormProjects\\project_team219\\src\\controller\\IInsightFacade.js":{"path":"C:\\Users\\Chih-Kae\\WebstormProjects\\project_team219\\src\\controller\\IInsightFacade.js","statementMap":{"0":{"start":{"line":2,"column":0},"end":{"line":2,"column":62}},"1":{"start":{"line":4,"column":0},"end":{"line":7,"column":89}},"2":{"start":{"line":5,"column":4},"end":{"line":5,"column":46}},"3":{"start":{"line":6,"column":4},"end":{"line":6,"column":42}},"4":{"start":{"line":10,"column":8},"end":{"line":10,"column":23}},"5":{"start":{"line":11,"column":8},"end":{"line":11,"column":52}},"6":{"start":{"line":14,"column":0},"end":{"line":14,"column":36}},"7":{"start":{"line":17,"column":8},"end":{"line":17,"column":23}},"8":{"start":{"line":18,"column":8},"end":{"line":18,"column":53}},"9":{"start":{"line":21,"column":0},"end":{"line":21,"column":38}},"10":{"start":{"line":24,"column":8},"end":{"line":24,"column":23}},"11":{"start":{"line":25,"column":8},"end":{"line":25,"column":59}},"12":{"start":{"line":28,"column":0},"end":{"line":28,"column":50}}},"fnMap":{"0":{"name":"(anonymous_0)","decl":{"start":{"line":4,"column":1},"end":{"line":4,"column":2}},"loc":{"start":{"line":4,"column":31},"end":{"line":7,"column":1}},"line":4},"1":{"name":"(anonymous_1)","decl":{"start":{"line":9,"column":4},"end":{"line":9,"column":5}},"loc":{"start":{"line":9,"column":25},"end":{"line":12,"column":5}},"line":9},"2":{"name":"(anonymous_2)","decl":{"start":{"line":16,"column":4},"end":{"line":16,"column":5}},"loc":{"start":{"line":16,"column":25},"end":{"line":19,"column":5}},"line":16},"3":{"name":"(anonymous_3)","decl":{"start":{"line":23,"column":4},"end":{"line":23,"column":5}},"loc":{"start":{"line":23,"column":25},"end":{"line":26,"column":5}},"line":23}},"branchMap":{"0":{"loc":{"start":{"line":7,"column":24},"end":{"line":7,"column":87}},"type":"binary-expr","locations":[{"start":{"line":7,"column":24},"end":{"line":7,"column":50}},{"start":{"line":7,"column":55},"end":{"line":7,"column":86}}],"line":7}},"s":{"0":1,"1":1,"2":1,"3":1,"4":14,"5":14,"6":1,"7":1,"8":1,"9":1,"10":0,"11":0,"12":1},"f":{"0":1,"1":14,"2":1,"3":0},"b":{"0":[1,1]},"_coverageSchema":"332fd63041d2c1bcb487cc26dd0d5f7d97098a6c","hash":"a6a139116909df55137d6e3a26590f8fed84731c","contentHash":"527cfcfa7ecce84f700e3da091a20591_11.3.0"},"C:\\Users\\Chih-Kae\\WebstormProjects\\project_team219\\src\\controller\\InsightFacade.js":{"path":"C:\\Users\\Chih-Kae\\WebstormProjects\\project_team219\\src\\controller\\InsightFacade.js","statementMap":{"0":{"start":{"line":2,"column":0},"end":{"line":2,"column":62}},"1":{"start":{"line":3,"column":15},"end":{"line":3,"column":33}},"2":{"start":{"line":4,"column":25},"end":{"line":4,"column":52}},"3":{"start":{"line":5,"column":25},"end":{"line":5,"column":52}},"4":{"start":{"line":6,"column":18},"end":{"line":6,"column":38}},"5":{"start":{"line":7,"column":25},"end":{"line":7,"column":52}},"6":{"start":{"line":8,"column":25},"end":{"line":8,"column":52}},"7":{"start":{"line":9,"column":24},"end":{"line":9,"column":50}},"8":{"start":{"line":10,"column":20},"end":{"line":10,"column":42}},"9":{"start":{"line":13,"column":8},"end":{"line":13,"column":58}},"10":{"start":{"line":16,"column":8},"end":{"line":18,"column":9}},"11":{"start":{"line":17,"column":12},"end":{"line":17,"column":86}},"12":{"start":{"line":19,"column":8},"end":{"line":21,"column":9}},"13":{"start":{"line":20,"column":12},"end":{"line":20,"column":131}},"14":{"start":{"line":22,"column":8},"end":{"line":30,"column":9}},"15":{"start":{"line":23,"column":12},"end":{"line":23,"column":66}},"16":{"start":{"line":25,"column":13},"end":{"line":30,"column":9}},"17":{"start":{"line":26,"column":12},"end":{"line":26,"column":64}},"18":{"start":{"line":29,"column":12},"end":{"line":29,"column":114}},"19":{"start":{"line":33,"column":8},"end":{"line":35,"column":9}},"20":{"start":{"line":34,"column":12},"end":{"line":34,"column":86}},"21":{"start":{"line":36,"column":8},"end":{"line":38,"column":9}},"22":{"start":{"line":37,"column":12},"end":{"line":37,"column":132}},"23":{"start":{"line":39,"column":19},"end":{"line":39,"column":32}},"24":{"start":{"line":40,"column":21},"end":{"line":40,"column":35}},"25":{"start":{"line":41,"column":8},"end":{"line":41,"column":28}},"26":{"start":{"line":42,"column":8},"end":{"line":42,"column":55}},"27":{"start":{"line":43,"column":8},"end":{"line":43,"column":35}},"28":{"start":{"line":46,"column":8},"end":{"line":97,"column":11}},"29":{"start":{"line":47,"column":33},"end":{"line":47,"column":75}},"30":{"start":{"line":48,"column":12},"end":{"line":96,"column":13}},"31":{"start":{"line":49,"column":16},"end":{"line":92,"column":17}},"32":{"start":{"line":50,"column":20},"end":{"line":50,"column":97}},"33":{"start":{"line":51,"column":39},"end":{"line":51,"column":78}},"34":{"start":{"line":52,"column":29},"end":{"line":52,"column":42}},"35":{"start":{"line":53,"column":20},"end":{"line":88,"column":23}},"36":{"start":{"line":54,"column":24},"end":{"line":87,"column":25}},"37":{"start":{"line":55,"column":28},"end":{"line":55,"column":72}},"38":{"start":{"line":58,"column":28},"end":{"line":86,"column":29}},"39":{"start":{"line":59,"column":46},"end":{"line":59,"column":62}},"40":{"start":{"line":60,"column":48},"end":{"line":60,"column":75}},"41":{"start":{"line":61,"column":43},"end":{"line":61,"column":69}},"42":{"start":{"line":62,"column":32},"end":{"line":70,"column":33}},"43":{"start":{"line":63,"column":36},"end":{"line":63,"column":79}},"44":{"start":{"line":65,"column":37},"end":{"line":70,"column":33}},"45":{"start":{"line":66,"column":36},"end":{"line":66,"column":77}},"46":{"start":{"line":69,"column":36},"end":{"line":69,"column":78}},"47":{"start":{"line":71,"column":53},"end":{"line":71,"column":97}},"48":{"start":{"line":72,"column":53},"end":{"line":72,"column":89}},"49":{"start":{"line":73,"column":41},"end":{"line":73,"column":106}},"50":{"start":{"line":74,"column":32},"end":{"line":74,"column":67}},"51":{"start":{"line":77,"column":32},"end":{"line":85,"column":33}},"52":{"start":{"line":78,"column":36},"end":{"line":78,"column":87}},"53":{"start":{"line":80,"column":37},"end":{"line":85,"column":33}},"54":{"start":{"line":81,"column":36},"end":{"line":81,"column":80}},"55":{"start":{"line":84,"column":36},"end":{"line":84,"column":80}},"56":{"start":{"line":91,"column":20},"end":{"line":91,"column":64}},"57":{"start":{"line":95,"column":16},"end":{"line":95,"column":60}},"58":{"start":{"line":100,"column":19},"end":{"line":100,"column":32}},"59":{"start":{"line":101,"column":37},"end":{"line":101,"column":59}},"60":{"start":{"line":102,"column":23},"end":{"line":102,"column":25}},"61":{"start":{"line":103,"column":8},"end":{"line":111,"column":11}},"62":{"start":{"line":104,"column":34},"end":{"line":104,"column":81}},"63":{"start":{"line":105,"column":30},"end":{"line":105,"column":57}},"64":{"start":{"line":106,"column":33},"end":{"line":106,"column":35}},"65":{"start":{"line":107,"column":12},"end":{"line":107,"column":45}},"66":{"start":{"line":108,"column":12},"end":{"line":108,"column":49}},"67":{"start":{"line":109,"column":12},"end":{"line":109,"column":55}},"68":{"start":{"line":110,"column":12},"end":{"line":110,"column":40}},"69":{"start":{"line":112,"column":8},"end":{"line":114,"column":11}},"70":{"start":{"line":113,"column":12},"end":{"line":113,"column":111}},"71":{"start":{"line":115,"column":8},"end":{"line":115,"column":41}},"72":{"start":{"line":118,"column":0},"end":{"line":118,"column":32}}},"fnMap":{"0":{"name":"(anonymous_0)","decl":{"start":{"line":12,"column":4},"end":{"line":12,"column":5}},"loc":{"start":{"line":12,"column":18},"end":{"line":14,"column":5}},"line":12},"1":{"name":"(anonymous_1)","decl":{"start":{"line":15,"column":4},"end":{"line":15,"column":5}},"loc":{"start":{"line":15,"column":34},"end":{"line":31,"column":5}},"line":15},"2":{"name":"(anonymous_2)","decl":{"start":{"line":32,"column":4},"end":{"line":32,"column":5}},"loc":{"start":{"line":32,"column":22},"end":{"line":44,"column":5}},"line":32},"3":{"name":"(anonymous_3)","decl":{"start":{"line":45,"column":4},"end":{"line":45,"column":5}},"loc":{"start":{"line":45,"column":24},"end":{"line":98,"column":5}},"line":45},"4":{"name":"(anonymous_4)","decl":{"start":{"line":46,"column":27},"end":{"line":46,"column":28}},"loc":{"start":{"line":46,"column":54},"end":{"line":97,"column":9}},"line":46},"5":{"name":"(anonymous_5)","decl":{"start":{"line":53,"column":58},"end":{"line":53,"column":59}},"loc":{"start":{"line":53,"column":73},"end":{"line":88,"column":21}},"line":53},"6":{"name":"(anonymous_6)","decl":{"start":{"line":99,"column":4},"end":{"line":99,"column":5}},"loc":{"start":{"line":99,"column":19},"end":{"line":116,"column":5}},"line":99},"7":{"name":"(anonymous_7)","decl":{"start":{"line":103,"column":39},"end":{"line":103,"column":40}},"loc":{"start":{"line":103,"column":58},"end":{"line":111,"column":9}},"line":103},"8":{"name":"(anonymous_8)","decl":{"start":{"line":112,"column":25},"end":{"line":112,"column":26}},"loc":{"start":{"line":112,"column":38},"end":{"line":114,"column":9}},"line":112}},"branchMap":{"0":{"loc":{"start":{"line":16,"column":8},"end":{"line":18,"column":9}},"type":"if","locations":[{"start":{"line":16,"column":8},"end":{"line":18,"column":9}},{"start":{"line":16,"column":8},"end":{"line":18,"column":9}}],"line":16},"1":{"loc":{"start":{"line":19,"column":8},"end":{"line":21,"column":9}},"type":"if","locations":[{"start":{"line":19,"column":8},"end":{"line":21,"column":9}},{"start":{"line":19,"column":8},"end":{"line":21,"column":9}}],"line":19},"2":{"loc":{"start":{"line":22,"column":8},"end":{"line":30,"column":9}},"type":"if","locations":[{"start":{"line":22,"column":8},"end":{"line":30,"column":9}},{"start":{"line":22,"column":8},"end":{"line":30,"column":9}}],"line":22},"3":{"loc":{"start":{"line":25,"column":13},"end":{"line":30,"column":9}},"type":"if","locations":[{"start":{"line":25,"column":13},"end":{"line":30,"column":9}},{"start":{"line":25,"column":13},"end":{"line":30,"column":9}}],"line":25},"4":{"loc":{"start":{"line":33,"column":8},"end":{"line":35,"column":9}},"type":"if","locations":[{"start":{"line":33,"column":8},"end":{"line":35,"column":9}},{"start":{"line":33,"column":8},"end":{"line":35,"column":9}}],"line":33},"5":{"loc":{"start":{"line":36,"column":8},"end":{"line":38,"column":9}},"type":"if","locations":[{"start":{"line":36,"column":8},"end":{"line":38,"column":9}},{"start":{"line":36,"column":8},"end":{"line":38,"column":9}}],"line":36},"6":{"loc":{"start":{"line":49,"column":16},"end":{"line":92,"column":17}},"type":"if","locations":[{"start":{"line":49,"column":16},"end":{"line":92,"column":17}},{"start":{"line":49,"column":16},"end":{"line":92,"column":17}}],"line":49},"7":{"loc":{"start":{"line":54,"column":24},"end":{"line":87,"column":25}},"type":"if","locations":[{"start":{"line":54,"column":24},"end":{"line":87,"column":25}},{"start":{"line":54,"column":24},"end":{"line":87,"column":25}}],"line":54},"8":{"loc":{"start":{"line":62,"column":32},"end":{"line":70,"column":33}},"type":"if","locations":[{"start":{"line":62,"column":32},"end":{"line":70,"column":33}},{"start":{"line":62,"column":32},"end":{"line":70,"column":33}}],"line":62},"9":{"loc":{"start":{"line":65,"column":37},"end":{"line":70,"column":33}},"type":"if","locations":[{"start":{"line":65,"column":37},"end":{"line":70,"column":33}},{"start":{"line":65,"column":37},"end":{"line":70,"column":33}}],"line":65},"10":{"loc":{"start":{"line":77,"column":32},"end":{"line":85,"column":33}},"type":"if","locations":[{"start":{"line":77,"column":32},"end":{"line":85,"column":33}},{"start":{"line":77,"column":32},"end":{"line":85,"column":33}}],"line":77},"11":{"loc":{"start":{"line":80,"column":37},"end":{"line":85,"column":33}},"type":"if","locations":[{"start":{"line":80,"column":37},"end":{"line":85,"column":33}},{"start":{"line":80,"column":37},"end":{"line":85,"column":33}}],"line":80}},"s":{"0":1,"1":1,"2":1,"3":1,"4":1,"5":1,"6":1,"7":1,"8":1,"9":20,"10":22,"11":3,"12":19,"13":1,"14":18,"15":14,"16":4,"17":4,"18":0,"19":3,"20":1,"21":2,"22":1,"23":1,"24":1,"25":1,"26":1,"27":1,"28":0,"29":0,"30":0,"31":0,"32":0,"33":0,"34":0,"35":0,"36":0,"37":0,"38":0,"39":0,"40":0,"41":0,"42":0,"43":0,"44":0,"45":0,"46":0,"47":0,"48":0,"49":0,"50":0,"51":0,"52":0,"53":0,"54":0,"55":0,"56":0,"57":0,"58":3,"59":3,"60":3,"61":3,"62":3,"63":3,"64":3,"65":3,"66":3,"67":3,"68":3,"69":3,"70":3,"71":3,"72":1},"f":{"0":20,"1":22,"2":3,"3":0,"4":0,"5":0,"6":3,"7":3,"8":3},"b":{"0":[3,19],"1":[1,18],"2":[14,4],"3":[4,0],"4":[1,2],"5":[1,1],"6":[0,0],"7":[0,0],"8":[0,0],"9":[0,0],"10":[0,0],"11":[0,0]},"_coverageSchema":"332fd63041d2c1bcb487cc26dd0d5f7d97098a6c","hash":"d122864cb180aa9696b505330c6472e26f2716b9","contentHash":"81d6f06bc134ff27df41a45a2dd83dfb_11.3.0"},"C:\\Users\\Chih-Kae\\WebstormProjects\\project_team219\\src\\Util.js":{"path":"C:\\Users\\Chih-Kae\\WebstormProjects\\project_team219\\src\\Util.js","statementMap":{"0":{"start":{"line":2,"column":0},"end":{"line":2,"column":62}},"1":{"start":{"line":5,"column":8},"end":{"line":5,"column":67}},"2":{"start":{"line":8,"column":8},"end":{"line":8,"column":68}},"3":{"start":{"line":11,"column":8},"end":{"line":11,"column":68}},"4":{"start":{"line":14,"column":8},"end":{"line":14,"column":69}},"5":{"start":{"line":17,"column":8},"end":{"line":17,"column":67}},"6":{"start":{"line":20,"column":0},"end":{"line":20,"column":22}}},"fnMap":{"0":{"name":"(anonymous_0)","decl":{"start":{"line":4,"column":4},"end":{"line":4,"column":5}},"loc":{"start":{"line":4,"column":25},"end":{"line":6,"column":5}},"line":4},"1":{"name":"(anonymous_1)","decl":{"start":{"line":7,"column":4},"end":{"line":7,"column":5}},"loc":{"start":{"line":7,"column":24},"end":{"line":9,"column":5}},"line":7},"2":{"name":"(anonymous_2)","decl":{"start":{"line":10,"column":4},"end":{"line":10,"column":5}},"loc":{"start":{"line":10,"column":24},"end":{"line":12,"column":5}},"line":10},"3":{"name":"(anonymous_3)","decl":{"start":{"line":13,"column":4},"end":{"line":13,"column":5}},"loc":{"start":{"line":13,"column":25},"end":{"line":15,"column":5}},"line":13},"4":{"name":"(anonymous_4)","decl":{"start":{"line":16,"column":4},"end":{"line":16,"column":5}},"loc":{"start":{"line":16,"column":24},"end":{"line":18,"column":5}},"line":16}},"branchMap":{},"s":{"0":1,"1":20,"2":20,"3":0,"4":1,"5":48,"6":1},"f":{"0":20,"1":20,"2":0,"3":1,"4":48},"b":{},"_coverageSchema":"332fd63041d2c1bcb487cc26dd0d5f7d97098a6c","hash":"ff83448b21cff925718dd80c147d1099de078b89","contentHash":"1612e7b3a0fea4b9841fa4bee78a42a9_11.3.0"},"C:\\Users\\Chih-Kae\\WebstormProjects\\project_team219\\src\\controller\\Dataset.js":{"path":"C:\\Users\\Chih-Kae\\WebstormProjects\\project_team219\\src\\controller\\Dataset.js","statementMap":{"0":{"start":{"line":2,"column":0},"end":{"line":2,"column":62}},"1":{"start":{"line":3,"column":15},"end":{"line":3,"column":33}},"2":{"start":{"line":4,"column":25},"end":{"line":4,"column":52}},"3":{"start":{"line":5,"column":14},"end":{"line":5,"column":30}},"4":{"start":{"line":6,"column":23},"end":{"line":6,"column":48}},"5":{"start":{"line":9,"column":0},"end":{"line":9,"column":26}},"6":{"start":{"line":12,"column":0},"end":{"line":12,"column":24}},"7":{"start":{"line":15,"column":0},"end":{"line":15,"column":26}},"8":{"start":{"line":18,"column":0},"end":{"line":18,"column":28}},"9":{"start":{"line":21,"column":0},"end":{"line":21,"column":20}},"10":{"start":{"line":23,"column":23},"end":{"line":23,"column":50}},"11":{"start":{"line":24,"column":19},"end":{"line":24,"column":21}},"12":{"start":{"line":25,"column":15},"end":{"line":25,"column":44}},"13":{"start":{"line":26,"column":4},"end":{"line":50,"column":7}},"14":{"start":{"line":27,"column":8},"end":{"line":38,"column":11}},"15":{"start":{"line":28,"column":12},"end":{"line":37,"column":13}},"16":{"start":{"line":29,"column":16},"end":{"line":36,"column":19}},"17":{"start":{"line":31,"column":37},"end":{"line":31,"column":62}},"18":{"start":{"line":32,"column":33},"end":{"line":32,"column":61}},"19":{"start":{"line":33,"column":20},"end":{"line":35,"column":21}},"20":{"start":{"line":34,"column":24},"end":{"line":34,"column":58}},"21":{"start":{"line":39,"column":8},"end":{"line":47,"column":11}},"22":{"start":{"line":40,"column":12},"end":{"line":40,"column":69}},"23":{"start":{"line":41,"column":12},"end":{"line":46,"column":13}},"24":{"start":{"line":42,"column":16},"end":{"line":42,"column":77}},"25":{"start":{"line":45,"column":16},"end":{"line":45,"column":125}},"26":{"start":{"line":49,"column":8},"end":{"line":49,"column":81}},"27":{"start":{"line":52,"column":0},"end":{"line":52,"column":46}},"28":{"start":{"line":54,"column":23},"end":{"line":54,"column":50}},"29":{"start":{"line":55,"column":19},"end":{"line":55,"column":21}},"30":{"start":{"line":56,"column":20},"end":{"line":56,"column":22}},"31":{"start":{"line":57,"column":16},"end":{"line":57,"column":18}},"32":{"start":{"line":58,"column":4},"end":{"line":102,"column":7}},"33":{"start":{"line":59,"column":8},"end":{"line":74,"column":11}},"34":{"start":{"line":60,"column":12},"end":{"line":73,"column":15}},"35":{"start":{"line":62,"column":31},"end":{"line":62,"column":59}},"36":{"start":{"line":63,"column":16},"end":{"line":72,"column":17}},"37":{"start":{"line":64,"column":39},"end":{"line":64,"column":83}},"38":{"start":{"line":65,"column":20},"end":{"line":65,"column":45}},"39":{"start":{"line":67,"column":21},"end":{"line":72,"column":17}},"40":{"start":{"line":68,"column":35},"end":{"line":68,"column":85}},"41":{"start":{"line":69,"column":20},"end":{"line":71,"column":21}},"42":{"start":{"line":70,"column":24},"end":{"line":70,"column":45}},"43":{"start":{"line":75,"column":8},"end":{"line":99,"column":11}},"44":{"start":{"line":76,"column":30},"end":{"line":76,"column":32}},"45":{"start":{"line":77,"column":12},"end":{"line":77,"column":47}},"46":{"start":{"line":78,"column":12},"end":{"line":85,"column":15}},"47":{"start":{"line":79,"column":16},"end":{"line":84,"column":19}},"48":{"start":{"line":80,"column":20},"end":{"line":83,"column":21}},"49":{"start":{"line":81,"column":24},"end":{"line":81,"column":56}},"50":{"start":{"line":82,"column":24},"end":{"line":82,"column":47}},"51":{"start":{"line":86,"column":30},"end":{"line":91,"column":14}},"52":{"start":{"line":87,"column":16},"end":{"line":90,"column":19}},"53":{"start":{"line":88,"column":20},"end":{"line":88,"column":39}},"54":{"start":{"line":89,"column":20},"end":{"line":89,"column":39}},"55":{"start":{"line":92,"column":12},"end":{"line":98,"column":15}},"56":{"start":{"line":93,"column":16},"end":{"line":93,"column":49}},"57":{"start":{"line":94,"column":16},"end":{"line":94,"column":58}},"58":{"start":{"line":95,"column":16},"end":{"line":97,"column":17}},"59":{"start":{"line":96,"column":20},"end":{"line":96,"column":81}},"60":{"start":{"line":101,"column":8},"end":{"line":101,"column":81}},"61":{"start":{"line":104,"column":0},"end":{"line":104,"column":42}},"62":{"start":{"line":106,"column":4},"end":{"line":106,"column":66}},"63":{"start":{"line":108,"column":0},"end":{"line":108,"column":32}},"64":{"start":{"line":110,"column":4},"end":{"line":112,"column":5}},"65":{"start":{"line":111,"column":8},"end":{"line":111,"column":17}},"66":{"start":{"line":113,"column":16},"end":{"line":113,"column":17}},"67":{"start":{"line":114,"column":4},"end":{"line":116,"column":7}},"68":{"start":{"line":115,"column":8},"end":{"line":115,"column":40}},"69":{"start":{"line":117,"column":4},"end":{"line":117,"column":17}},"70":{"start":{"line":119,"column":0},"end":{"line":119,"column":50}},"71":{"start":{"line":121,"column":18},"end":{"line":121,"column":31}},"72":{"start":{"line":122,"column":4},"end":{"line":122,"column":20}},"73":{"start":{"line":123,"column":4},"end":{"line":123,"column":24}},"74":{"start":{"line":124,"column":4},"end":{"line":124,"column":24}},"75":{"start":{"line":125,"column":4},"end":{"line":125,"column":25}},"76":{"start":{"line":126,"column":4},"end":{"line":126,"column":23}},"77":{"start":{"line":127,"column":4},"end":{"line":127,"column":19}},"78":{"start":{"line":129,"column":0},"end":{"line":129,"column":46}},"79":{"start":{"line":131,"column":13},"end":{"line":131,"column":26}},"80":{"start":{"line":132,"column":17},"end":{"line":132,"column":40}},"81":{"start":{"line":133,"column":4},"end":{"line":133,"column":45}},"82":{"start":{"line":134,"column":4},"end":{"line":134,"column":47}},"83":{"start":{"line":135,"column":4},"end":{"line":135,"column":41}},"84":{"start":{"line":137,"column":0},"end":{"line":137,"column":48}},"85":{"start":{"line":139,"column":13},"end":{"line":139,"column":26}},"86":{"start":{"line":140,"column":27},"end":{"line":140,"column":51}},"87":{"start":{"line":141,"column":4},"end":{"line":141,"column":28}},"88":{"start":{"line":143,"column":0},"end":{"line":143,"column":66}},"89":{"start":{"line":146,"column":4},"end":{"line":152,"column":5}},"90":{"start":{"line":147,"column":8},"end":{"line":147,"column":40}},"91":{"start":{"line":150,"column":8},"end":{"line":150,"column":75}},"92":{"start":{"line":151,"column":8},"end":{"line":151,"column":25}},"93":{"start":{"line":153,"column":18},"end":{"line":153,"column":40}},"94":{"start":{"line":154,"column":4},"end":{"line":156,"column":5}},"95":{"start":{"line":155,"column":8},"end":{"line":155,"column":25}},"96":{"start":{"line":157,"column":19},"end":{"line":157,"column":21}},"97":{"start":{"line":158,"column":4},"end":{"line":169,"column":5}},"98":{"start":{"line":159,"column":8},"end":{"line":164,"column":9}},"99":{"start":{"line":160,"column":12},"end":{"line":163,"column":13}},"100":{"start":{"line":161,"column":24},"end":{"line":161,"column":51}},"101":{"start":{"line":162,"column":16},"end":{"line":162,"column":33}},"102":{"start":{"line":165,"column":21},"end":{"line":165,"column":33}},"103":{"start":{"line":166,"column":8},"end":{"line":166,"column":31}},"104":{"start":{"line":167,"column":8},"end":{"line":167,"column":35}},"105":{"start":{"line":168,"column":8},"end":{"line":168,"column":22}},"106":{"start":{"line":171,"column":0},"end":{"line":171,"column":34}},"107":{"start":{"line":173,"column":4},"end":{"line":177,"column":5}},"108":{"start":{"line":174,"column":8},"end":{"line":176,"column":9}},"109":{"start":{"line":175,"column":12},"end":{"line":175,"column":25}},"110":{"start":{"line":178,"column":4},"end":{"line":178,"column":16}},"111":{"start":{"line":181,"column":15},"end":{"line":181,"column":28}},"112":{"start":{"line":182,"column":4},"end":{"line":182,"column":29}},"113":{"start":{"line":183,"column":4},"end":{"line":183,"column":38}},"114":{"start":{"line":184,"column":4},"end":{"line":184,"column":40}},"115":{"start":{"line":185,"column":4},"end":{"line":185,"column":31}},"116":{"start":{"line":186,"column":4},"end":{"line":186,"column":29}},"117":{"start":{"line":187,"column":4},"end":{"line":187,"column":29}},"118":{"start":{"line":188,"column":4},"end":{"line":188,"column":31}},"119":{"start":{"line":189,"column":4},"end":{"line":189,"column":27}},"120":{"start":{"line":190,"column":4},"end":{"line":195,"column":5}},"121":{"start":{"line":191,"column":8},"end":{"line":191,"column":25}},"122":{"start":{"line":194,"column":8},"end":{"line":194,"column":41}},"123":{"start":{"line":196,"column":4},"end":{"line":196,"column":32}},"124":{"start":{"line":197,"column":4},"end":{"line":197,"column":16}}},"fnMap":{"0":{"name":"addCoursesDataset","decl":{"start":{"line":22,"column":9},"end":{"line":22,"column":26}},"loc":{"start":{"line":22,"column":46},"end":{"line":51,"column":1}},"line":22},"1":{"name":"(anonymous_1)","decl":{"start":{"line":26,"column":38},"end":{"line":26,"column":39}},"loc":{"start":{"line":26,"column":53},"end":{"line":48,"column":5}},"line":26},"2":{"name":"(anonymous_2)","decl":{"start":{"line":27,"column":46},"end":{"line":27,"column":47}},"loc":{"start":{"line":27,"column":66},"end":{"line":38,"column":9}},"line":27},"3":{"name":"(anonymous_3)","decl":{"start":{"line":30,"column":26},"end":{"line":30,"column":27}},"loc":{"start":{"line":30,"column":41},"end":{"line":36,"column":17}},"line":30},"4":{"name":"(anonymous_4)","decl":{"start":{"line":39,"column":42},"end":{"line":39,"column":43}},"loc":{"start":{"line":39,"column":48},"end":{"line":47,"column":9}},"line":39},"5":{"name":"(anonymous_5)","decl":{"start":{"line":48,"column":13},"end":{"line":48,"column":14}},"loc":{"start":{"line":48,"column":22},"end":{"line":50,"column":5}},"line":48},"6":{"name":"addRoomsDataset","decl":{"start":{"line":53,"column":9},"end":{"line":53,"column":24}},"loc":{"start":{"line":53,"column":44},"end":{"line":103,"column":1}},"line":53},"7":{"name":"(anonymous_7)","decl":{"start":{"line":58,"column":63},"end":{"line":58,"column":64}},"loc":{"start":{"line":58,"column":78},"end":{"line":100,"column":5}},"line":58},"8":{"name":"(anonymous_8)","decl":{"start":{"line":59,"column":46},"end":{"line":59,"column":47}},"loc":{"start":{"line":59,"column":66},"end":{"line":74,"column":9}},"line":59},"9":{"name":"(anonymous_9)","decl":{"start":{"line":61,"column":22},"end":{"line":61,"column":23}},"loc":{"start":{"line":61,"column":37},"end":{"line":73,"column":13}},"line":61},"10":{"name":"(anonymous_10)","decl":{"start":{"line":75,"column":42},"end":{"line":75,"column":43}},"loc":{"start":{"line":75,"column":48},"end":{"line":99,"column":9}},"line":75},"11":{"name":"(anonymous_11)","decl":{"start":{"line":78,"column":26},"end":{"line":78,"column":27}},"loc":{"start":{"line":78,"column":36},"end":{"line":85,"column":13}},"line":78},"12":{"name":"(anonymous_12)","decl":{"start":{"line":79,"column":34},"end":{"line":79,"column":35}},"loc":{"start":{"line":79,"column":48},"end":{"line":84,"column":17}},"line":79},"13":{"name":"(anonymous_13)","decl":{"start":{"line":86,"column":46},"end":{"line":86,"column":47}},"loc":{"start":{"line":86,"column":56},"end":{"line":91,"column":13}},"line":86},"14":{"name":"(anonymous_14)","decl":{"start":{"line":87,"column":72},"end":{"line":87,"column":73}},"loc":{"start":{"line":87,"column":81},"end":{"line":90,"column":17}},"line":87},"15":{"name":"(anonymous_15)","decl":{"start":{"line":92,"column":49},"end":{"line":92,"column":50}},"loc":{"start":{"line":92,"column":55},"end":{"line":98,"column":13}},"line":92},"16":{"name":"(anonymous_16)","decl":{"start":{"line":100,"column":13},"end":{"line":100,"column":14}},"loc":{"start":{"line":100,"column":22},"end":{"line":102,"column":5}},"line":100},"17":{"name":"validateId","decl":{"start":{"line":105,"column":9},"end":{"line":105,"column":19}},"loc":{"start":{"line":105,"column":24},"end":{"line":107,"column":1}},"line":105},"18":{"name":"getNumberOfSections","decl":{"start":{"line":109,"column":9},"end":{"line":109,"column":28}},"loc":{"start":{"line":109,"column":38},"end":{"line":118,"column":1}},"line":109},"19":{"name":"(anonymous_19)","decl":{"start":{"line":114,"column":28},"end":{"line":114,"column":29}},"loc":{"start":{"line":114,"column":46},"end":{"line":116,"column":5}},"line":114},"20":{"name":"initializeDataset","decl":{"start":{"line":120,"column":9},"end":{"line":120,"column":26}},"loc":{"start":{"line":120,"column":37},"end":{"line":128,"column":1}},"line":120},"21":{"name":"writeDatasetToDisk","decl":{"start":{"line":130,"column":9},"end":{"line":130,"column":27}},"loc":{"start":{"line":130,"column":41},"end":{"line":136,"column":1}},"line":130},"22":{"name":"getCurrentlyAddedDatasetIds","decl":{"start":{"line":138,"column":9},"end":{"line":138,"column":36}},"loc":{"start":{"line":138,"column":39},"end":{"line":142,"column":1}},"line":138},"23":{"name":"parseCourse","decl":{"start":{"line":144,"column":9},"end":{"line":144,"column":20}},"loc":{"start":{"line":144,"column":37},"end":{"line":170,"column":1}},"line":144},"24":{"name":"isEmpty","decl":{"start":{"line":172,"column":9},"end":{"line":172,"column":16}},"loc":{"start":{"line":172,"column":22},"end":{"line":179,"column":1}},"line":172},"25":{"name":"extractSectionData","decl":{"start":{"line":180,"column":9},"end":{"line":180,"column":27}},"loc":{"start":{"line":180,"column":37},"end":{"line":198,"column":1}},"line":180}},"branchMap":{"0":{"loc":{"start":{"line":28,"column":12},"end":{"line":37,"column":13}},"type":"if","locations":[{"start":{"line":28,"column":12},"end":{"line":37,"column":13}},{"start":{"line":28,"column":12},"end":{"line":37,"column":13}}],"line":28},"1":{"loc":{"start":{"line":33,"column":20},"end":{"line":35,"column":21}},"type":"if","locations":[{"start":{"line":33,"column":20},"end":{"line":35,"column":21}},{"start":{"line":33,"column":20},"end":{"line":35,"column":21}}],"line":33},"2":{"loc":{"start":{"line":41,"column":12},"end":{"line":46,"column":13}},"type":"if","locations":[{"start":{"line":41,"column":12},"end":{"line":46,"column":13}},{"start":{"line":41,"column":12},"end":{"line":46,"column":13}}],"line":41},"3":{"loc":{"start":{"line":63,"column":16},"end":{"line":72,"column":17}},"type":"if","locations":[{"start":{"line":63,"column":16},"end":{"line":72,"column":17}},{"start":{"line":63,"column":16},"end":{"line":72,"column":17}}],"line":63},"4":{"loc":{"start":{"line":67,"column":21},"end":{"line":72,"column":17}},"type":"if","locations":[{"start":{"line":67,"column":21},"end":{"line":72,"column":17}},{"start":{"line":67,"column":21},"end":{"line":72,"column":17}}],"line":67},"5":{"loc":{"start":{"line":69,"column":20},"end":{"line":71,"column":21}},"type":"if","locations":[{"start":{"line":69,"column":20},"end":{"line":71,"column":21}},{"start":{"line":69,"column":20},"end":{"line":71,"column":21}}],"line":69},"6":{"loc":{"start":{"line":80,"column":20},"end":{"line":83,"column":21}},"type":"if","locations":[{"start":{"line":80,"column":20},"end":{"line":83,"column":21}},{"start":{"line":80,"column":20},"end":{"line":83,"column":21}}],"line":80},"7":{"loc":{"start":{"line":95,"column":16},"end":{"line":97,"column":17}},"type":"if","locations":[{"start":{"line":95,"column":16},"end":{"line":97,"column":17}},{"start":{"line":95,"column":16},"end":{"line":97,"column":17}}],"line":95},"8":{"loc":{"start":{"line":106,"column":13},"end":{"line":106,"column":64}},"type":"binary-expr","locations":[{"start":{"line":106,"column":13},"end":{"line":106,"column":24}},{"start":{"line":106,"column":28},"end":{"line":106,"column":44}},{"start":{"line":106,"column":48},"end":{"line":106,"column":64}}],"line":106},"9":{"loc":{"start":{"line":110,"column":4},"end":{"line":112,"column":5}},"type":"if","locations":[{"start":{"line":110,"column":4},"end":{"line":112,"column":5}},{"start":{"line":110,"column":4},"end":{"line":112,"column":5}}],"line":110},"10":{"loc":{"start":{"line":154,"column":4},"end":{"line":156,"column":5}},"type":"if","locations":[{"start":{"line":154,"column":4},"end":{"line":156,"column":5}},{"start":{"line":154,"column":4},"end":{"line":156,"column":5}}],"line":154},"11":{"loc":{"start":{"line":154,"column":8},"end":{"line":154,"column":49}},"type":"binary-expr","locations":[{"start":{"line":154,"column":8},"end":{"line":154,"column":29}},{"start":{"line":154,"column":33},"end":{"line":154,"column":49}}],"line":154},"12":{"loc":{"start":{"line":158,"column":4},"end":{"line":169,"column":5}},"type":"if","locations":[{"start":{"line":158,"column":4},"end":{"line":169,"column":5}},{"start":{"line":158,"column":4},"end":{"line":169,"column":5}}],"line":158},"13":{"loc":{"start":{"line":160,"column":12},"end":{"line":163,"column":13}},"type":"if","locations":[{"start":{"line":160,"column":12},"end":{"line":163,"column":13}},{"start":{"line":160,"column":12},"end":{"line":163,"column":13}}],"line":160},"14":{"loc":{"start":{"line":174,"column":8},"end":{"line":176,"column":9}},"type":"if","locations":[{"start":{"line":174,"column":8},"end":{"line":176,"column":9}},{"start":{"line":174,"column":8},"end":{"line":176,"column":9}}],"line":174},"15":{"loc":{"start":{"line":190,"column":4},"end":{"line":195,"column":5}},"type":"if","locations":[{"start":{"line":190,"column":4},"end":{"line":195,"column":5}},{"start":{"line":190,"column":4},"end":{"line":195,"column":5}}],"line":190}},"s":{"0":1,"1":1,"2":1,"3":1,"4":1,"5":1,"6":1,"7":1,"8":1,"9":1,"10":14,"11":14,"12":14,"13":14,"14":13,"15":29733,"16":29728,"17":29728,"18":29728,"19":29728,"20":17950,"21":13,"22":13,"23":13,"24":9,"25":4,"26":5,"27":1,"28":4,"29":4,"30":4,"31":4,"32":4,"33":4,"34":324,"35":324,"36":324,"37":4,"38":4,"39":320,"40":304,"41":304,"42":184,"43":4,"44":4,"45":4,"46":4,"47":1464,"48":108336,"49":1456,"50":1456,"51":4,"52":1456,"53":791,"54":791,"55":4,"56":1,"57":1,"58":1,"59":1,"60":0,"61":1,"62":25,"63":1,"64":13,"65":3,"66":10,"67":10,"68":17950,"69":10,"70":1,"71":18,"72":18,"73":18,"74":18,"75":18,"76":18,"77":18,"78":1,"79":10,"80":10,"81":10,"82":10,"83":10,"84":1,"85":31,"86":31,"87":31,"88":1,"89":29728,"90":29728,"91":1,"92":1,"93":29727,"94":29727,"95":2,"96":29725,"97":29725,"98":17950,"99":323065,"100":323064,"101":323064,"102":17950,"103":17950,"104":17950,"105":17950,"106":1,"107":323065,"108":323064,"109":323064,"110":1,"111":323064,"112":323064,"113":323064,"114":323064,"115":323064,"116":323064,"117":323064,"118":323064,"119":323064,"120":323064,"121":123105,"122":199959,"123":323064,"124":323064},"f":{"0":14,"1":13,"2":29733,"3":29728,"4":13,"5":5,"6":4,"7":4,"8":324,"9":324,"10":4,"11":1464,"12":108336,"13":1456,"14":791,"15":1,"16":0,"17":25,"18":13,"19":17950,"20":18,"21":10,"22":31,"23":29728,"24":323065,"25":323064},"b":{"0":[29728,5],"1":[17950,11778],"2":[9,4],"3":[4,320],"4":[304,16],"5":[184,120],"6":[1456,106880],"7":[1,0],"8":[25,24,23],"9":[3,10],"10":[2,29725],"11":[29727,29726],"12":[17950,11775],"13":[323064,1],"14":[323064,0],"15":[123105,199959]},"_coverageSchema":"332fd63041d2c1bcb487cc26dd0d5f7d97098a6c","hash":"5bbf6dea1a0e42abd5e0995d154de77b56bb2b74","contentHash":"79a10be958197a3949ad5ade44d7da22_11.3.0"},"C:\\Users\\Chih-Kae\\WebstormProjects\\project_team219\\src\\controller\\DomTraverser.js":{"path":"C:\\Users\\Chih-Kae\\WebstormProjects\\project_team219\\src\\controller\\DomTraverser.js","statementMap":{"0":{"start":{"line":2,"column":0},"end":{"line":2,"column":62}},"1":{"start":{"line":3,"column":15},"end":{"line":3,"column":33}},"2":{"start":{"line":4,"column":18},"end":{"line":4,"column":38}},"3":{"start":{"line":6,"column":19},"end":{"line":6,"column":40}},"4":{"start":{"line":7,"column":4},"end":{"line":9,"column":5}},"5":{"start":{"line":8,"column":8},"end":{"line":8,"column":25}},"6":{"start":{"line":10,"column":19},"end":{"line":10,"column":40}},"7":{"start":{"line":11,"column":18},"end":{"line":11,"column":38}},"8":{"start":{"line":12,"column":4},"end":{"line":14,"column":5}},"9":{"start":{"line":13,"column":8},"end":{"line":13,"column":25}},"10":{"start":{"line":15,"column":18},"end":{"line":15,"column":48}},"11":{"start":{"line":16,"column":4},"end":{"line":18,"column":5}},"12":{"start":{"line":17,"column":8},"end":{"line":17,"column":25}},"13":{"start":{"line":19,"column":16},"end":{"line":19,"column":18}},"14":{"start":{"line":20,"column":4},"end":{"line":47,"column":7}},"15":{"start":{"line":21,"column":19},"end":{"line":21,"column":39}},"16":{"start":{"line":22,"column":8},"end":{"line":41,"column":11}},"17":{"start":{"line":23,"column":12},"end":{"line":28,"column":13}},"18":{"start":{"line":24,"column":33},"end":{"line":24,"column":63}},"19":{"start":{"line":25,"column":16},"end":{"line":25,"column":70}},"20":{"start":{"line":26,"column":42},"end":{"line":26,"column":84}},"21":{"start":{"line":27,"column":16},"end":{"line":27,"column":66}},"22":{"start":{"line":29,"column":12},"end":{"line":32,"column":13}},"23":{"start":{"line":30,"column":32},"end":{"line":30,"column":66}},"24":{"start":{"line":31,"column":16},"end":{"line":31,"column":63}},"25":{"start":{"line":33,"column":12},"end":{"line":36,"column":13}},"26":{"start":{"line":34,"column":32},"end":{"line":34,"column":66}},"27":{"start":{"line":35,"column":16},"end":{"line":35,"column":59}},"28":{"start":{"line":37,"column":12},"end":{"line":40,"column":13}},"29":{"start":{"line":38,"column":32},"end":{"line":38,"column":66}},"30":{"start":{"line":39,"column":16},"end":{"line":39,"column":54}},"31":{"start":{"line":42,"column":29},"end":{"line":42,"column":78}},"32":{"start":{"line":43,"column":8},"end":{"line":43,"column":40}},"33":{"start":{"line":44,"column":8},"end":{"line":44,"column":33}},"34":{"start":{"line":45,"column":8},"end":{"line":45,"column":55}},"35":{"start":{"line":46,"column":8},"end":{"line":46,"column":25}},"36":{"start":{"line":48,"column":4},"end":{"line":50,"column":7}},"37":{"start":{"line":49,"column":8},"end":{"line":49,"column":33}},"38":{"start":{"line":51,"column":4},"end":{"line":51,"column":17}},"39":{"start":{"line":53,"column":0},"end":{"line":53,"column":42}},"40":{"start":{"line":56,"column":4},"end":{"line":63,"column":7}},"41":{"start":{"line":57,"column":8},"end":{"line":62,"column":9}},"42":{"start":{"line":58,"column":28},"end":{"line":58,"column":60}},"43":{"start":{"line":59,"column":12},"end":{"line":61,"column":13}},"44":{"start":{"line":60,"column":16},"end":{"line":60,"column":60}},"45":{"start":{"line":64,"column":4},"end":{"line":64,"column":20}},"46":{"start":{"line":67,"column":18},"end":{"line":67,"column":20}},"47":{"start":{"line":68,"column":4},"end":{"line":72,"column":7}},"48":{"start":{"line":69,"column":8},"end":{"line":71,"column":9}},"49":{"start":{"line":70,"column":12},"end":{"line":70,"column":31}},"50":{"start":{"line":73,"column":4},"end":{"line":73,"column":19}},"51":{"start":{"line":76,"column":18},"end":{"line":76,"column":20}},"52":{"start":{"line":77,"column":4},"end":{"line":82,"column":7}},"53":{"start":{"line":78,"column":23},"end":{"line":78,"column":55}},"54":{"start":{"line":79,"column":8},"end":{"line":81,"column":9}},"55":{"start":{"line":80,"column":12},"end":{"line":80,"column":35}},"56":{"start":{"line":83,"column":4},"end":{"line":83,"column":19}},"57":{"start":{"line":86,"column":19},"end":{"line":86,"column":40}},"58":{"start":{"line":87,"column":18},"end":{"line":87,"column":20}},"59":{"start":{"line":88,"column":4},"end":{"line":92,"column":7}},"60":{"start":{"line":89,"column":8},"end":{"line":91,"column":9}},"61":{"start":{"line":90,"column":12},"end":{"line":90,"column":31}},"62":{"start":{"line":93,"column":18},"end":{"line":93,"column":20}},"63":{"start":{"line":94,"column":4},"end":{"line":99,"column":7}},"64":{"start":{"line":95,"column":23},"end":{"line":95,"column":55}},"65":{"start":{"line":96,"column":8},"end":{"line":98,"column":9}},"66":{"start":{"line":97,"column":12},"end":{"line":97,"column":35}},"67":{"start":{"line":100,"column":20},"end":{"line":100,"column":22}},"68":{"start":{"line":101,"column":4},"end":{"line":114,"column":7}},"69":{"start":{"line":102,"column":23},"end":{"line":102,"column":47}},"70":{"start":{"line":103,"column":8},"end":{"line":112,"column":11}},"71":{"start":{"line":104,"column":12},"end":{"line":107,"column":13}},"72":{"start":{"line":105,"column":32},"end":{"line":105,"column":66}},"73":{"start":{"line":106,"column":16},"end":{"line":106,"column":63}},"74":{"start":{"line":108,"column":12},"end":{"line":111,"column":13}},"75":{"start":{"line":109,"column":32},"end":{"line":109,"column":66}},"76":{"start":{"line":110,"column":16},"end":{"line":110,"column":61}},"77":{"start":{"line":113,"column":8},"end":{"line":113,"column":33}},"78":{"start":{"line":115,"column":4},"end":{"line":117,"column":7}},"79":{"start":{"line":116,"column":8},"end":{"line":116,"column":33}},"80":{"start":{"line":118,"column":4},"end":{"line":118,"column":21}},"81":{"start":{"line":120,"column":0},"end":{"line":120,"column":50}},"82":{"start":{"line":122,"column":21},"end":{"line":122,"column":31}},"83":{"start":{"line":123,"column":4},"end":{"line":127,"column":5}},"84":{"start":{"line":124,"column":8},"end":{"line":126,"column":9}},"85":{"start":{"line":125,"column":12},"end":{"line":125,"column":24}},"86":{"start":{"line":128,"column":4},"end":{"line":128,"column":17}},"87":{"start":{"line":131,"column":21},"end":{"line":131,"column":31}},"88":{"start":{"line":132,"column":4},"end":{"line":136,"column":5}},"89":{"start":{"line":133,"column":8},"end":{"line":135,"column":9}},"90":{"start":{"line":134,"column":12},"end":{"line":134,"column":29}},"91":{"start":{"line":137,"column":4},"end":{"line":137,"column":21}},"92":{"start":{"line":140,"column":21},"end":{"line":140,"column":36}},"93":{"start":{"line":141,"column":29},"end":{"line":141,"column":31}},"94":{"start":{"line":142,"column":4},"end":{"line":146,"column":5}},"95":{"start":{"line":143,"column":8},"end":{"line":145,"column":9}},"96":{"start":{"line":144,"column":12},"end":{"line":144,"column":47}},"97":{"start":{"line":147,"column":4},"end":{"line":147,"column":30}},"98":{"start":{"line":150,"column":16},"end":{"line":150,"column":18}},"99":{"start":{"line":151,"column":4},"end":{"line":163,"column":5}},"100":{"start":{"line":153,"column":8},"end":{"line":162,"column":9}},"101":{"start":{"line":154,"column":12},"end":{"line":157,"column":13}},"102":{"start":{"line":155,"column":27},"end":{"line":155,"column":45}},"103":{"start":{"line":156,"column":16},"end":{"line":156,"column":33}},"104":{"start":{"line":158,"column":30},"end":{"line":158,"column":61}},"105":{"start":{"line":159,"column":12},"end":{"line":161,"column":15}},"106":{"start":{"line":160,"column":16},"end":{"line":160,"column":30}},"107":{"start":{"line":164,"column":4},"end":{"line":164,"column":21}},"108":{"start":{"line":165,"column":4},"end":{"line":165,"column":17}},"109":{"start":{"line":168,"column":17},"end":{"line":168,"column":32}},"110":{"start":{"line":169,"column":28},"end":{"line":169,"column":55}},"111":{"start":{"line":170,"column":14},"end":{"line":170,"column":97}},"112":{"start":{"line":172,"column":4},"end":{"line":183,"column":7}},"113":{"start":{"line":173,"column":8},"end":{"line":182,"column":11}},"114":{"start":{"line":174,"column":30},"end":{"line":174,"column":57}},"115":{"start":{"line":175,"column":24},"end":{"line":175,"column":41}},"116":{"start":{"line":176,"column":22},"end":{"line":176,"column":37}},"117":{"start":{"line":177,"column":22},"end":{"line":177,"column":37}},"118":{"start":{"line":178,"column":12},"end":{"line":178,"column":85}},"119":{"start":{"line":179,"column":12},"end":{"line":179,"column":35}},"120":{"start":{"line":181,"column":12},"end":{"line":181,"column":28}},"121":{"start":{"line":185,"column":0},"end":{"line":185,"column":40}},"122":{"start":{"line":187,"column":4},"end":{"line":196,"column":7}},"123":{"start":{"line":188,"column":21},"end":{"line":188,"column":36}},"124":{"start":{"line":189,"column":32},"end":{"line":189,"column":59}},"125":{"start":{"line":190,"column":18},"end":{"line":190,"column":101}},"126":{"start":{"line":191,"column":8},"end":{"line":195,"column":11}},"127":{"start":{"line":192,"column":12},"end":{"line":194,"column":15}},"128":{"start":{"line":193,"column":16},"end":{"line":193,"column":53}},"129":{"start":{"line":198,"column":0},"end":{"line":198,"column":40}}},"fnMap":{"0":{"name":"extractRoomData","decl":{"start":{"line":5,"column":9},"end":{"line":5,"column":24}},"loc":{"start":{"line":5,"column":45},"end":{"line":52,"column":1}},"line":5},"1":{"name":"(anonymous_1)","decl":{"start":{"line":20,"column":20},"end":{"line":20,"column":21}},"loc":{"start":{"line":20,"column":40},"end":{"line":47,"column":5}},"line":20},"2":{"name":"(anonymous_2)","decl":{"start":{"line":22,"column":31},"end":{"line":22,"column":32}},"loc":{"start":{"line":22,"column":42},"end":{"line":41,"column":9}},"line":22},"3":{"name":"(anonymous_3)","decl":{"start":{"line":48,"column":25},"end":{"line":48,"column":26}},"loc":{"start":{"line":48,"column":44},"end":{"line":50,"column":5}},"line":48},"4":{"name":"getFullName","decl":{"start":{"line":54,"column":9},"end":{"line":54,"column":20}},"loc":{"start":{"line":54,"column":31},"end":{"line":65,"column":1}},"line":54},"5":{"name":"(anonymous_5)","decl":{"start":{"line":56,"column":21},"end":{"line":56,"column":22}},"loc":{"start":{"line":56,"column":31},"end":{"line":63,"column":5}},"line":56},"6":{"name":"getTrNodes","decl":{"start":{"line":66,"column":9},"end":{"line":66,"column":19}},"loc":{"start":{"line":66,"column":30},"end":{"line":74,"column":1}},"line":66},"7":{"name":"(anonymous_7)","decl":{"start":{"line":68,"column":21},"end":{"line":68,"column":22}},"loc":{"start":{"line":68,"column":31},"end":{"line":72,"column":5}},"line":68},"8":{"name":"getTdNodesFromTrNodes","decl":{"start":{"line":75,"column":9},"end":{"line":75,"column":30}},"loc":{"start":{"line":75,"column":40},"end":{"line":84,"column":1}},"line":75},"9":{"name":"(anonymous_9)","decl":{"start":{"line":77,"column":20},"end":{"line":77,"column":21}},"loc":{"start":{"line":77,"column":32},"end":{"line":82,"column":5}},"line":77},"10":{"name":"extractBuildingData","decl":{"start":{"line":85,"column":9},"end":{"line":85,"column":28}},"loc":{"start":{"line":85,"column":39},"end":{"line":119,"column":1}},"line":85},"11":{"name":"(anonymous_11)","decl":{"start":{"line":88,"column":21},"end":{"line":88,"column":22}},"loc":{"start":{"line":88,"column":31},"end":{"line":92,"column":5}},"line":88},"12":{"name":"(anonymous_12)","decl":{"start":{"line":94,"column":20},"end":{"line":94,"column":21}},"loc":{"start":{"line":94,"column":32},"end":{"line":99,"column":5}},"line":94},"13":{"name":"(anonymous_13)","decl":{"start":{"line":101,"column":20},"end":{"line":101,"column":21}},"loc":{"start":{"line":101,"column":40},"end":{"line":114,"column":5}},"line":101},"14":{"name":"(anonymous_14)","decl":{"start":{"line":103,"column":31},"end":{"line":103,"column":32}},"loc":{"start":{"line":103,"column":42},"end":{"line":112,"column":9}},"line":103},"15":{"name":"(anonymous_15)","decl":{"start":{"line":115,"column":33},"end":{"line":115,"column":34}},"loc":{"start":{"line":115,"column":56},"end":{"line":117,"column":5}},"line":115},"16":{"name":"hasAttribute","decl":{"start":{"line":121,"column":9},"end":{"line":121,"column":21}},"loc":{"start":{"line":121,"column":44},"end":{"line":129,"column":1}},"line":121},"17":{"name":"getAttribute","decl":{"start":{"line":130,"column":9},"end":{"line":130,"column":21}},"loc":{"start":{"line":130,"column":43},"end":{"line":138,"column":1}},"line":130},"18":{"name":"getGivenChildNodes","decl":{"start":{"line":139,"column":9},"end":{"line":139,"column":27}},"loc":{"start":{"line":139,"column":44},"end":{"line":148,"column":1}},"line":139},"19":{"name":"getAllNodes","decl":{"start":{"line":149,"column":9},"end":{"line":149,"column":20}},"loc":{"start":{"line":149,"column":27},"end":{"line":166,"column":1}},"line":149},"20":{"name":"(anonymous_20)","decl":{"start":{"line":159,"column":28},"end":{"line":159,"column":29}},"loc":{"start":{"line":159,"column":35},"end":{"line":161,"column":13}},"line":159},"21":{"name":"getGeoResponse","decl":{"start":{"line":167,"column":9},"end":{"line":167,"column":23}},"loc":{"start":{"line":167,"column":33},"end":{"line":184,"column":1}},"line":167},"22":{"name":"(anonymous_22)","decl":{"start":{"line":172,"column":25},"end":{"line":172,"column":26}},"loc":{"start":{"line":172,"column":40},"end":{"line":183,"column":5}},"line":172},"23":{"name":"(anonymous_23)","decl":{"start":{"line":173,"column":23},"end":{"line":173,"column":24}},"loc":{"start":{"line":173,"column":33},"end":{"line":180,"column":9}},"line":173},"24":{"name":"(anonymous_24)","decl":{"start":{"line":180,"column":16},"end":{"line":180,"column":17}},"loc":{"start":{"line":180,"column":22},"end":{"line":182,"column":9}},"line":180},"25":{"name":"getGeoLocation","decl":{"start":{"line":186,"column":9},"end":{"line":186,"column":23}},"loc":{"start":{"line":186,"column":33},"end":{"line":197,"column":1}},"line":186},"26":{"name":"(anonymous_26)","decl":{"start":{"line":187,"column":23},"end":{"line":187,"column":24}},"loc":{"start":{"line":187,"column":44},"end":{"line":196,"column":5}},"line":187},"27":{"name":"(anonymous_27)","decl":{"start":{"line":191,"column":29},"end":{"line":191,"column":30}},"loc":{"start":{"line":191,"column":44},"end":{"line":195,"column":9}},"line":191},"28":{"name":"(anonymous_28)","decl":{"start":{"line":192,"column":27},"end":{"line":192,"column":28}},"loc":{"start":{"line":192,"column":37},"end":{"line":194,"column":13}},"line":192}},"branchMap":{"0":{"loc":{"start":{"line":7,"column":4},"end":{"line":9,"column":5}},"type":"if","locations":[{"start":{"line":7,"column":4},"end":{"line":9,"column":5}},{"start":{"line":7,"column":4},"end":{"line":9,"column":5}}],"line":7},"1":{"loc":{"start":{"line":12,"column":4},"end":{"line":14,"column":5}},"type":"if","locations":[{"start":{"line":12,"column":4},"end":{"line":14,"column":5}},{"start":{"line":12,"column":4},"end":{"line":14,"column":5}}],"line":12},"2":{"loc":{"start":{"line":16,"column":4},"end":{"line":18,"column":5}},"type":"if","locations":[{"start":{"line":16,"column":4},"end":{"line":18,"column":5}},{"start":{"line":16,"column":4},"end":{"line":18,"column":5}}],"line":16},"3":{"loc":{"start":{"line":23,"column":12},"end":{"line":28,"column":13}},"type":"if","locations":[{"start":{"line":23,"column":12},"end":{"line":28,"column":13}},{"start":{"line":23,"column":12},"end":{"line":28,"column":13}}],"line":23},"4":{"loc":{"start":{"line":29,"column":12},"end":{"line":32,"column":13}},"type":"if","locations":[{"start":{"line":29,"column":12},"end":{"line":32,"column":13}},{"start":{"line":29,"column":12},"end":{"line":32,"column":13}}],"line":29},"5":{"loc":{"start":{"line":33,"column":12},"end":{"line":36,"column":13}},"type":"if","locations":[{"start":{"line":33,"column":12},"end":{"line":36,"column":13}},{"start":{"line":33,"column":12},"end":{"line":36,"column":13}}],"line":33},"6":{"loc":{"start":{"line":37,"column":12},"end":{"line":40,"column":13}},"type":"if","locations":[{"start":{"line":37,"column":12},"end":{"line":40,"column":13}},{"start":{"line":37,"column":12},"end":{"line":40,"column":13}}],"line":37},"7":{"loc":{"start":{"line":57,"column":8},"end":{"line":62,"column":9}},"type":"if","locations":[{"start":{"line":57,"column":8},"end":{"line":62,"column":9}},{"start":{"line":57,"column":8},"end":{"line":62,"column":9}}],"line":57},"8":{"loc":{"start":{"line":59,"column":12},"end":{"line":61,"column":13}},"type":"if","locations":[{"start":{"line":59,"column":12},"end":{"line":61,"column":13}},{"start":{"line":59,"column":12},"end":{"line":61,"column":13}}],"line":59},"9":{"loc":{"start":{"line":59,"column":16},"end":{"line":59,"column":85}},"type":"binary-expr","locations":[{"start":{"line":59,"column":16},"end":{"line":59,"column":38}},{"start":{"line":59,"column":42},"end":{"line":59,"column":85}}],"line":59},"10":{"loc":{"start":{"line":69,"column":8},"end":{"line":71,"column":9}},"type":"if","locations":[{"start":{"line":69,"column":8},"end":{"line":71,"column":9}},{"start":{"line":69,"column":8},"end":{"line":71,"column":9}}],"line":69},"11":{"loc":{"start":{"line":79,"column":8},"end":{"line":81,"column":9}},"type":"if","locations":[{"start":{"line":79,"column":8},"end":{"line":81,"column":9}},{"start":{"line":79,"column":8},"end":{"line":81,"column":9}}],"line":79},"12":{"loc":{"start":{"line":89,"column":8},"end":{"line":91,"column":9}},"type":"if","locations":[{"start":{"line":89,"column":8},"end":{"line":91,"column":9}},{"start":{"line":89,"column":8},"end":{"line":91,"column":9}}],"line":89},"13":{"loc":{"start":{"line":96,"column":8},"end":{"line":98,"column":9}},"type":"if","locations":[{"start":{"line":96,"column":8},"end":{"line":98,"column":9}},{"start":{"line":96,"column":8},"end":{"line":98,"column":9}}],"line":96},"14":{"loc":{"start":{"line":104,"column":12},"end":{"line":107,"column":13}},"type":"if","locations":[{"start":{"line":104,"column":12},"end":{"line":107,"column":13}},{"start":{"line":104,"column":12},"end":{"line":107,"column":13}}],"line":104},"15":{"loc":{"start":{"line":108,"column":12},"end":{"line":111,"column":13}},"type":"if","locations":[{"start":{"line":108,"column":12},"end":{"line":111,"column":13}},{"start":{"line":108,"column":12},"end":{"line":111,"column":13}}],"line":108},"16":{"loc":{"start":{"line":124,"column":8},"end":{"line":126,"column":9}},"type":"if","locations":[{"start":{"line":124,"column":8},"end":{"line":126,"column":9}},{"start":{"line":124,"column":8},"end":{"line":126,"column":9}}],"line":124},"17":{"loc":{"start":{"line":124,"column":12},"end":{"line":124,"column":101}},"type":"binary-expr","locations":[{"start":{"line":124,"column":12},"end":{"line":124,"column":46}},{"start":{"line":124,"column":50},"end":{"line":124,"column":101}}],"line":124},"18":{"loc":{"start":{"line":133,"column":8},"end":{"line":135,"column":9}},"type":"if","locations":[{"start":{"line":133,"column":8},"end":{"line":135,"column":9}},{"start":{"line":133,"column":8},"end":{"line":135,"column":9}}],"line":133},"19":{"loc":{"start":{"line":133,"column":12},"end":{"line":133,"column":97}},"type":"binary-expr","locations":[{"start":{"line":133,"column":12},"end":{"line":133,"column":44}},{"start":{"line":133,"column":48},"end":{"line":133,"column":97}}],"line":133},"20":{"loc":{"start":{"line":143,"column":8},"end":{"line":145,"column":9}},"type":"if","locations":[{"start":{"line":143,"column":8},"end":{"line":145,"column":9}},{"start":{"line":143,"column":8},"end":{"line":145,"column":9}}],"line":143},"21":{"loc":{"start":{"line":151,"column":4},"end":{"line":163,"column":5}},"type":"if","locations":[{"start":{"line":151,"column":4},"end":{"line":163,"column":5}},{"start":{"line":151,"column":4},"end":{"line":163,"column":5}}],"line":151},"22":{"loc":{"start":{"line":154,"column":12},"end":{"line":157,"column":13}},"type":"if","locations":[{"start":{"line":154,"column":12},"end":{"line":157,"column":13}},{"start":{"line":154,"column":12},"end":{"line":157,"column":13}}],"line":154}},"s":{"0":1,"1":1,"2":1,"3":304,"4":304,"5":0,"6":304,"7":304,"8":304,"9":120,"10":184,"11":184,"12":0,"13":184,"14":184,"15":2928,"16":2928,"17":14640,"18":2928,"19":2928,"20":2928,"21":2928,"22":14640,"23":2928,"24":2928,"25":14640,"26":2920,"27":2920,"28":14640,"29":2928,"30":2928,"31":2928,"32":2928,"33":2928,"34":2928,"35":2928,"36":184,"37":2928,"38":184,"39":1,"40":304,"41":1135624,"42":1816,"43":1816,"44":608,"45":304,"46":304,"47":304,"48":1135624,"49":3296,"50":304,"51":184,"52":184,"53":3296,"54":3296,"55":2928,"56":184,"57":4,"58":4,"59":4,"60":30228,"61":600,"62":4,"63":4,"64":600,"65":600,"66":592,"67":4,"68":4,"69":592,"70":592,"71":2960,"72":592,"73":592,"74":2960,"75":592,"76":592,"77":592,"78":4,"79":592,"80":4,"81":1,"82":65088,"83":65088,"84":65088,"85":13496,"86":51592,"87":2928,"88":2928,"89":2928,"90":2928,"91":0,"92":21528,"93":21528,"94":21528,"95":66344,"96":34024,"97":21528,"98":583080,"99":583080,"100":294040,"101":582772,"102":582772,"103":582772,"104":582772,"105":582772,"106":12660340,"107":583080,"108":583080,"109":0,"110":0,"111":0,"112":0,"113":0,"114":0,"115":0,"116":0,"117":0,"118":0,"119":0,"120":0,"121":1,"122":1457,"123":1457,"124":1457,"125":1457,"126":1457,"127":792,"128":792,"129":1},"f":{"0":304,"1":2928,"2":14640,"3":2928,"4":304,"5":1135624,"6":304,"7":1135624,"8":184,"9":3296,"10":4,"11":30228,"12":600,"13":592,"14":2960,"15":592,"16":65088,"17":2928,"18":21528,"19":583080,"20":12660340,"21":0,"22":0,"23":0,"24":0,"25":1457,"26":1457,"27":792,"28":792},"b":{"0":[0,304],"1":[120,184],"2":[0,184],"3":[2928,11712],"4":[2928,11712],"5":[2920,11720],"6":[2928,11712],"7":[1816,1133808],"8":[608,1208],"9":[1816,608],"10":[3296,1132328],"11":[2928,368],"12":[600,29628],"13":[592,8],"14":[592,2368],"15":[592,2368],"16":[13496,51592],"17":[65088,64480],"18":[2928,0],"19":[2928,0],"20":[34024,32320],"21":[294040,289040],"22":[582772,0]},"_coverageSchema":"332fd63041d2c1bcb487cc26dd0d5f7d97098a6c","hash":"2e325e6b9f1ff906396d48ad1f4c6ce0c7ed42f2","contentHash":"25d9637f8beb4402045866c4abc30c47_11.3.0"},"C:\\Users\\Chih-Kae\\WebstormProjects\\project_team219\\src\\controller\\QueryValidator.js":{"path":"C:\\Users\\Chih-Kae\\WebstormProjects\\project_team219\\src\\controller\\QueryValidator.js","statementMap":{"0":{"start":{"line":2,"column":0},"end":{"line":2,"column":62}},"1":{"start":{"line":3,"column":25},"end":{"line":3,"column":52}},"2":{"start":{"line":4,"column":16},"end":{"line":4,"column":34}},"3":{"start":{"line":5,"column":28},"end":{"line":5,"column":58}},"4":{"start":{"line":6,"column":30},"end":{"line":6,"column":62}},"5":{"start":{"line":9,"column":8},"end":{"line":9,"column":83}},"6":{"start":{"line":10,"column":8},"end":{"line":10,"column":77}},"7":{"start":{"line":11,"column":8},"end":{"line":11,"column":41}},"8":{"start":{"line":12,"column":8},"end":{"line":12,"column":54}},"9":{"start":{"line":13,"column":8},"end":{"line":13,"column":52}},"10":{"start":{"line":16,"column":8},"end":{"line":16,"column":26}},"11":{"start":{"line":19,"column":8},"end":{"line":19,"column":40}},"12":{"start":{"line":22,"column":8},"end":{"line":22,"column":38}},"13":{"start":{"line":25,"column":8},"end":{"line":79,"column":9}},"14":{"start":{"line":26,"column":12},"end":{"line":77,"column":13}},"15":{"start":{"line":27,"column":16},"end":{"line":76,"column":17}},"16":{"start":{"line":28,"column":20},"end":{"line":28,"column":67}},"17":{"start":{"line":29,"column":20},"end":{"line":29,"column":63}},"18":{"start":{"line":30,"column":20},"end":{"line":30,"column":64}},"19":{"start":{"line":31,"column":20},"end":{"line":31,"column":51}},"20":{"start":{"line":33,"column":21},"end":{"line":76,"column":17}},"21":{"start":{"line":34,"column":20},"end":{"line":34,"column":64}},"22":{"start":{"line":35,"column":20},"end":{"line":35,"column":48}},"23":{"start":{"line":36,"column":20},"end":{"line":36,"column":64}},"24":{"start":{"line":38,"column":21},"end":{"line":76,"column":17}},"25":{"start":{"line":39,"column":20},"end":{"line":39,"column":64}},"26":{"start":{"line":40,"column":20},"end":{"line":40,"column":49}},"27":{"start":{"line":41,"column":20},"end":{"line":41,"column":51}},"28":{"start":{"line":42,"column":20},"end":{"line":42,"column":64}},"29":{"start":{"line":44,"column":21},"end":{"line":76,"column":17}},"30":{"start":{"line":45,"column":20},"end":{"line":45,"column":64}},"31":{"start":{"line":46,"column":20},"end":{"line":46,"column":53}},"32":{"start":{"line":47,"column":20},"end":{"line":47,"column":64}},"33":{"start":{"line":49,"column":21},"end":{"line":76,"column":17}},"34":{"start":{"line":50,"column":20},"end":{"line":50,"column":64}},"35":{"start":{"line":51,"column":20},"end":{"line":51,"column":60}},"36":{"start":{"line":52,"column":20},"end":{"line":52,"column":64}},"37":{"start":{"line":54,"column":21},"end":{"line":76,"column":17}},"38":{"start":{"line":55,"column":20},"end":{"line":55,"column":64}},"39":{"start":{"line":56,"column":20},"end":{"line":56,"column":65}},"40":{"start":{"line":57,"column":20},"end":{"line":57,"column":65}},"41":{"start":{"line":58,"column":20},"end":{"line":58,"column":51}},"42":{"start":{"line":60,"column":21},"end":{"line":76,"column":17}},"43":{"start":{"line":61,"column":20},"end":{"line":61,"column":65}},"44":{"start":{"line":62,"column":20},"end":{"line":62,"column":65}},"45":{"start":{"line":63,"column":20},"end":{"line":63,"column":58}},"46":{"start":{"line":64,"column":20},"end":{"line":64,"column":65}},"47":{"start":{"line":66,"column":21},"end":{"line":76,"column":17}},"48":{"start":{"line":67,"column":20},"end":{"line":67,"column":65}},"49":{"start":{"line":68,"column":20},"end":{"line":68,"column":54}},"50":{"start":{"line":69,"column":20},"end":{"line":69,"column":63}},"51":{"start":{"line":71,"column":21},"end":{"line":76,"column":17}},"52":{"start":{"line":72,"column":20},"end":{"line":72,"column":59}},"53":{"start":{"line":75,"column":20},"end":{"line":75,"column":62}},"54":{"start":{"line":78,"column":12},"end":{"line":78,"column":24}},"55":{"start":{"line":80,"column":8},"end":{"line":80,"column":21}},"56":{"start":{"line":83,"column":8},"end":{"line":88,"column":9}},"57":{"start":{"line":84,"column":12},"end":{"line":84,"column":55}},"58":{"start":{"line":87,"column":12},"end":{"line":87,"column":57}},"59":{"start":{"line":89,"column":8},"end":{"line":89,"column":42}},"60":{"start":{"line":90,"column":8},"end":{"line":90,"column":43}},"61":{"start":{"line":91,"column":8},"end":{"line":91,"column":55}},"62":{"start":{"line":92,"column":8},"end":{"line":92,"column":55}},"63":{"start":{"line":93,"column":8},"end":{"line":93,"column":55}},"64":{"start":{"line":94,"column":8},"end":{"line":94,"column":61}},"65":{"start":{"line":97,"column":8},"end":{"line":99,"column":9}},"66":{"start":{"line":98,"column":12},"end":{"line":98,"column":54}},"67":{"start":{"line":102,"column":24},"end":{"line":102,"column":50}},"68":{"start":{"line":103,"column":8},"end":{"line":107,"column":9}},"69":{"start":{"line":104,"column":12},"end":{"line":106,"column":13}},"70":{"start":{"line":105,"column":16},"end":{"line":105,"column":58}},"71":{"start":{"line":110,"column":8},"end":{"line":112,"column":9}},"72":{"start":{"line":111,"column":12},"end":{"line":111,"column":91}},"73":{"start":{"line":113,"column":20},"end":{"line":113,"column":38}},"74":{"start":{"line":114,"column":22},"end":{"line":114,"column":42}},"75":{"start":{"line":115,"column":8},"end":{"line":115,"column":59}},"76":{"start":{"line":116,"column":8},"end":{"line":116,"column":56}},"77":{"start":{"line":119,"column":8},"end":{"line":121,"column":9}},"78":{"start":{"line":120,"column":12},"end":{"line":120,"column":75}},"79":{"start":{"line":122,"column":18},"end":{"line":122,"column":36}},"80":{"start":{"line":123,"column":20},"end":{"line":123,"column":40}},"81":{"start":{"line":124,"column":8},"end":{"line":124,"column":61}},"82":{"start":{"line":125,"column":8},"end":{"line":125,"column":59}},"83":{"start":{"line":128,"column":19},"end":{"line":128,"column":46}},"84":{"start":{"line":129,"column":8},"end":{"line":137,"column":9}},"85":{"start":{"line":130,"column":12},"end":{"line":130,"column":54}},"86":{"start":{"line":132,"column":13},"end":{"line":137,"column":9}},"87":{"start":{"line":133,"column":12},"end":{"line":133,"column":54}},"88":{"start":{"line":135,"column":13},"end":{"line":137,"column":9}},"89":{"start":{"line":136,"column":12},"end":{"line":136,"column":54}},"90":{"start":{"line":138,"column":20},"end":{"line":138,"column":52}},"91":{"start":{"line":139,"column":20},"end":{"line":139,"column":52}},"92":{"start":{"line":140,"column":8},"end":{"line":145,"column":9}},"93":{"start":{"line":141,"column":12},"end":{"line":141,"column":43}},"94":{"start":{"line":144,"column":12},"end":{"line":144,"column":54}},"95":{"start":{"line":146,"column":8},"end":{"line":146,"column":55}},"96":{"start":{"line":147,"column":8},"end":{"line":147,"column":51}},"97":{"start":{"line":150,"column":22},"end":{"line":150,"column":81}},"98":{"start":{"line":151,"column":8},"end":{"line":155,"column":9}},"99":{"start":{"line":152,"column":12},"end":{"line":154,"column":13}},"100":{"start":{"line":153,"column":16},"end":{"line":153,"column":58}},"101":{"start":{"line":158,"column":8},"end":{"line":163,"column":9}},"102":{"start":{"line":159,"column":12},"end":{"line":159,"column":81}},"103":{"start":{"line":161,"column":13},"end":{"line":163,"column":9}},"104":{"start":{"line":162,"column":12},"end":{"line":162,"column":66}},"105":{"start":{"line":166,"column":8},"end":{"line":189,"column":9}},"106":{"start":{"line":167,"column":12},"end":{"line":169,"column":13}},"107":{"start":{"line":168,"column":16},"end":{"line":168,"column":58}},"108":{"start":{"line":170,"column":12},"end":{"line":185,"column":13}},"109":{"start":{"line":171,"column":33},"end":{"line":171,"column":35}},"110":{"start":{"line":172,"column":16},"end":{"line":180,"column":17}},"111":{"start":{"line":173,"column":20},"end":{"line":178,"column":21}},"112":{"start":{"line":174,"column":24},"end":{"line":174,"column":91}},"113":{"start":{"line":177,"column":24},"end":{"line":177,"column":78}},"114":{"start":{"line":179,"column":20},"end":{"line":179,"column":54}},"115":{"start":{"line":181,"column":16},"end":{"line":181,"column":53}},"116":{"start":{"line":184,"column":16},"end":{"line":184,"column":87}},"117":{"start":{"line":188,"column":12},"end":{"line":188,"column":76}},"118":{"start":{"line":192,"column":8},"end":{"line":212,"column":9}},"119":{"start":{"line":193,"column":12},"end":{"line":195,"column":13}},"120":{"start":{"line":194,"column":16},"end":{"line":194,"column":58}},"121":{"start":{"line":196,"column":12},"end":{"line":208,"column":13}},"122":{"start":{"line":197,"column":16},"end":{"line":201,"column":17}},"123":{"start":{"line":198,"column":20},"end":{"line":200,"column":21}},"124":{"start":{"line":199,"column":24},"end":{"line":199,"column":66}},"125":{"start":{"line":202,"column":16},"end":{"line":207,"column":17}},"126":{"start":{"line":203,"column":20},"end":{"line":205,"column":21}},"127":{"start":{"line":204,"column":24},"end":{"line":204,"column":66}},"128":{"start":{"line":206,"column":20},"end":{"line":206,"column":46}},"129":{"start":{"line":211,"column":12},"end":{"line":211,"column":78}},"130":{"start":{"line":215,"column":0},"end":{"line":215,"column":40}}},"fnMap":{"0":{"name":"(anonymous_0)","decl":{"start":{"line":8,"column":4},"end":{"line":8,"column":5}},"loc":{"start":{"line":8,"column":23},"end":{"line":14,"column":5}},"line":8},"1":{"name":"(anonymous_1)","decl":{"start":{"line":15,"column":4},"end":{"line":15,"column":5}},"loc":{"start":{"line":15,"column":15},"end":{"line":17,"column":5}},"line":15},"2":{"name":"(anonymous_2)","decl":{"start":{"line":18,"column":4},"end":{"line":18,"column":5}},"loc":{"start":{"line":18,"column":29},"end":{"line":20,"column":5}},"line":18},"3":{"name":"(anonymous_3)","decl":{"start":{"line":21,"column":4},"end":{"line":21,"column":5}},"loc":{"start":{"line":21,"column":27},"end":{"line":23,"column":5}},"line":21},"4":{"name":"(anonymous_4)","decl":{"start":{"line":24,"column":4},"end":{"line":24,"column":5}},"loc":{"start":{"line":24,"column":25},"end":{"line":81,"column":5}},"line":24},"5":{"name":"(anonymous_5)","decl":{"start":{"line":82,"column":4},"end":{"line":82,"column":5}},"loc":{"start":{"line":82,"column":31},"end":{"line":95,"column":5}},"line":82},"6":{"name":"(anonymous_6)","decl":{"start":{"line":96,"column":4},"end":{"line":96,"column":5}},"loc":{"start":{"line":96,"column":27},"end":{"line":100,"column":5}},"line":96},"7":{"name":"(anonymous_7)","decl":{"start":{"line":101,"column":4},"end":{"line":101,"column":5}},"loc":{"start":{"line":101,"column":44},"end":{"line":108,"column":5}},"line":101},"8":{"name":"(anonymous_8)","decl":{"start":{"line":109,"column":4},"end":{"line":109,"column":5}},"loc":{"start":{"line":109,"column":27},"end":{"line":117,"column":5}},"line":109},"9":{"name":"(anonymous_9)","decl":{"start":{"line":118,"column":4},"end":{"line":118,"column":5}},"loc":{"start":{"line":118,"column":22},"end":{"line":126,"column":5}},"line":118},"10":{"name":"(anonymous_10)","decl":{"start":{"line":127,"column":4},"end":{"line":127,"column":5}},"loc":{"start":{"line":127,"column":44},"end":{"line":148,"column":5}},"line":127},"11":{"name":"(anonymous_11)","decl":{"start":{"line":149,"column":4},"end":{"line":149,"column":5}},"loc":{"start":{"line":149,"column":42},"end":{"line":156,"column":5}},"line":149},"12":{"name":"(anonymous_12)","decl":{"start":{"line":157,"column":4},"end":{"line":157,"column":5}},"loc":{"start":{"line":157,"column":31},"end":{"line":164,"column":5}},"line":157},"13":{"name":"(anonymous_13)","decl":{"start":{"line":165,"column":4},"end":{"line":165,"column":5}},"loc":{"start":{"line":165,"column":32},"end":{"line":190,"column":5}},"line":165},"14":{"name":"(anonymous_14)","decl":{"start":{"line":191,"column":4},"end":{"line":191,"column":5}},"loc":{"start":{"line":191,"column":34},"end":{"line":213,"column":5}},"line":191}},"branchMap":{"0":{"loc":{"start":{"line":25,"column":8},"end":{"line":79,"column":9}},"type":"if","locations":[{"start":{"line":25,"column":8},"end":{"line":79,"column":9}},{"start":{"line":25,"column":8},"end":{"line":79,"column":9}}],"line":25},"1":{"loc":{"start":{"line":25,"column":12},"end":{"line":25,"column":54}},"type":"binary-expr","locations":[{"start":{"line":25,"column":12},"end":{"line":25,"column":25}},{"start":{"line":25,"column":29},"end":{"line":25,"column":54}}],"line":25},"2":{"loc":{"start":{"line":27,"column":16},"end":{"line":76,"column":17}},"type":"if","locations":[{"start":{"line":27,"column":16},"end":{"line":76,"column":17}},{"start":{"line":27,"column":16},"end":{"line":76,"column":17}}],"line":27},"3":{"loc":{"start":{"line":33,"column":21},"end":{"line":76,"column":17}},"type":"if","locations":[{"start":{"line":33,"column":21},"end":{"line":76,"column":17}},{"start":{"line":33,"column":21},"end":{"line":76,"column":17}}],"line":33},"4":{"loc":{"start":{"line":38,"column":21},"end":{"line":76,"column":17}},"type":"if","locations":[{"start":{"line":38,"column":21},"end":{"line":76,"column":17}},{"start":{"line":38,"column":21},"end":{"line":76,"column":17}}],"line":38},"5":{"loc":{"start":{"line":44,"column":21},"end":{"line":76,"column":17}},"type":"if","locations":[{"start":{"line":44,"column":21},"end":{"line":76,"column":17}},{"start":{"line":44,"column":21},"end":{"line":76,"column":17}}],"line":44},"6":{"loc":{"start":{"line":44,"column":25},"end":{"line":44,"column":69}},"type":"binary-expr","locations":[{"start":{"line":44,"column":25},"end":{"line":44,"column":37}},{"start":{"line":44,"column":41},"end":{"line":44,"column":53}},{"start":{"line":44,"column":57},"end":{"line":44,"column":69}}],"line":44},"7":{"loc":{"start":{"line":49,"column":21},"end":{"line":76,"column":17}},"type":"if","locations":[{"start":{"line":49,"column":21},"end":{"line":76,"column":17}},{"start":{"line":49,"column":21},"end":{"line":76,"column":17}}],"line":49},"8":{"loc":{"start":{"line":49,"column":25},"end":{"line":49,"column":54}},"type":"binary-expr","locations":[{"start":{"line":49,"column":25},"end":{"line":49,"column":37}},{"start":{"line":49,"column":41},"end":{"line":49,"column":54}}],"line":49},"9":{"loc":{"start":{"line":54,"column":21},"end":{"line":76,"column":17}},"type":"if","locations":[{"start":{"line":54,"column":21},"end":{"line":76,"column":17}},{"start":{"line":54,"column":21},"end":{"line":76,"column":17}}],"line":54},"10":{"loc":{"start":{"line":60,"column":21},"end":{"line":76,"column":17}},"type":"if","locations":[{"start":{"line":60,"column":21},"end":{"line":76,"column":17}},{"start":{"line":60,"column":21},"end":{"line":76,"column":17}}],"line":60},"11":{"loc":{"start":{"line":66,"column":21},"end":{"line":76,"column":17}},"type":"if","locations":[{"start":{"line":66,"column":21},"end":{"line":76,"column":17}},{"start":{"line":66,"column":21},"end":{"line":76,"column":17}}],"line":66},"12":{"loc":{"start":{"line":71,"column":21},"end":{"line":76,"column":17}},"type":"if","locations":[{"start":{"line":71,"column":21},"end":{"line":76,"column":17}},{"start":{"line":71,"column":21},"end":{"line":76,"column":17}}],"line":71},"13":{"loc":{"start":{"line":83,"column":8},"end":{"line":88,"column":9}},"type":"if","locations":[{"start":{"line":83,"column":8},"end":{"line":88,"column":9}},{"start":{"line":83,"column":8},"end":{"line":88,"column":9}}],"line":83},"14":{"loc":{"start":{"line":97,"column":8},"end":{"line":99,"column":9}},"type":"if","locations":[{"start":{"line":97,"column":8},"end":{"line":99,"column":9}},{"start":{"line":97,"column":8},"end":{"line":99,"column":9}}],"line":97},"15":{"loc":{"start":{"line":104,"column":12},"end":{"line":106,"column":13}},"type":"if","locations":[{"start":{"line":104,"column":12},"end":{"line":106,"column":13}},{"start":{"line":104,"column":12},"end":{"line":106,"column":13}}],"line":104},"16":{"loc":{"start":{"line":110,"column":8},"end":{"line":112,"column":9}},"type":"if","locations":[{"start":{"line":110,"column":8},"end":{"line":112,"column":9}},{"start":{"line":110,"column":8},"end":{"line":112,"column":9}}],"line":110},"17":{"loc":{"start":{"line":110,"column":12},"end":{"line":110,"column":76}},"type":"binary-expr","locations":[{"start":{"line":110,"column":12},"end":{"line":110,"column":41}},{"start":{"line":110,"column":45},"end":{"line":110,"column":76}}],"line":110},"18":{"loc":{"start":{"line":119,"column":8},"end":{"line":121,"column":9}},"type":"if","locations":[{"start":{"line":119,"column":8},"end":{"line":121,"column":9}},{"start":{"line":119,"column":8},"end":{"line":121,"column":9}}],"line":119},"19":{"loc":{"start":{"line":119,"column":12},"end":{"line":119,"column":76}},"type":"binary-expr","locations":[{"start":{"line":119,"column":12},"end":{"line":119,"column":41}},{"start":{"line":119,"column":45},"end":{"line":119,"column":76}}],"line":119},"20":{"loc":{"start":{"line":129,"column":8},"end":{"line":137,"column":9}},"type":"if","locations":[{"start":{"line":129,"column":8},"end":{"line":137,"column":9}},{"start":{"line":129,"column":8},"end":{"line":137,"column":9}}],"line":129},"21":{"loc":{"start":{"line":132,"column":13},"end":{"line":137,"column":9}},"type":"if","locations":[{"start":{"line":132,"column":13},"end":{"line":137,"column":9}},{"start":{"line":132,"column":13},"end":{"line":137,"column":9}}],"line":132},"22":{"loc":{"start":{"line":135,"column":13},"end":{"line":137,"column":9}},"type":"if","locations":[{"start":{"line":135,"column":13},"end":{"line":137,"column":9}},{"start":{"line":135,"column":13},"end":{"line":137,"column":9}}],"line":135},"23":{"loc":{"start":{"line":140,"column":8},"end":{"line":145,"column":9}},"type":"if","locations":[{"start":{"line":140,"column":8},"end":{"line":145,"column":9}},{"start":{"line":140,"column":8},"end":{"line":145,"column":9}}],"line":140},"24":{"loc":{"start":{"line":152,"column":12},"end":{"line":154,"column":13}},"type":"if","locations":[{"start":{"line":152,"column":12},"end":{"line":154,"column":13}},{"start":{"line":152,"column":12},"end":{"line":154,"column":13}}],"line":152},"25":{"loc":{"start":{"line":158,"column":8},"end":{"line":163,"column":9}},"type":"if","locations":[{"start":{"line":158,"column":8},"end":{"line":163,"column":9}},{"start":{"line":158,"column":8},"end":{"line":163,"column":9}}],"line":158},"26":{"loc":{"start":{"line":161,"column":13},"end":{"line":163,"column":9}},"type":"if","locations":[{"start":{"line":161,"column":13},"end":{"line":163,"column":9}},{"start":{"line":161,"column":13},"end":{"line":163,"column":9}}],"line":161},"27":{"loc":{"start":{"line":166,"column":8},"end":{"line":189,"column":9}},"type":"if","locations":[{"start":{"line":166,"column":8},"end":{"line":189,"column":9}},{"start":{"line":166,"column":8},"end":{"line":189,"column":9}}],"line":166},"28":{"loc":{"start":{"line":167,"column":12},"end":{"line":169,"column":13}},"type":"if","locations":[{"start":{"line":167,"column":12},"end":{"line":169,"column":13}},{"start":{"line":167,"column":12},"end":{"line":169,"column":13}}],"line":167},"29":{"loc":{"start":{"line":170,"column":12},"end":{"line":185,"column":13}},"type":"if","locations":[{"start":{"line":170,"column":12},"end":{"line":185,"column":13}},{"start":{"line":170,"column":12},"end":{"line":185,"column":13}}],"line":170},"30":{"loc":{"start":{"line":170,"column":16},"end":{"line":170,"column":58}},"type":"binary-expr","locations":[{"start":{"line":170,"column":16},"end":{"line":170,"column":29}},{"start":{"line":170,"column":33},"end":{"line":170,"column":58}}],"line":170},"31":{"loc":{"start":{"line":173,"column":20},"end":{"line":178,"column":21}},"type":"if","locations":[{"start":{"line":173,"column":20},"end":{"line":178,"column":21}},{"start":{"line":173,"column":20},"end":{"line":178,"column":21}}],"line":173},"32":{"loc":{"start":{"line":192,"column":8},"end":{"line":212,"column":9}},"type":"if","locations":[{"start":{"line":192,"column":8},"end":{"line":212,"column":9}},{"start":{"line":192,"column":8},"end":{"line":212,"column":9}}],"line":192},"33":{"loc":{"start":{"line":193,"column":12},"end":{"line":195,"column":13}},"type":"if","locations":[{"start":{"line":193,"column":12},"end":{"line":195,"column":13}},{"start":{"line":193,"column":12},"end":{"line":195,"column":13}}],"line":193},"34":{"loc":{"start":{"line":196,"column":12},"end":{"line":208,"column":13}},"type":"if","locations":[{"start":{"line":196,"column":12},"end":{"line":208,"column":13}},{"start":{"line":196,"column":12},"end":{"line":208,"column":13}}],"line":196},"35":{"loc":{"start":{"line":196,"column":16},"end":{"line":196,"column":58}},"type":"binary-expr","locations":[{"start":{"line":196,"column":16},"end":{"line":196,"column":29}},{"start":{"line":196,"column":33},"end":{"line":196,"column":58}}],"line":196},"36":{"loc":{"start":{"line":198,"column":20},"end":{"line":200,"column":21}},"type":"if","locations":[{"start":{"line":198,"column":20},"end":{"line":200,"column":21}},{"start":{"line":198,"column":20},"end":{"line":200,"column":21}}],"line":198},"37":{"loc":{"start":{"line":203,"column":20},"end":{"line":205,"column":21}},"type":"if","locations":[{"start":{"line":203,"column":20},"end":{"line":205,"column":21}},{"start":{"line":203,"column":20},"end":{"line":205,"column":21}}],"line":203}},"s":{"0":1,"1":1,"2":1,"3":1,"4":1,"5":0,"6":0,"7":0,"8":0,"9":0,"10":0,"11":0,"12":0,"13":0,"14":0,"15":0,"16":0,"17":0,"18":0,"19":0,"20":0,"21":0,"22":0,"23":0,"24":0,"25":0,"26":0,"27":0,"28":0,"29":0,"30":0,"31":0,"32":0,"33":0,"34":0,"35":0,"36":0,"37":0,"38":0,"39":0,"40":0,"41":0,"42":0,"43":0,"44":0,"45":0,"46":0,"47":0,"48":0,"49":0,"50":0,"51":0,"52":0,"53":0,"54":0,"55":0,"56":0,"57":0,"58":0,"59":0,"60":0,"61":0,"62":0,"63":0,"64":0,"65":0,"66":0,"67":0,"68":0,"69":0,"70":0,"71":0,"72":0,"73":0,"74":0,"75":0,"76":0,"77":0,"78":0,"79":0,"80":0,"81":0,"82":0,"83":0,"84":0,"85":0,"86":0,"87":0,"88":0,"89":0,"90":0,"91":0,"92":0,"93":0,"94":0,"95":0,"96":0,"97":0,"98":0,"99":0,"100":0,"101":0,"102":0,"103":0,"104":0,"105":0,"106":0,"107":0,"108":0,"109":0,"110":0,"111":0,"112":0,"113":0,"114":0,"115":0,"116":0,"117":0,"118":0,"119":0,"120":0,"121":0,"122":0,"123":0,"124":0,"125":0,"126":0,"127":0,"128":0,"129":0,"130":1},"f":{"0":0,"1":0,"2":0,"3":0,"4":0,"5":0,"6":0,"7":0,"8":0,"9":0,"10":0,"11":0,"12":0,"13":0,"14":0},"b":{"0":[0,0],"1":[0,0],"2":[0,0],"3":[0,0],"4":[0,0],"5":[0,0],"6":[0,0,0],"7":[0,0],"8":[0,0],"9":[0,0],"10":[0,0],"11":[0,0],"12":[0,0],"13":[0,0],"14":[0,0],"15":[0,0],"16":[0,0],"17":[0,0],"18":[0,0],"19":[0,0],"20":[0,0],"21":[0,0],"22":[0,0],"23":[0,0],"24":[0,0],"25":[0,0],"26":[0,0],"27":[0,0],"28":[0,0],"29":[0,0],"30":[0,0],"31":[0,0],"32":[0,0],"33":[0,0],"34":[0,0],"35":[0,0],"36":[0,0],"37":[0,0]},"_coverageSchema":"332fd63041d2c1bcb487cc26dd0d5f7d97098a6c","hash":"800c0b0a4fd8c55278d25481a2db128d0df0adc2","contentHash":"0fe8736c221bb3951d594259ece6a61e_11.3.0"},"C:\\Users\\Chih-Kae\\WebstormProjects\\project_team219\\src\\controller\\Query.js":{"path":"C:\\Users\\Chih-Kae\\WebstormProjects\\project_team219\\src\\controller\\Query.js","statementMap":{"0":{"start":{"line":2,"column":0},"end":{"line":2,"column":62}},"1":{"start":{"line":3,"column":25},"end":{"line":3,"column":52}},"2":{"start":{"line":6,"column":8},"end":{"line":8,"column":9}},"3":{"start":{"line":7,"column":12},"end":{"line":7,"column":54}},"4":{"start":{"line":9,"column":8},"end":{"line":14,"column":9}},"5":{"start":{"line":10,"column":12},"end":{"line":10,"column":25}},"6":{"start":{"line":13,"column":12},"end":{"line":13,"c
[...]
ocations":[{"start":{"line":11,"column":12},"end":{"line":19,"column":13}},{"start":{"line":11,"column":12},"end":{"line":19,"column":13}}],"line":11},"1":{"loc":{"start":{"line":14,"column":17},"end":{"line":19,"column":13}},"type":"if","locations":[{"start":{"line":14,"column":17},"end":{"line":19,"column":13}},{"start":{"line":14,"column":17},"end":{"line":19,"column":13}}],"line":14},"2":{"loc":{"start":{"line":25,"column":12},"end":{"line":33,"column":13}},"type":"if","locations":[{"start":{"line":25,"column":12},"end":{"line":33,"column":13}},{"start":{"line":25,"column":12},"end":{"line":33,"column":13}}],"line":25},"3":{"loc":{"start":{"line":28,"column":17},"end":{"line":33,"column":13}},"type":"if","locations":[{"start":{"line":28,"column":17},"end":{"line":33,"column":13}},{"start":{"line":28,"column":17},"end":{"line":33,"column":13}}],"line":28},"4":{"loc":{"start":{"line":45,"column":16},"end":{"line":48,"column":17}},"type":"if","locations":[{"start":{"line":45,"column":16},"end":{"line":48,"column":17}},{"start":{"line":45,"column":16},"end":{"line":48,"column":17}}],"line":45},"5":{"loc":{"start":{"line":45,"column":20},"end":{"line":45,"column":106}},"type":"binary-expr","locations":[{"start":{"line":45,"column":20},"end":{"line":45,"column":61}},{"start":{"line":45,"column":65},"end":{"line":45,"column":106}}],"line":45},"6":{"loc":{"start":{"line":66,"column":19},"end":{"line":66,"column":85}},"type":"binary-expr","locations":[{"start":{"line":66,"column":19},"end":{"line":66,"column":48}},{"start":{"line":66,"column":52},"end":{"line":66,"column":85}}],"line":66},"7":{"loc":{"start":{"line":67,"column":16},"end":{"line":78,"column":17}},"type":"if","locations":[{"start":{"line":67,"column":16},"end":{"line":78,"column":17}},{"start":{"line":67,"column":16},"end":{"line":78,"column":17}}],"line":67},"8":{"loc":{"start":{"line":73,"column":20},"end":{"line":77,"column":21}},"type":"if","locations":[{"start":{"line":73,"column":20},"end":{"line":77,"column":21}},{"start":{"line":73,"column":20},"end":{"line":77,"column":21}}],"line":73},"9":{"loc":{"start":{"line":95,"column":16},"end":{"line":104,"column":17}},"type":"if","locations":[{"start":{"line":95,"column":16},"end":{"line":104,"column":17}},{"start":{"line":95,"column":16},"end":{"line":104,"column":17}}],"line":95},"10":{"loc":{"start":{"line":95,"column":20},"end":{"line":97,"column":67}},"type":"binary-expr","locations":[{"start":{"line":95,"column":20},"end":{"line":95,"column":75}},{"start":{"line":96,"column":20},"end":{"line":96,"column":73}},{"start":{"line":97,"column":20},"end":{"line":97,"column":67}}],"line":95},"11":{"loc":{"start":{"line":111,"column":12},"end":{"line":115,"column":13}},"type":"if","locations":[{"start":{"line":111,"column":12},"end":{"line":115,"column":13}},{"start":{"line":111,"column":12},"end":{"line":115,"column":13}}],"line":111},"12":{"loc":{"start":{"line":111,"column":16},"end":{"line":113,"column":46}},"type":"binary-expr","locations":[{"start":{"line":111,"column":16},"end":{"line":111,"column":65}},{"start":{"line":112,"column":16},"end":{"line":112,"column":71}},{"start":{"line":113,"column":19},"end":{"line":113,"column":46}}],"line":111}},"s":{"0":1,"1":1,"2":1,"3":2,"4":2,"5":2,"6":1,"7":1,"8":1,"9":0,"10":1,"11":1,"12":5,"13":5,"14":5,"15":3,"16":2,"17":2,"18":0,"19":1,"20":1,"21":1,"22":1,"23":2,"24":2,"25":4,"26":2,"27":2,"28":1,"29":1,"30":1,"31":1,"32":1,"33":1,"34":1,"35":1,"36":1,"37":3,"38":3,"39":3,"40":3,"41":3,"42":3,"43":3,"44":3,"45":3,"46":3,"47":3,"48":0,"49":1,"50":1,"51":3,"52":3,"53":3,"54":171,"55":171,"56":171,"57":171,"58":171,"59":171,"60":0,"61":0,"62":0,"63":171,"64":1,"65":3,"66":3,"67":0,"68":3,"69":1,"70":1,"71":1,"72":4,"73":60,"74":60,"75":60,"76":60,"77":1,"78":172,"79":172,"80":344,"81":172,"82":172,"83":172,"84":172,"85":1,"86":1,"87":3,"88":1,"89":344,"90":344,"91":344,"92":344,"93":344,"94":344,"95":344,"96":1376,"97":1},"f":{"0":1,"1":1,"2":2,"3":5,"4":1,"5":1,"6":1,"7":3,"8":1,"9":172,"10":172,"11":1,"12":344,"13":1376},"b":{"0":[1,1],"1":[1,0],"2":[3,2],"3":[2,0],"4":[2,2],"5":[4,2],"6":[3,3],"7":[3,0],"8":[3,0],"9":[0,171],"10":[171,0,0],"11":[0,3],"12":[3,0,0]},"_coverageSchema":"332fd63041d2c1bcb487cc26dd0d5f7d97098a6c","hash":"60d80c84693ec0953188fc2a75e3566d4970324c","contentHash":"33ac9f311a0d11667bcb9d65d4c4180e_11.3.0"},"C:\\Users\\Chih-Kae\\WebstormProjects\\project_team219\\src\\rest\\Server.js":{"path":"C:\\Users\\Chih-Kae\\WebstormProjects\\project_team219\\src\\rest\\Server.js","statementMap":{"0":{"start":{"line":2,"column":0},"end":{"line":2,"column":62}},"1":{"start":{"line":3,"column":11},"end":{"line":3,"column":24}},"2":{"start":{"line":4,"column":16},"end":{"line":4,"column":34}},"3":{"start":{"line":5,"column":15},"end":{"line":5,"column":33}},"4":{"start":{"line":6,"column":24},"end":{"line":6,"column":62}},"5":{"start":{"line":7,"column":25},"end":{"line":7,"column":64}},"6":{"start":{"line":10,"column":8},"end":{"line":10,"column":62}},"7":{"start":{"line":11,"column":8},"end":{"line":11,"column":25}},"8":{"start":{"line":12,"column":8},"end":{"line":12,"column":61}},"9":{"start":{"line":15,"column":8},"end":{"line":15,"column":47}},"10":{"start":{"line":16,"column":21},"end":{"line":16,"column":25}},"11":{"start":{"line":17,"column":8},"end":{"line":21,"column":11}},"12":{"start":{"line":18,"column":12},"end":{"line":20,"column":15}},"13":{"start":{"line":19,"column":16},"end":{"line":19,"column":30}},"14":{"start":{"line":24,"column":21},"end":{"line":24,"column":25}},"15":{"start":{"line":25,"column":8},"end":{"line":56,"column":11}},"16":{"start":{"line":26,"column":12},"end":{"line":55,"column":13}},"17":{"start":{"line":27,"column":16},"end":{"line":27,"column":63}},"18":{"start":{"line":28,"column":16},"end":{"line":30,"column":19}},"19":{"start":{"line":31,"column":16},"end":{"line":31,"column":87}},"20":{"start":{"line":32,"column":16},"end":{"line":36,"column":19}},"21":{"start":{"line":33,"column":20},"end":{"line":33,"column":67}},"22":{"start":{"line":34,"column":20},"end":{"line":34,"column":83}},"23":{"start":{"line":35,"column":20},"end":{"line":35,"column":34}},"24":{"start":{"line":37,"column":16},"end":{"line":37,"column":57}},"25":{"start":{"line":38,"column":16},"end":{"line":38,"column":71}},"26":{"start":{"line":39,"column":16},"end":{"line":39,"column":68}},"27":{"start":{"line":40,"column":16},"end":{"line":40,"column":62}},"28":{"start":{"line":41,"column":16},"end":{"line":41,"column":68}},"29":{"start":{"line":42,"column":16},"end":{"line":42,"column":55}},"30":{"start":{"line":43,"column":16},"end":{"line":46,"column":19}},"31":{"start":{"line":44,"column":20},"end":{"line":44,"column":97}},"32":{"start":{"line":45,"column":20},"end":{"line":45,"column":34}},"33":{"start":{"line":47,"column":16},"end":{"line":50,"column":19}},"34":{"start":{"line":48,"column":20},"end":{"line":48,"column":83}},"35":{"start":{"line":49,"column":20},"end":{"line":49,"column":32}},"36":{"start":{"line":53,"column":16},"end":{"line":53,"column":72}},"37":{"start":{"line":54,"column":16},"end":{"line":54,"column":28}},"38":{"start":{"line":59,"column":8},"end":{"line":67,"column":11}},"39":{"start":{"line":60,"column":12},"end":{"line":60,"column":46}},"40":{"start":{"line":61,"column":12},"end":{"line":61,"column":22}},"41":{"start":{"line":62,"column":12},"end":{"line":62,"column":26}},"42":{"start":{"line":64,"column":12},"end":{"line":64,"column":37}},"43":{"start":{"line":65,"column":12},"end":{"line":65,"column":22}},"44":{"start":{"line":66,"column":12},"end":{"line":66,"column":26}},"45":{"start":{"line":70,"column":8},"end":{"line":85,"column":11}},"46":{"start":{"line":71,"column":12},"end":{"line":71,"column":46}},"47":{"start":{"line":72,"column":12},"end":{"line":72,"column":22}},"48":{"start":{"line":73,"column":12},"end":{"line":73,"column":26}},"49":{"start":{"line":75,"column":12},"end":{"line":84,"column":13}},"50":{"start":{"line":76,"column":16},"end":{"line":76,"column":57}},"51":{"start":{"line":77,"column":16},"end":{"line":77,"column":26}},"52":{"start":{"line":78,"column":16},"end":{"line":78,"column":30}},"53":{"start":{"line":80,"column":17},"end":{"line":84,"column":13}},"54":{"start":{"line":81,"column":16},"end":{"line":81,"column":58}},"55":{"start":{"line":82,"column":16},"end":{"line":82,"column":26}},"56":{"start":{"line":83,"column":16},"end":{"line":83,"column":30}},"57":{"start":{"line":88,"column":8},"end":{"line":97,"column":11}},"58":{"start":{"line":89,"column":12},"end":{"line":89,"column":46}},"59":{"start":{"line":90,"column":12},"end":{"line":90,"column":22}},"60":{"start":{"line":91,"column":12},"end":{"line":91,"column":26}},"61":{"start":{"line":93,"column":12},"end":{"line":96,"column":13}},"62":{"start":{"line":94,"column":16},"end":{"line":94,"column":57}},"63":{"start":{"line":95,"column":16},"end":{"line":95,"column":26}},"64":{"start":{"line":101,"column":8},"end":{"line":128,"column":9}},"65":{"start":{"line":102,"column":12},"end":{"line":102,"column":63}},"66":{"start":{"line":103,"column":12},"end":{"line":121,"column":13}},"67":{"start":{"line":104,"column":16},"end":{"line":114,"column":19}},"68":{"start":{"line":106,"column":20},"end":{"line":106,"column":54}},"69":{"start":{"line":107,"column":20},"end":{"line":107,"column":30}},"70":{"start":{"line":108,"column":20},"end":{"line":108,"column":34}},"71":{"start":{"line":110,"column":20},"end":{"line":110,"column":64}},"72":{"start":{"line":111,"column":20},"end":{"line":111,"column":55}},"73":{"start":{"line":112,"column":20},"end":{"line":112,"column":30}},"74":{"start":{"line":113,"column":20},"end":{"line":113,"column":34}},"75":{"start":{"line":117,"column":16},"end":{"line":117,"column":60}},"76":{"start":{"line":118,"column":16},"end":{"line":118,"column":32}},"77":{"start":{"line":119,"column":16},"end":{"line":119,"column":26}},"78":{"start":{"line":120,"column":16},"end":{"line":120,"column":30}},"79":{"start":{"line":124,"column":12},"end":{"line":124,"column":48}},"80":{"start":{"line":125,"column":12},"end":{"line":125,"column":44}},"81":{"start":{"line":126,"column":12},"end":{"line":126,"column":22}},"82":{"start":{"line":127,"column":12},"end":{"line":127,"column":26}},"83":{"start":{"line":131,"column":8},"end":{"line":131,"column":89}},"84":{"start":{"line":132,"column":8},"end":{"line":140,"column":9}},"85":{"start":{"line":133,"column":29},"end":{"line":133,"column":63}},"86":{"start":{"line":134,"column":12},"end":{"line":134,"column":72}},"87":{"start":{"line":135,"column":12},"end":{"line":135,"column":48}},"88":{"start":{"line":138,"column":12},"end":{"line":138,"column":70}},"89":{"start":{"line":139,"column":12},"end":{"line":139,"column":42}},"90":{"start":{"line":141,"column":8},"end":{"line":141,"column":22}},"91":{"start":{"line":144,"column":8},"end":{"line":149,"column":9}},"92":{"start":{"line":145,"column":12},"end":{"line":145,"column":37}},"93":{"start":{"line":148,"column":12},"end":{"line":148,"column":42}},"94":{"start":{"line":152,"column":26},"end":{"line":152,"column":44}},"95":{"start":{"line":153,"column":8},"end":{"line":153,"column":67}},"96":{"start":{"line":154,"column":19},"end":{"line":154,"column":43}},"97":{"start":{"line":155,"column":8},"end":{"line":157,"column":9}},"98":{"start":{"line":156,"column":12},"end":{"line":156,"column":56}},"99":{"start":{"line":158,"column":8},"end":{"line":167,"column":11}},"100":{"start":{"line":159,"column":12},"end":{"line":163,"column":13}},"101":{"start":{"line":160,"column":16},"end":{"line":160,"column":30}},"102":{"start":{"line":161,"column":16},"end":{"line":161,"column":58}},"103":{"start":{"line":162,"column":16},"end":{"line":162,"column":30}},"104":{"start":{"line":164,"column":12},"end":{"line":164,"column":28}},"105":{"start":{"line":165,"column":12},"end":{"line":165,"column":22}},"106":{"start":{"line":166,"column":12},"end":{"line":166,"column":26}},"107":{"start":{"line":170,"column":0},"end":{"line":170,"column":25}}},"fnMap":{"0":{"name":"(anonymous_0)","decl":{"start":{"line":9,"column":4},"end":{"line":9,"column":5}},"loc":{"start":{"line":9,"column":22},"end":{"line":13,"column":5}},"line":9},"1":{"name":"(anonymous_1)","decl":{"start":{"line":14,"column":4},"end":{"line":14,"column":5}},"loc":{"start":{"line":14,"column":11},"end":{"line":22,"column":5}},"line":14},"2":{"name":"(anonymous_2)","decl":{"start":{"line":17,"column":27},"end":{"line":17,"column":28}},"loc":{"start":{"line":17,"column":46},"end":{"line":21,"column":9}},"line":17},"3":{"name":"(anonymous_3)","decl":{"start":{"line":18,"column":28},"end":{"line":18,"column":29}},"loc":{"start":{"line":18,"column":40},"end":{"line":20,"column":13}},"line":18},"4":{"name":"(anonymous_4)","decl":{"start":{"line":23,"column":4},"end":{"line":23,"column":5}},"loc":{"start":{"line":23,"column":12},"end":{"line":57,"column":5}},"line":23},"5":{"name":"(anonymous_5)","decl":{"start":{"line":25,"column":27},"end":{"line":25,"column":28}},"loc":{"start":{"line":25,"column":54},"end":{"line":56,"column":9}},"line":25},"6":{"name":"crossOrigin","decl":{"start":{"line":32,"column":39},"end":{"line":32,"column":50}},"loc":{"start":{"line":32,"column":67},"end":{"line":36,"column":17}},"line":32},"7":{"name":"(anonymous_7)","decl":{"start":{"line":43,"column":44},"end":{"line":43,"column":45}},"loc":{"start":{"line":43,"column":56},"end":{"line":46,"column":17}},"line":43},"8":{"name":"(anonymous_8)","decl":{"start":{"line":47,"column":38},"end":{"line":47,"column":39}},"loc":{"start":{"line":47,"column":53},"end":{"line":50,"column":17}},"line":47},"9":{"name":"(anonymous_9)","decl":{"start":{"line":58,"column":4},"end":{"line":58,"column":5}},"loc":{"start":{"line":58,"column":44},"end":{"line":68,"column":5}},"line":58},"10":{"name":"(anonymous_10)","decl":{"start":{"line":59,"column":56},"end":{"line":59,"column":57}},"loc":{"start":{"line":59,"column":68},"end":{"line":63,"column":9}},"line":59},"11":{"name":"(anonymous_11)","decl":{"start":{"line":63,"column":17},"end":{"line":63,"column":18}},"loc":{"start":{"line":63,"column":26},"end":{"line":67,"column":9}},"line":63},"12":{"name":"(anonymous_12)","decl":{"start":{"line":69,"column":4},"end":{"line":69,"column":5}},"loc":{"start":{"line":69,"column":41},"end":{"line":86,"column":5}},"line":69},"13":{"name":"(anonymous_13)","decl":{"start":{"line":70,"column":70},"end":{"line":70,"column":71}},"loc":{"start":{"line":70,"column":82},"end":{"line":74,"column":9}},"line":70},"14":{"name":"(anonymous_14)","decl":{"start":{"line":74,"column":17},"end":{"line":74,"column":18}},"loc":{"start":{"line":74,"column":26},"end":{"line":85,"column":9}},"line":74},"15":{"name":"(anonymous_15)","decl":{"start":{"line":87,"column":4},"end":{"line":87,"column":5}},"loc":{"start":{"line":87,"column":40},"end":{"line":98,"column":5}},"line":87},"16":{"name":"(anonymous_16)","decl":{"start":{"line":88,"column":64},"end":{"line":88,"column":65}},"loc":{"start":{"line":88,"column":76},"end":{"line":92,"column":9}},"line":88},"17":{"name":"(anonymous_17)","decl":{"start":{"line":92,"column":17},"end":{"line":92,"column":18}},"loc":{"start":{"line":92,"column":28},"end":{"line":97,"column":9}},"line":92},"18":{"name":"(anonymous_18)","decl":{"start":{"line":99,"column":4},"end":{"line":99,"column":5}},"loc":{"start":{"line":99,"column":38},"end":{"line":129,"column":5}},"line":99},"19":{"name":"(anonymous_19)","decl":{"start":{"line":105,"column":26},"end":{"line":105,"column":27}},"loc":{"start":{"line":105,"column":38},"end":{"line":109,"column":17}},"line":105},"20":{"name":"(anonymous_20)","decl":{"start":{"line":109,"column":25},"end":{"line":109,"column":26}},"loc":{"start":{"line":109,"column":34},"end":{"line":114,"column":17}},"line":109},"21":{"name":"(anonymous_21)","decl":{"start":{"line":130,"column":4},"end":{"line":130,"column":5}},"loc":{"start":{"line":130,"column":32},"end":{"line":142,"column":5}},"line":130},"22":{"name":"(anonymous_22)","decl":{"start":{"line":143,"column":4},"end":{"line":143,"column":5}},"loc":{"start":{"line":143,"column":28},"end":{"line":150,"column":5}},"line":143},"23":{"name":"(anonymous_23)","decl":{"start":{"line":151,"column":4},"end":{"line":151,"column":5}},"loc":{"start":{"line":151,"column":37},"end":{"line":168,"column":5}},"line":151},"24":{"name":"(anonymous_24)","decl":{"start":{"line":158,"column":26},"end":{"line":158,"column":27}},"loc":{"start":{"line":158,"column":47},"end":{"line":167,"column":9}},"line":158}},"branchMap":{"0":{"loc":{"start":{"line":75,"column":12},"end":{"line":84,"column":13}},"type":"if","locations":[{"start":{"line":75,"column":12},"end":{"line":84,"column":13}},{"start":{"line":75,"column":12},"end":{"line":84,"column":13}}],"line":75},"1":{"loc":{"start":{"line":80,"column":17},"end":{"line":84,"column":13}},"type":"if","locations":[{"start":{"line":80,"column":17},"end":{"line":84,"column":13}},{"start":{"line":80,"column":17},"end":{"line":84,"column":13}}],"line":80},"2":{"loc":{"start":{"line":93,"column":12},"end":{"line":96,"column":13}},"type":"if","locations":[{"start":{"line":93,"column":12},"end":{"line":96,"column":13}},{"start":{"line":93,"column":12},"end":{"line":96,"column":13}}],"line":93},"3":{"loc":{"start":{"line":103,"column":12},"end":{"line":121,"column":13}},"type":"if","locations":[{"start":{"line":103,"column":12},"end":{"line":121,"column":13}},{"start":{"line":103,"column":12},"end":{"line":121,"column":13}}],"line":103},"4":{"loc":{"start":{"line":103,"column":16},"end":{"line":103,"column":144}},"type":"binary-expr","locations":[{"start":{"line":103,"column":16},"end":{"line":103,"column":77}},{"start":{"line":103,"column":81},"end":{"line":103,"column":144}}],"line":103},"5":{"loc":{"start":{"line":144,"column":8},"end":{"line":149,"column":9}},"type":"if","locations":[{"start":{"line":144,"column":8},"end":{"line":149,"column":9}},{"start":{"line":144,"column":8},"end":{"line":149,"column":9}}],"line":144},"6":{"loc":{"start":{"line":144,"column":12},"end":{"line":144,"column":54}},"type":"binary-expr","locations":[{"start":{"line":144,"column":12},"end":{"line":144,"column":38}},{"start":{"line":144,"column":42},"end":{"line":144,"column":54}}],"line":144},"7":{"loc":{"start":{"line":155,"column":8},"end":{"line":157,"column":9}},"type":"if","locations":[{"start":{"line":155,"column":8},"end":{"line":157,"column":9}},{"start":{"line":155,"column":8},"end":{"line":157,"column":9}}],"line":155},"8":{"loc":{"start":{"line":159,"column":12},"end":{"line":163,"column":13}},"type":"if","locations":[{"start":{"line":159,"column":12},"end":{"line":163,"column":13}},{"start":{"line":159,"column":12},"end":{"line":163,"column":13}}],"line":159}},"s":{"0":1,"1":1,"2":1,"3":1,"4":1,"5":1,"6":1,"7":1,"8":1,"9":1,"10":1,"11":1,"12":1,"13":0,"14":1,"15":1,"16":1,"17":1,"18":1,"19":1,"20":1,"21":3,"22":3,"23":3,"24":1,"25":1,"26":1,"27":1,"28":1,"29":1,"30":1,"31":1,"32":1,"33":1,"34":0,"35":0,"36":0,"37":0,"38":0,"39":0,"40":0,"41":0,"42":0,"43":0,"44":0,"45":0,"46":0,"47":0,"48":0,"49":0,"50":0,"51":0,"52":0,"53":0,"54":0,"55":0,"56":0,"57":0,"58":0,"59":0,"60":0,"61":0,"62":0,"63":0,"64":3,"65":3,"66":3,"67":3,"68":1,"69":1,"70":1,"71":0,"72":0,"73":0,"74":0,"75":0,"76":0,"77":0,"78":0,"79":0,"80":0,"81":0,"82":0,"83":0,"84":0,"85":0,"86":0,"87":0,"88":0,"89":0,"90":0,"91":0,"92":0,"93":0,"94":0,"95":0,"96":0,"97":0,"98":0,"99":0,"100":0,"101":0,"102":0,"103":0,"104":0,"105":0,"106":0,"107":1},"f":{"0":1,"1":1,"2":1,"3":0,"4":1,"5":1,"6":3,"7":1,"8":0,"9":0,"10":0,"11":0,"12":0,"13":0,"14":0,"15":0,"16":0,"17":0,"18":3,"19":1,"20":0,"21":0,"22":0,"23":0,"24":0},"b":{"0":[0,0],"1":[0,0],"2":[0,0],"3":[3,0],"4":[3,1],"5":[0,0],"6":[0,0],"7":[0,0],"8":[0,0]},"_coverageSchema":"332fd63041d2c1bcb487cc26dd0d5f7d97098a6c","hash":"57ee144a64f7a447b4017f5e37c36663eb82b07a","contentHash":"e85794977f2f65d46306d9717ba36066_11.3.0"}}