{"C:\\Users\\Chih-Kae\\WebstormProjects\\project_team219\\src\\controller\\IInsightFacade.js":{"path":"C:\\Users\\Chih-Kae\\WebstormProjects\\project_team219\\src\\controller\\IInsightFacade.js","statementMap":{"0":{"start":{"line":2,"column":0},"end":{"line":2,"column":62}},"1":{"start":{"line":4,"column":0},"end":{"line":7,"column":89}},"2":{"start":{"line":5,"column":4},"end":{"line":5,"column":46}},"3":{"start":{"line":6,"column":4},"end":{"line":6,"column":42}},"4":{"start":{"line":10,"column":8},"end":{"line":10,"column":23}},"5":{"start":{"line":11,"column":8},"end":{"line":11,"column":52}},"6":{"start":{"line":14,"column":0},"end":{"line":14,"column":36}},"7":{"start":{"line":17,"column":8},"end":{"line":17,"column":23}},"8":{"start":{"line":18,"column":8},"end":{"line":18,"column":53}},"9":{"start":{"line":21,"column":0},"end":{"line":21,"column":38}},"10":{"start":{"line":24,"column":8},"end":{"line":24,"column":23}},"11":{"start":{"line":25,"column":8},"end":{"line":25,"column":59}},"12":{"start":{"line":28,"column":0},"end":{"line":28,"column":50}}},"fnMap":{"0":{"name":"(anonymous_0)","decl":{"start":{"line":4,"column":1},"end":{"line":4,"column":2}},"loc":{"start":{"line":4,"column":31},"end":{"line":7,"column":1}},"line":4},"1":{"name":"(anonymous_1)","decl":{"start":{"line":9,"column":4},"end":{"line":9,"column":5}},"loc":{"start":{"line":9,"column":25},"end":{"line":12,"column":5}},"line":9},"2":{"name":"(anonymous_2)","decl":{"start":{"line":16,"column":4},"end":{"line":16,"column":5}},"loc":{"start":{"line":16,"column":25},"end":{"line":19,"column":5}},"line":16},"3":{"name":"(anonymous_3)","decl":{"start":{"line":23,"column":4},"end":{"line":23,"column":5}},"loc":{"start":{"line":23,"column":25},"end":{"line":26,"column":5}},"line":23}},"branchMap":{"0":{"loc":{"start":{"line":7,"column":24},"end":{"line":7,"column":87}},"type":"binary-expr","locations":[{"start":{"line":7,"column":24},"end":{"line":7,"column":50}},{"start":{"line":7,"column":55},"end":{"line":7,"column":86}}],"line":7}},"s":{"0":1,"1":1,"2":1,"3":1,"4":303,"5":303,"6":1,"7":1,"8":1,"9":1,"10":12,"11":12,"12":1},"f":{"0":1,"1":303,"2":1,"3":12},"b":{"0":[1,1]},"_coverageSchema":"332fd63041d2c1bcb487cc26dd0d5f7d97098a6c","hash":"a6a139116909df55137d6e3a26590f8fed84731c","contentHash":"527cfcfa7ecce84f700e3da091a20591_11.3.0"},"C:\\Users\\Chih-Kae\\WebstormProjects\\project_team219\\src\\controller\\InsightFacade.js":{"path":"C:\\Users\\Chih-Kae\\WebstormProjects\\project_team219\\src\\controller\\InsightFacade.js","statementMap":{"0":{"start":{"line":2,"column":0},"end":{"line":2,"column":62}},"1":{"start":{"line":3,"column":15},"end":{"line":3,"column":33}},"2":{"start":{"line":4,"column":25},"end":{"line":4,"column":52}},"3":{"start":{"line":5,"column":25},"end":{"line":5,"column":52}},"4":{"start":{"line":6,"column":18},"end":{"line":6,"column":38}},"5":{"start":{"line":7,"column":25},"end":{"line":7,"column":52}},"6":{"start":{"line":8,"column":25},"end":{"line":8,"column":52}},"7":{"start":{"line":9,"column":24},"end":{"line":9,"column":50}},"8":{"start":{"line":10,"column":20},"end":{"line":10,"column":42}},"9":{"start":{"line":13,"column":8},"end":{"line":13,"column":58}},"10":{"start":{"line":16,"column":8},"end":{"line":18,"column":9}},"11":{"start":{"line":17,"column":12},"end":{"line":17,"column":86}},"12":{"start":{"line":19,"column":8},"end":{"line":21,"column":9}},"13":{"start":{"line":20,"column":12},"end":{"line":20,"column":131}},"14":{"start":{"line":22,"column":8},"end":{"line":27,"column":9}},"15":{"start":{"line":23,"column":12},"end":{"line":23,"column":66}},"16":{"start":{"line":25,"column":13},"end":{"line":27,"column":9}},"17":{"start":{"line":26,"column":12},"end":{"line":26,"column":64}},"18":{"start":{"line":30,"column":8},"end":{"line":32,"column":9}},"19":{"start":{"line":31,"column":12},"end":{"line":31,"column":86}},"20":{"start":{"line":33,"column":8},"end":{"line":35,"column":9}},"21":{"start":{"line":34,"column":12},"end":{"line":34,"column":132}},"22":{"start":{"line":36,"column":19},"end":{"line":36,"column":32}},"23":{"start":{"line":37,"column":21},"end":{"line":37,"column":35}},"24":{"start":{"line":38,"column":8},"end":{"line":38,"column":28}},"25":{"start":{"line":39,"column":8},"end":{"line":39,"column":55}},"26":{"start":{"line":40,"column":8},"end":{"line":40,"column":35}},"27":{"start":{"line":43,"column":8},"end":{"line":94,"column":11}},"28":{"start":{"line":44,"column":33},"end":{"line":44,"column":75}},"29":{"start":{"line":45,"column":12},"end":{"line":93,"column":13}},"30":{"start":{"line":46,"column":16},"end":{"line":89,"column":17}},"31":{"start":{"line":47,"column":20},"end":{"line":47,"column":97}},"32":{"start":{"line":48,"column":39},"end":{"line":48,"column":78}},"33":{"start":{"line":49,"column":29},"end":{"line":49,"column":42}},"34":{"start":{"line":50,"column":20},"end":{"line":85,"column":23}},"35":{"start":{"line":51,"column":24},"end":{"line":84,"column":25}},"36":{"start":{"line":52,"column":28},"end":{"line":52,"column":72}},"37":{"start":{"line":55,"column":28},"end":{"line":83,"column":29}},"38":{"start":{"line":56,"column":46},"end":{"line":56,"column":62}},"39":{"start":{"line":57,"column":48},"end":{"line":57,"column":75}},"40":{"start":{"line":58,"column":43},"end":{"line":58,"column":69}},"41":{"start":{"line":59,"column":32},"end":{"line":67,"column":33}},"42":{"start":{"line":60,"column":36},"end":{"line":60,"column":79}},"43":{"start":{"line":62,"column":37},"end":{"line":67,"column":33}},"44":{"start":{"line":63,"column":36},"end":{"line":63,"column":77}},"45":{"start":{"line":66,"column":36},"end":{"line":66,"column":78}},"46":{"start":{"line":68,"column":53},"end":{"line":68,"column":97}},"47":{"start":{"line":69,"column":53},"end":{"line":69,"column":89}},"48":{"start":{"line":70,"column":41},"end":{"line":70,"column":106}},"49":{"start":{"line":71,"column":32},"end":{"line":71,"column":67}},"50":{"start":{"line":74,"column":32},"end":{"line":82,"column":33}},"51":{"start":{"line":75,"column":36},"end":{"line":75,"column":87}},"52":{"start":{"line":77,"column":37},"end":{"line":82,"column":33}},"53":{"start":{"line":78,"column":36},"end":{"line":78,"column":80}},"54":{"start":{"line":81,"column":36},"end":{"line":81,"column":80}},"55":{"start":{"line":88,"column":20},"end":{"line":88,"column":64}},"56":{"start":{"line":92,"column":16},"end":{"line":92,"column":60}},"57":{"start":{"line":97,"column":19},"end":{"line":97,"column":32}},"58":{"start":{"line":98,"column":37},"end":{"line":98,"column":59}},"59":{"start":{"line":99,"column":23},"end":{"line":99,"column":25}},"60":{"start":{"line":100,"column":8},"end":{"line":108,"column":11}},"61":{"start":{"line":101,"column":34},"end":{"line":101,"column":81}},"62":{"start":{"line":102,"column":30},"end":{"line":102,"column":57}},"63":{"start":{"line":103,"column":33},"end":{"line":103,"column":35}},"64":{"start":{"line":104,"column":12},"end":{"line":104,"column":45}},"65":{"start":{"line":105,"column":12},"end":{"line":105,"column":49}},"66":{"start":{"line":106,"column":12},"end":{"line":106,"column":55}},"67":{"start":{"line":107,"column":12},"end":{"line":107,"column":40}},"68":{"start":{"line":109,"column":8},"end":{"line":111,"column":11}},"69":{"start":{"line":110,"column":12},"end":{"line":110,"column":111}},"70":{"start":{"line":112,"column":8},"end":{"line":112,"column":41}},"71":{"start":{"line":115,"column":0},"end":{"line":115,"column":32}}},"fnMap":{"0":{"name":"(anonymous_0)","decl":{"start":{"line":12,"column":4},"end":{"line":12,"column":5}},"loc":{"start":{"line":12,"column":18},"end":{"line":14,"column":5}},"line":12},"1":{"name":"(anonymous_1)","decl":{"start":{"line":15,"column":4},"end":{"line":15,"column":5}},"loc":{"start":{"line":15,"column":34},"end":{"line":28,"column":5}},"line":15},"2":{"name":"(anonymous_2)","decl":{"start":{"line":29,"column":4},"end":{"line":29,"column":5}},"loc":{"start":{"line":29,"column":22},"end":{"line":41,"column":5}},"line":29},"3":{"name":"(anonymous_3)","decl":{"start":{"line":42,"column":4},"end":{"line":42,"column":5}},"loc":{"start":{"line":42,"column":24},"end":{"line":95,"column":5}},"line":42},"4":{"name":"(anonymous_4)","decl":{"start":{"line":43,"column":27},"end":{"line":43,"column":28}},"loc":{"start":{"line":43,"column":54},"end":{"line":94,"column":9}},"line":43},"5":{"name":"(anonymous_5)","decl":{"start":{"line":50,"column":58},"end":{"line":50,"column":59}},"loc":{"start":{"line":50,"column":73},"end":{"line":85,"column":21}},"line":50},"6":{"name":"(anonymous_6)","decl":{"start":{"line":96,"column":4},"end":{"line":96,"column":5}},"loc":{"start":{"line":96,"column":19},"end":{"line":113,"column":5}},"line":96},"7":{"name":"(anonymous_7)","decl":{"start":{"line":100,"column":39},"end":{"line":100,"column":40}},"loc":{"start":{"line":100,"column":58},"end":{"line":108,"column":9}},"line":100},"8":{"name":"(anonymous_8)","decl":{"start":{"line":109,"column":25},"end":{"line":109,"column":26}},"loc":{"start":{"line":109,"column":38},"end":{"line":111,"column":9}},"line":109}},"branchMap":{"0":{"loc":{"start":{"line":16,"column":8},"end":{"line":18,"column":9}},"type":"if","locations":[{"start":{"line":16,"column":8},"end":{"line":18,"column":9}},{"start":{"line":16,"column":8},"end":{"line":18,"column":9}}],"line":16},"1":{"loc":{"start":{"line":19,"column":8},"end":{"line":21,"column":9}},"type":"if","locations":[{"start":{"line":19,"column":8},"end":{"line":21,"column":9}},{"start":{"line":19,"column":8},"end":{"line":21,"column":9}}],"line":19},"2":{"loc":{"start":{"line":22,"column":8},"end":{"line":27,"column":9}},"type":"if","locations":[{"start":{"line":22,"column":8},"end":{"line":27,"column":9}},{"start":{"line":22,"column":8},"end":{"line":27,"column":9}}],"line":22},"3":{"loc":{"start":{"line":25,"column":13},"end":{"line":27,"column":9}},"type":"if","locations":[{"start":{"line":25,"column":13},"end":{"line":27,"column":9}},{"start":{"line":25,"column":13},"end":{"line":27,"column":9}}],"line":25},"4":{"loc":{"start":{"line":30,"column":8},"end":{"line":32,"column":9}},"type":"if","locations":[{"start":{"line":30,"column":8},"end":{"line":32,"column":9}},{"start":{"line":30,"column":8},"end":{"line":32,"column":9}}],"line":30},"5":{"loc":{"start":{"line":33,"column":8},"end":{"line":35,"column":9}},"type":"if","locations":[{"start":{"line":33,"column":8},"end":{"line":35,"column":9}},{"start":{"line":33,"column":8},"end":{"line":35,"column":9}}],"line":33},"6":{"loc":{"start":{"line":46,"column":16},"end":{"line":89,"column":17}},"type":"if","locations":[{"start":{"line":46,"column":16},"end":{"line":89,"column":17}},{"start":{"line":46,"column":16},"end":{"line":89,"column":17}}],"line":46},"7":{"loc":{"start":{"line":51,"column":24},"end":{"line":84,"column":25}},"type":"if","locations":[{"start":{"line":51,"column":24},"end":{"line":84,"column":25}},{"start":{"line":51,"column":24},"end":{"line":84,"column":25}}],"line":51},"8":{"loc":{"start":{"line":59,"column":32},"end":{"line":67,"column":33}},"type":"if","locations":[{"start":{"line":59,"column":32},"end":{"line":67,"column":33}},{"start":{"line":59,"column":32},"end":{"line":67,"column":33}}],"line":59},"9":{"loc":{"start":{"line":62,"column":37},"end":{"line":67,"column":33}},"type":"if","locations":[{"start":{"line":62,"column":37},"end":{"line":67,"column":33}},{"start":{"line":62,"column":37},"end":{"line":67,"column":33}}],"line":62},"10":{"loc":{"start":{"line":74,"column":32},"end":{"line":82,"column":33}},"type":"if","locations":[{"start":{"line":74,"column":32},"end":{"line":82,"column":33}},{"start":{"line":74,"column":32},"end":{"line":82,"column":33}}],"line":74},"11":{"loc":{"start":{"line":77,"column":37},"end":{"line":82,"column":33}},"type":"if","locations":[{"start":{"line":77,"column":37},"end":{"line":82,"column":33}},{"start":{"line":77,"column":37},"end":{"line":82,"column":33}}],"line":77}},"s":{"0":1,"1":1,"2":1,"3":1,"4":1,"5":1,"6":1,"7":1,"8":1,"9":19,"10":19,"11":3,"12":16,"13":1,"14":15,"15":13,"16":2,"17":2,"18":3,"19":1,"20":2,"21":1,"22":1,"23":1,"24":1,"25":1,"26":1,"27":247,"28":247,"29":247,"30":247,"31":104,"32":98,"33":98,"34":98,"35":98,"36":0,"37":98,"38":98,"39":98,"40":98,"41":98,"42":94,"43":4,"44":4,"45":0,"46":98,"47":98,"48":98,"49":98,"50":11,"51":6,"52":5,"53":4,"54":1,"55":0,"56":149,"57":3,"58":3,"59":3,"60":3,"61":3,"62":3,"63":3,"64":3,"65":3,"66":3,"67":3,"68":3,"69":3,"70":3,"71":1},"f":{"0":19,"1":19,"2":3,"3":247,"4":247,"5":98,"6":3,"7":3,"8":3},"b":{"0":[3,16],"1":[1,15],"2":[13,2],"3":[2,0],"4":[1,2],"5":[1,1],"6":[104,0],"7":[0,98],"8":[94,4],"9":[4,0],"10":[6,5],"11":[4,1]},"_coverageSchema":"332fd63041d2c1bcb487cc26dd0d5f7d97098a6c","hash":"649dbe9611b77b5b9b3146480d6282aac39db7ec","contentHash":"37789aa49fcd5ccd67e1ce5a72829021_11.3.0"},"C:\\Users\\Chih-Kae\\WebstormProjects\\project_team219\\src\\Util.js":{"path":"C:\\Users\\Chih-Kae\\WebstormProjects\\project_team219\\src\\Util.js","statementMap":{"0":{"start":{"line":2,"column":0},"end":{"line":2,"column":62}},"1":{"start":{"line":5,"column":8},"end":{"line":5,"column":67}},"2":{"start":{"line":8,"column":8},"end":{"line":8,"column":68}},"3":{"start":{"line":11,"column":8},"end":{"line":11,"column":68}},"4":{"start":{"line":14,"column":8},"end":{"line":14,"column":69}},"5":{"start":{"line":17,"column":8},"end":{"line":17,"column":67}},"6":{"start":{"line":20,"column":0},"end":{"line":20,"column":22}}},"fnMap":{"0":{"name":"(anonymous_0)","decl":{"start":{"line":4,"column":4},"end":{"line":4,"column":5}},"loc":{"start":{"line":4,"column":25},"end":{"line":6,"column":5}},"line":4},"1":{"name":"(anonymous_1)","decl":{"start":{"line":7,"column":4},"end":{"line":7,"column":5}},"loc":{"start":{"line":7,"column":24},"end":{"line":9,"column":5}},"line":7},"2":{"name":"(anonymous_2)","decl":{"start":{"line":10,"column":4},"end":{"line":10,"column":5}},"loc":{"start":{"line":10,"column":24},"end":{"line":12,"column":5}},"line":10},"3":{"name":"(anonymous_3)","decl":{"start":{"line":13,"column":4},"end":{"line":13,"column":5}},"loc":{"start":{"line":13,"column":25},"end":{"line":15,"column":5}},"line":13},"4":{"name":"(anonymous_4)","decl":{"start":{"line":16,"column":4},"end":{"line":16,"column":5}},"loc":{"start":{"line":16,"column":24},"end":{"line":18,"column":5}},"line":16}},"branchMap":{},"s":{"0":1,"1":19,"2":15,"3":0,"4":1,"5":42,"6":1},"f":{"0":19,"1":15,"2":0,"3":1,"4":42},"b":{},"_coverageSchema":"332fd63041d2c1bcb487cc26dd0d5f7d97098a6c","hash":"ff83448b21cff925718dd80c147d1099de078b89","contentHash":"1612e7b3a0fea4b9841fa4bee78a42a9_11.3.0"},"C:\\Users\\Chih-Kae\\WebstormProjects\\project_team219\\src\\controller\\Dataset.js":{"path":"C:\\Users\\Chih-Kae\\WebstormProjects\\project_team219\\src\\controller\\Dataset.js","statementMap":{"0":{"start":{"line":2,"column":0},"end":{"line":2,"column":62}},"1":{"start":{"line":3,"column":15},"end":{"line":3,"column":33}},"2":{"start":{"line":4,"column":25},"end":{"line":4,"column":52}},"3":{"start":{"line":5,"column":14},"end":{"line":5,"column":30}},"4":{"start":{"line":6,"column":23},"end":{"line":6,"column":48}},"5":{"start":{"line":9,"column":0},"end":{"line":9,"column":26}},"6":{"start":{"line":12,"column":0},"end":{"line":12,"column":24}},"7":{"start":{"line":15,"column":0},"end":{"line":15,"column":26}},"8":{"start":{"line":18,"column":0},"end":{"line":18,"column":28}},"9":{"start":{"line":21,"column":0},"end":{"line":21,"column":20}},"10":{"start":{"line":23,"column":23},"end":{"line":23,"column":50}},"11":{"start":{"line":24,"column":19},"end":{"line":24,"column":21}},"12":{"start":{"line":25,"column":15},"end":{"line":25,"column":44}},"13":{"start":{"line":26,"column":4},"end":{"line":50,"column":7}},"14":{"start":{"line":27,"column":8},"end":{"line":38,"column":11}},"15":{"start":{"line":28,"column":12},"end":{"line":37,"column":13}},"16":{"start":{"line":29,"column":16},"end":{"line":36,"column":19}},"17":{"start":{"line":31,"column":37},"end":{"line":31,"column":62}},"18":{"start":{"line":32,"column":33},"end":{"line":32,"column":61}},"19":{"start":{"line":33,"column":20},"end":{"line":35,"column":21}},"20":{"start":{"line":34,"column":24},"end":{"line":34,"column":58}},"21":{"start":{"line":39,"column":8},"end":{"line":47,"column":11}},"22":{"start":{"line":40,"column":12},"end":{"line":40,"column":69}},"23":{"start":{"line":41,"column":12},"end":{"line":46,"column":13}},"24":{"start":{"line":42,"column":16},"end":{"line":42,"column":77}},"25":{"start":{"line":45,"column":16},"end":{"line":45,"column":125}},"26":{"start":{"line":49,"column":8},"end":{"line":49,"column":81}},"27":{"start":{"line":52,"column":0},"end":{"line":52,"column":46}},"28":{"start":{"line":54,"column":23},"end":{"line":54,"column":50}},"29":{"start":{"line":55,"column":19},"end":{"line":55,"column":21}},"30":{"start":{"line":56,"column":20},"end":{"line":56,"column":22}},"31":{"start":{"line":57,"column":16},"end":{"line":57,"column":18}},"32":{"start":{"line":58,"column":4},"end":{"line":102,"column":7}},"33":{"start":{"line":59,"column":8},"end":{"line":74,"column":11}},"34":{"start":{"line":60,"column":12},"end":{"line":73,"column":15}},"35":{"start":{"line":62,"column":31},"end":{"line":62,"column":59}},"36":{"start":{"line":63,"column":16},"end":{"line":72,"column":17}},"37":{"start":{"line":64,"column":39},"end":{"line":64,"column":83}},"38":{"start":{"line":65,"column":20},"end":{"line":65,"column":45}},"39":{"start":{"line":67,"column":21},"end":{"line":72,"column":17}},"40":{"start":{"line":68,"column":35},"end":{"line":68,"column":85}},"41":{"start":{"line":69,"column":20},"end":{"line":71,"column":21}},"42":{"start":{"line":70,"column":24},"end":{"line":70,"column":45}},"43":{"start":{"line":75,"column":8},"end":{"line":99,"column":11}},"44":{"start":{"line":76,"column":30},"end":{"line":76,"column":32}},"45":{"start":{"line":77,"column":12},"end":{"line":77,"column":47}},"46":{"start":{"line":78,"column":12},"end":{"line":85,"column":15}},"47":{"start":{"line":79,"column":16},"end":{"line":84,"column":19}},"48":{"start":{"line":80,"column":20},"end":{"line":83,"column":21}},"49":{"start":{"line":81,"column":24},"end":{"line":81,"column":56}},"50":{"start":{"line":82,"column":24},"end":{"line":82,"column":47}},"51":{"start":{"line":86,"column":30},"end":{"line":91,"column":14}},"52":{"start":{"line":87,"column":16},"end":{"line":90,"column":19}},"53":{"start":{"line":88,"column":20},"end":{"line":88,"column":39}},"54":{"start":{"line":89,"column":20},"end":{"line":89,"column":39}},"55":{"start":{"line":92,"column":12},"end":{"line":98,"column":15}},"56":{"start":{"line":93,"column":16},"end":{"line":93,"column":49}},"57":{"start":{"line":94,"column":16},"end":{"line":94,"column":58}},"58":{"start":{"line":95,"column":16},"end":{"line":97,"column":17}},"59":{"start":{"line":96,"column":20},"end":{"line":96,"column":81}},"60":{"start":{"line":101,"column":8},"end":{"line":101,"column":81}},"61":{"start":{"line":104,"column":0},"end":{"line":104,"column":42}},"62":{"start":{"line":106,"column":4},"end":{"line":106,"column":66}},"63":{"start":{"line":108,"column":0},"end":{"line":108,"column":32}},"64":{"start":{"line":110,"column":4},"end":{"line":112,"column":5}},"65":{"start":{"line":111,"column":8},"end":{"line":111,"column":17}},"66":{"start":{"line":113,"column":16},"end":{"line":113,"column":17}},"67":{"start":{"line":114,"column":4},"end":{"line":116,"column":7}},"68":{"start":{"line":115,"column":8},"end":{"line":115,"column":40}},"69":{"start":{"line":117,"column":4},"end":{"line":117,"column":17}},"70":{"start":{"line":119,"column":0},"end":{"line":119,"column":50}},"71":{"start":{"line":121,"column":18},"end":{"line":121,"column":31}},"72":{"start":{"line":122,"column":4},"end":{"line":122,"column":20}},"73":{"start":{"line":123,"column":4},"end":{"line":123,"column":24}},"74":{"start":{"line":124,"column":4},"end":{"line":124,"column":24}},"75":{"start":{"line":125,"column":4},"end":{"line":125,"column":25}},"76":{"start":{"line":126,"column":4},"end":{"line":126,"column":23}},"77":{"start":{"line":127,"column":4},"end":{"line":127,"column":19}},"78":{"start":{"line":129,"column":0},"end":{"line":129,"column":46}},"79":{"start":{"line":131,"column":13},"end":{"line":131,"column":26}},"80":{"start":{"line":132,"column":17},"end":{"line":132,"column":40}},"81":{"start":{"line":133,"column":4},"end":{"line":133,"column":45}},"82":{"start":{"line":134,"column":4},"end":{"line":134,"column":47}},"83":{"start":{"line":135,"column":4},"end":{"line":135,"column":41}},"84":{"start":{"line":137,"column":0},"end":{"line":137,"column":48}},"85":{"start":{"line":139,"column":13},"end":{"line":139,"column":26}},"86":{"start":{"line":140,"column":27},"end":{"line":140,"column":51}},"87":{"start":{"line":141,"column":4},"end":{"line":141,"column":28}},"88":{"start":{"line":143,"column":0},"end":{"line":143,"column":66}},"89":{"start":{"line":146,"column":4},"end":{"line":152,"column":5}},"90":{"start":{"line":147,"column":8},"end":{"line":147,"column":40}},"91":{"start":{"line":150,"column":8},"end":{"line":150,"column":75}},"92":{"start":{"line":151,"column":8},"end":{"line":151,"column":25}},"93":{"start":{"line":153,"column":18},"end":{"line":153,"column":40}},"94":{"start":{"line":154,"column":4},"end":{"line":156,"column":5}},"95":{"start":{"line":155,"column":8},"end":{"line":155,"column":25}},"96":{"start":{"line":157,"column":19},"end":{"line":157,"column":21}},"97":{"start":{"line":158,"column":4},"end":{"line":169,"column":5}},"98":{"start":{"line":159,"column":8},"end":{"line":164,"column":9}},"99":{"start":{"line":160,"column":12},"end":{"line":163,"column":13}},"100":{"start":{"line":161,"column":24},"end":{"line":161,"column":51}},"101":{"start":{"line":162,"column":16},"end":{"line":162,"column":33}},"102":{"start":{"line":165,"column":21},"end":{"line":165,"column":33}},"103":{"start":{"line":166,"column":8},"end":{"line":166,"column":31}},"104":{"start":{"line":167,"column":8},"end":{"line":167,"column":35}},"105":{"start":{"line":168,"column":8},"end":{"line":168,"column":22}},"106":{"start":{"line":171,"column":0},"end":{"line":171,"column":34}},"107":{"start":{"line":173,"column":4},"end":{"line":177,"column":5}},"108":{"start":{"line":174,"column":8},"end":{"line":176,"column":9}},"109":{"start":{"line":175,"column":12},"end":{"line":175,"column":25}},"110":{"start":{"line":178,"column":4},"end":{"line":178,"column":16}},"111":{"start":{"line":181,"column":15},"end":{"line":181,"column":28}},"112":{"start":{"line":182,"column":4},"end":{"line":182,"column":29}},"113":{"start":{"line":183,"column":4},"end":{"line":183,"column":38}},"114":{"start":{"line":184,"column":4},"end":{"line":184,"column":40}},"115":{"start":{"line":185,"column":4},"end":{"line":185,"column":31}},"116":{"start":{"line":186,"column":4},"end":{"line":186,"column":29}},"117":{"start":{"line":187,"column":4},"end":{"line":187,"column":29}},"118":{"start":{"line":188,"column":4},"end":{"line":188,"column":31}},"119":{"start":{"line":189,"column":4},"end":{"line":189,"column":27}},"120":{"start":{"line":190,"column":4},"end":{"line":195,"column":5}},"121":{"start":{"line":191,"column":8},"end":{"line":191,"column":25}},"122":{"start":{"line":194,"column":8},"end":{"line":194,"column":41}},"123":{"start":{"line":196,"column":4},"end":{"line":196,"column":32}},"124":{"start":{"line":197,"column":4},"end":{"line":197,"column":16}}},"fnMap":{"0":{"name":"addCoursesDataset","decl":{"start":{"line":22,"column":9},"end":{"line":22,"column":26}},"loc":{"start":{"line":22,"column":46},"end":{"line":51,"column":1}},"line":22},"1":{"name":"(anonymous_1)","decl":{"start":{"line":26,"column":38},"end":{"line":26,"column":39}},"loc":{"start":{"line":26,"column":53},"end":{"line":48,"column":5}},"line":26},"2":{"name":"(anonymous_2)","decl":{"start":{"line":27,"column":46},"end":{"line":27,"column":47}},"loc":{"start":{"line":27,"column":66},"end":{"line":38,"column":9}},"line":27},"3":{"name":"(anonymous_3)","decl":{"start":{"line":30,"column":26},"end":{"line":30,"column":27}},"loc":{"start":{"line":30,"column":41},"end":{"line":36,"column":17}},"line":30},"4":{"name":"(anonymous_4)","decl":{"start":{"line":39,"column":42},"end":{"line":39,"column":43}},"loc":{"start":{"line":39,"column":48},"end":{"line":47,"column":9}},"line":39},"5":{"name":"(anonymous_5)","decl":{"start":{"line":48,"column":13},"end":{"line":48,"column":14}},"loc":{"start":{"line":48,"column":22},"end":{"line":50,"column":5}},"line":48},"6":{"name":"addRoomsDataset","decl":{"start":{"line":53,"column":9},"end":{"line":53,"column":24}},"loc":{"start":{"line":53,"column":44},"end":{"line":103,"column":1}},"line":53},"7":{"name":"(anonymous_7)","decl":{"start":{"line":58,"column":63},"end":{"line":58,"column":64}},"loc":{"start":{"line":58,"column":78},"end":{"line":100,"column":5}},"line":58},"8":{"name":"(anonymous_8)","decl":{"start":{"line":59,"column":46},"end":{"line":59,"column":47}},"loc":{"start":{"line":59,"column":66},"end":{"line":74,"column":9}},"line":59},"9":{"name":"(anonymous_9)","decl":{"start":{"line":61,"column":22},"end":{"line":61,"column":23}},"loc":{"start":{"line":61,"column":37},"end":{"line":73,"column":13}},"line":61},"10":{"name":"(anonymous_10)","decl":{"start":{"line":75,"column":42},"end":{"line":75,"column":43}},"loc":{"start":{"line":75,"column":48},"end":{"line":99,"column":9}},"line":75},"11":{"name":"(anonymous_11)","decl":{"start":{"line":78,"column":26},"end":{"line":78,"column":27}},"loc":{"start":{"line":78,"column":36},"end":{"line":85,"column":13}},"line":78},"12":{"name":"(anonymous_12)","decl":{"start":{"line":79,"column":34},"end":{"line":79,"column":35}},"loc":{"start":{"line":79,"column":48},"end":{"line":84,"column":17}},"line":79},"13":{"name":"(anonymous_13)","decl":{"start":{"line":86,"column":46},"end":{"line":86,"column":47}},"loc":{"start":{"line":86,"column":56},"end":{"line":91,"column":13}},"line":86},"14":{"name":"(anonymous_14)","decl":{"start":{"line":87,"column":72},"end":{"line":87,"column":73}},"loc":{"start":{"line":87,"column":81},"end":{"line":90,"column":17}},"line":87},"15":{"name":"(anonymous_15)","decl":{"start":{"line":92,"column":49},"end":{"line":92,"column":50}},"loc":{"start":{"line":92,"column":55},"end":{"line":98,"column":13}},"line":92},"16":{"name":"(anonymous_16)","decl":{"start":{"line":100,"column":13},"end":{"line":100,"column":14}},"loc":{"start":{"line":100,"column":22},"end":{"line":102,"column":5}},"line":100},"17":{"name":"validateId","decl":{"start":{"line":105,"column":9},"end":{"line":105,"column":19}},"loc":{"start":{"line":105,"column":24},"end":{"line":107,"column":1}},"line":105},"18":{"name":"getNumberOfSections","decl":{"start":{"line":109,"column":9},"end":{"line":109,"column":28}},"loc":{"start":{"line":109,"column":38},"end":{"line":118,"column":1}},"line":109},"19":{"name":"(anonymous_19)","decl":{"start":{"line":114,"column":28},"end":{"line":114,"column":29}},"loc":{"start":{"line":114,"column":46},"end":{"line":116,"column":5}},"line":114},"20":{"name":"initializeDataset","decl":{"start":{"line":120,"column":9},"end":{"line":120,"column":26}},"loc":{"start":{"line":120,"column":37},"end":{"line":128,"column":1}},"line":120},"21":{"name":"writeDatasetToDisk","decl":{"start":{"line":130,"column":9},"end":{"line":130,"column":27}},"loc":{"start":{"line":130,"column":41},"end":{"line":136,"column":1}},"line":130},"22":{"name":"getCurrentlyAddedDatasetIds","decl":{"start":{"line":138,"column":9},"end":{"line":138,"column":36}},"loc":{"start":{"line":138,"column":39},"end":{"line":142,"column":1}},"line":138},"23":{"name":"parseCourse","decl":{"start":{"line":144,"column":9},"end":{"line":144,"column":20}},"loc":{"start":{"line":144,"column":37},"end":{"line":170,"column":1}},"line":144},"24":{"name":"isEmpty","decl":{"start":{"line":172,"column":9},"end":{"line":172,"column":16}},"loc":{"start":{"line":172,"column":22},"end":{"line":179,"column":1}},"line":172},"25":{"name":"extractSectionData","decl":{"start":{"line":180,"column":9},"end":{"line":180,"column":27}},"loc":{"start":{"line":180,"column":37},"end":{"line":198,"column":1}},"line":180}},"branchMap":{"0":{"loc":{"start":{"line":28,"column":12},"end":{"line":37,"column":13}},"type":"if","locations":[{"start":{"line":28,"column":12},"end":{"line":37,"column":13}},{"start":{"line":28,"column":12},"end":{"line":37,"column":13}}],"line":28},"1":{"loc":{"start":{"line":33,"column":20},"end":{"line":35,"column":21}},"type":"if","locations":[{"start":{"line":33,"column":20},"end":{"line":35,"column":21}},{"start":{"line":33,"column":20},"end":{"line":35,"column":21}}],"line":33},"2":{"loc":{"start":{"line":41,"column":12},"end":{"line":46,"column":13}},"type":"if","locations":[{"start":{"line":41,"column":12},"end":{"line":46,"column":13}},{"start":{"line":41,"column":12},"end":{"line":46,"column":13}}],"line":41},"3":{"loc":{"start":{"line":63,"column":16},"end":{"line":72,"column":17}},"type":"if","locations":[{"start":{"line":63,"column":16},"end":{"line":72,"column":17}},{"start":{"line":63,"column":16},"end":{"line":72,"column":17}}],"line":63},"4":{"loc":{"start":{"line":67,"column":21},"end":{"line":72,"column":17}},"type":"if","locations":[{"start":{"line":67,"column":21},"end":{"line":72,"column":17}},{"start":{"line":67,"column":21},"end":{"line":72,"column":17}}],"line":67},"5":{"loc":{"start":{"line":69,"column":20},"end":{"line":71,"column":21}},"type":"if","locations":[{"start":{"line":69,"column":20},"end":{"line":71,"column":21}},{"start":{"line":69,"column":20},"end":{"line":71,"column":21}}],"line":69},"6":{"loc":{"start":{"line":80,"column":20},"end":{"line":83,"column":21}},"type":"if","locations":[{"start":{"line":80,"column":20},"end":{"line":83,"column":21}},{"start":{"line":80,"column":20},"end":{"line":83,"column":21}}],"line":80},"7":{"loc":{"start":{"line":95,"column":16},"end":{"line":97,"column":17}},"type":"if","locations":[{"start":{"line":95,"column":16},"end":{"line":97,"column":17}},{"start":{"line":95,"column":16},"end":{"line":97,"column":17}}],"line":95},"8":{"loc":{"start":{"line":106,"column":13},"end":{"line":106,"column":64}},"type":"binary-expr","locations":[{"start":{"line":106,"column":13},"end":{"line":106,"column":24}},{"start":{"line":106,"column":28},"end":{"line":106,"column":44}},{"start":{"line":106,"column":48},"end":{"line":106,"column":64}}],"line":106},"9":{"loc":{"start":{"line":110,"column":4},"end":{"line":112,"column":5}},"type":"if","locations":[{"start":{"line":110,"column":4},"end":{"line":112,"column":5}},{"start":{"line":110,"column":4},"end":{"line":112,"column":5}}],"line":110},"10":{"loc":{"start":{"line":154,"column":4},"end":{"line":156,"column":5}},"type":"if","locations":[{"start":{"line":154,"column":4},"end":{"line":156,"column":5}},{"start":{"line":154,"column":4},"end":{"line":156,"column":5}}],"line":154},"11":{"loc":{"start":{"line":154,"column":8},"end":{"line":154,"column":49}},"type":"binary-expr","locations":[{"start":{"line":154,"column":8},"end":{"line":154,"column":29}},{"start":{"line":154,"column":33},"end":{"line":154,"column":49}}],"line":154},"12":{"loc":{"start":{"line":158,"column":4},"end":{"line":169,"column":5}},"type":"if","locations":[{"start":{"line":158,"column":4},"end":{"line":169,"column":5}},{"start":{"line":158,"column":4},"end":{"line":169,"column":5}}],"line":158},"13":{"loc":{"start":{"line":160,"column":12},"end":{"line":163,"column":13}},"type":"if","locations":[{"start":{"line":160,"column":12},"end":{"line":163,"column":13}},{"start":{"line":160,"column":12},"end":{"line":163,"column":13}}],"line":160},"14":{"loc":{"start":{"line":174,"column":8},"end":{"line":176,"column":9}},"type":"if","locations":[{"start":{"line":174,"column":8},"end":{"line":176,"column":9}},{"start":{"line":174,"column":8},"end":{"line":176,"column":9}}],"line":174},"15":{"loc":{"start":{"line":190,"column":4},"end":{"line":195,"column":5}},"type":"if","locations":[{"start":{"line":190,"column":4},"end":{"line":195,"column":5}},{"start":{"line":190,"column":4},"end":{"line":195,"column":5}}],"line":190}},"s":{"0":1,"1":1,"2":1,"3":1,"4":1,"5":1,"6":1,"7":1,"8":1,"9":1,"10":13,"11":13,"12":13,"13":13,"14":12,"15":23788,"16":23784,"17":23784,"18":23784,"19":23784,"20":14361,"21":12,"22":12,"23":12,"24":8,"25":4,"26":5,"27":1,"28":2,"29":2,"30":2,"31":2,"32":2,"33":2,"34":162,"35":162,"36":162,"37":2,"38":2,"39":160,"40":152,"41":152,"42":92,"43":2,"44":2,"45":2,"46":2,"47":732,"48":54168,"49":728,"50":728,"51":2,"52":728,"53":728,"54":728,"55":2,"56":2,"57":2,"58":2,"59":2,"60":0,"61":1,"62":22,"63":1,"64":12,"65":3,"66":9,"67":9,"68":14361,"69":9,"70":1,"71":15,"72":15,"73":15,"74":15,"75":15,"76":15,"77":15,"78":1,"79":10,"80":10,"81":10,"82":10,"83":10,"84":1,"85":28,"86":28,"87":28,"88":1,"89":23784,"90":23784,"91":1,"92":1,"93":23783,"94":23783,"95":2,"96":23781,"97":23781,"98":14361,"99":258453,"100":258452,"101":258452,"102":14361,"103":14361,"104":14361,"105":14361,"106":1,"107":258453,"108":258452,"109":258452,"110":1,"111":258452,"112":258452,"113":258452,"114":258452,"115":258452,"116":258452,"117":258452,"118":258452,"119":258452,"120":258452,"121":98484,"122":159968,"123":258452,"124":258452},"f":{"0":13,"1":12,"2":23788,"3":23784,"4":12,"5":5,"6":2,"7":2,"8":162,"9":162,"10":2,"11":732,"12":54168,"13":728,"14":728,"15":2,"16":0,"17":22,"18":12,"19":14361,"20":15,"21":10,"22":28,"23":23784,"24":258453,"25":258452},"b":{"0":[23784,4],"1":[14361,9423],"2":[8,4],"3":[2,160],"4":[152,8],"5":[92,60],"6":[728,53440],"7":[2,0],"8":[22,21,20],"9":[3,9],"10":[2,23781],"11":[23783,23782],"12":[14361,9420],"13":[258452,1],"14":[258452,0],"15":[98484,159968]},"_coverageSchema":"332fd63041d2c1bcb487cc26dd0d5f7d97098a6c","hash":"5bbf6dea1a0e42abd5e0995d154de77b56bb2b74","contentHash":"79a10be958197a3949ad5ade44d7da22_11.3.0"},"C:\\Users\\Chih-Kae\\WebstormProjects\\project_team219\\src\\controller\\DomTraverser.js":{"path":"C:\\Users\\Chih-Kae\\WebstormProjects\\project_team219\\src\\controller\\DomTraverser.js","statementMap":{"0":{"start":{"line":2,"column":0},"end":{"line":2,"column":62}},"1":{"start":{"line":3,"column":15},"end":{"line":3,"column":33}},"2":{"start":{"line":4,"column":18},"end":{"line":4,"column":38}},"3":{"start":{"line":6,"column":19},"end":{"line":6,"column":40}},"4":{"start":{"line":7,"column":4},"end":{"line":9,"column":5}},"5":{"start":{"line":8,"column":8},"end":{"line":8,"column":25}},"6":{"start":{"line":10,"column":19},"end":{"line":10,"column":40}},"7":{"start":{"line":11,"column":18},"end":{"line":11,"column":38}},"8":{"start":{"line":12,"column":4},"end":{"line":14,"column":5}},"9":{"start":{"line":13,"column":8},"end":{"line":13,"column":25}},"10":{"start":{"line":15,"column":18},"end":{"line":15,"column":48}},"11":{"start":{"line":16,"column":4},"end":{"line":18,"column":5}},"12":{"start":{"line":17,"column":8},"end":{"line":17,"column":25}},"13":{"start":{"line":19,"column":16},"end":{"line":19,"column":18}},"14":{"start":{"line":20,"column":4},"end":{"line":47,"column":7}},"15":{"start":{"line":21,"column":19},"end":{"line":21,"column":39}},"16":{"start":{"line":22,"column":8},"end":{"line":41,"column":11}},"17":{"start":{"line":23,"column":12},"end":{"line":28,"column":13}},"18":{"start":{"line":24,"column":33},"end":{"line":24,"column":63}},"19":{"start":{"line":25,"column":16},"end":{"line":25,"column":70}},"20":{"start":{"line":26,"column":42},"end":{"line":26,"column":84}},"21":{"start":{"line":27,"column":16},"end":{"line":27,"column":66}},"22":{"start":{"line":29,"column":12},"end":{"line":32,"column":13}},"23":{"start":{"line":30,"column":32},"end":{"line":30,"column":66}},"24":{"start":{"line":31,"column":16},"end":{"line":31,"column":63}},"25":{"start":{"line":33,"column":12},"end":{"line":36,"column":13}},"26":{"start":{"line":34,"column":32},"end":{"line":34,"column":66}},"27":{"start":{"line":35,"column":16},"end":{"line":35,"column":59}},"28":{"start":{"line":37,"column":12},"end":{"line":40,"column":13}},"29":{"start":{"line":38,"column":32},"end":{"line":38,"column":66}},"30":{"start":{"line":39,"column":16},"end":{"line":39,"column":54}},"31":{"start":{"line":42,"column":29},"end":{"line":42,"column":78}},"32":{"start":{"line":43,"column":8},"end":{"line":43,"column":40}},"33":{"start":{"line":44,"column":8},"end":{"line":44,"column":33}},"34":{"start":{"line":45,"column":8},"end":{"line":45,"column":55}},"35":{"start":{"line":46,"column":8},"end":{"line":46,"column":25}},"36":{"start":{"line":48,"column":4},"end":{"line":50,"column":7}},"37":{"start":{"line":49,"column":8},"end":{"line":49,"column":33}},"38":{"start":{"line":51,"column":4},"end":{"line":51,"column":17}},"39":{"start":{"line":53,"column":0},"end":{"line":53,"column":42}},"40":{"start":{"line":56,"column":4},"end":{"line":63,"column":7}},"41":{"start":{"line":57,"column":8},"end":{"line":62,"column":9}},"42":{"start":{"line":58,"column":28},"end":{"line":58,"column":60}},"43":{"start":{"line":59,"column":12},"end":{"line":61,"column":13}},"44":{"start":{"line":60,"column":16},"end":{"line":60,"column":60}},"45":{"start":{"line":64,"column":4},"end":{"line":64,"column":20}},"46":{"start":{"line":67,"column":18},"end":{"line":67,"column":20}},"47":{"start":{"line":68,"column":4},"end":{"line":72,"column":7}},"48":{"start":{"line":69,"column":8},"end":{"line":71,"column":9}},"49":{"start":{"line":70,"column":12},"end":{"line":70,"column":31}},"50":{"start":{"line":73,"column":4},"end":{"line":73,"column":19}},"51":{"start":{"line":76,"column":18},"end":{"line":76,"column":20}},"52":{"start":{"line":77,"column":4},"end":{"line":82,"column":7}},"53":{"start":{"line":78,"column":23},"end":{"line":78,"column":55}},"54":{"start":{"line":79,"column":8},"end":{"line":81,"column":9}},"55":{"start":{"line":80,"column":12},"end":{"line":80,"column":35}},"56":{"start":{"line":83,"column":4},"end":{"line":83,"column":19}},"57":{"start":{"line":86,"column":19},"end":{"line":86,"column":40}},"58":{"start":{"line":87,"column":18},"end":{"line":87,"column":20}},"59":{"start":{"line":88,"column":4},"end":{"line":92,"column":7}},"60":{"start":{"line":89,"column":8},"end":{"line":91,"column":9}},"61":{"start":{"line":90,"column":12},"end":{"line":90,"column":31}},"62":{"start":{"line":93,"column":18},"end":{"line":93,"column":20}},"63":{"start":{"line":94,"column":4},"end":{"line":99,"column":7}},"64":{"start":{"line":95,"column":23},"end":{"line":95,"column":55}},"65":{"start":{"line":96,"column":8},"end":{"line":98,"column":9}},"66":{"start":{"line":97,"column":12},"end":{"line":97,"column":35}},"67":{"start":{"line":100,"column":20},"end":{"line":100,"column":22}},"68":{"start":{"line":101,"column":4},"end":{"line":114,"column":7}},"69":{"start":{"line":102,"column":23},"end":{"line":102,"column":47}},"70":{"start":{"line":103,"column":8},"end":{"line":112,"column":11}},"71":{"start":{"line":104,"column":12},"end":{"line":107,"column":13}},"72":{"start":{"line":105,"column":32},"end":{"line":105,"column":66}},"73":{"start":{"line":106,"column":16},"end":{"line":106,"column":63}},"74":{"start":{"line":108,"column":12},"end":{"line":111,"column":13}},"75":{"start":{"line":109,"column":32},"end":{"line":109,"column":66}},"76":{"start":{"line":110,"column":16},"end":{"line":110,"column":61}},"77":{"start":{"line":113,"column":8},"end":{"line":113,"column":33}},"78":{"start":{"line":115,"column":4},"end":{"line":117,"column":7}},"79":{"start":{"line":116,"column":8},"end":{"line":116,"column":33}},"80":{"start":{"line":118,"column":4},"end":{"line":118,"column":21}},"81":{"start":{"line":120,"column":0},"end":{"line":120,"column":50}},"82":{"start":{"line":122,"column":21},"end":{"line":122,"column":31}},"83":{"start":{"line":123,"column":4},"end":{"line":127,"column":5}},"84":{"start":{"line":124,"column":8},"end":{"line":126,"column":9}},"85":{"start":{"line":125,"column":12},"end":{"line":125,"column":24}},"86":{"start":{"line":128,"column":4},"end":{"line":128,"column":17}},"87":{"start":{"line":131,"column":21},"end":{"line":131,"column":31}},"88":{"start":{"line":132,"column":4},"end":{"line":136,"column":5}},"89":{"start":{"line":133,"column":8},"end":{"line":135,"column":9}},"90":{"start":{"line":134,"column":12},"end":{"line":134,"column":29}},"91":{"start":{"line":137,"column":4},"end":{"line":137,"column":21}},"92":{"start":{"line":140,"column":21},"end":{"line":140,"column":36}},"93":{"start":{"line":141,"column":29},"end":{"line":141,"column":31}},"94":{"start":{"line":142,"column":4},"end":{"line":146,"column":5}},"95":{"start":{"line":143,"column":8},"end":{"line":145,"column":9}},"96":{"start":{"line":144,"column":12},"end":{"line":144,"column":47}},"97":{"start":{"line":147,"column":4},"end":{"line":147,"column":30}},"98":{"start":{"line":150,"column":16},"end":{"line":150,"column":18}},"99":{"start":{"line":151,"column":4},"end":{"line":163,"column":5}},"100":{"start":{"line":153,"column":8},"end":{"line":162,"column":9}},"101":{"start":{"line":154,"column":12},"end":{"line":157,"column":13}},"102":{"start":{"line":155,"column":27},"end":{"line":155,"column":45}},"103":{"start":{"line":156,"column":16},"end":{"line":156,"column":33}},"104":{"start":{"line":158,"column":30},"end":{"line":158,"column":61}},"105":{"start":{"line":159,"column":12},"end":{"line":161,"column":15}},"106":{"start":{"line":160,"column":16},"end":{"line":160,"column":30}},"107":{"start":{"line":164,"column":4},"end":{"line":164,"column":21}},"108":{"start":{"line":165,"column":4},"end":{"line":165,"column":17}},"109":{"start":{"line":168,"column":17},"end":{"line":168,"column":32}},"110":{"start":{"line":169,"column":28},"end":{"line":169,"column":55}},"111":{"start":{"line":170,"column":14},"end":{"line":170,"column":97}},"112":{"start":{"line":172,"column":4},"end":{"line":183,"column":7}},"113":{"start":{"line":173,"column":8},"end":{"line":182,"column":11}},"114":{"start":{"line":174,"column":30},"end":{"line":174,"column":57}},"115":{"start":{"line":175,"column":24},"end":{"line":175,"column":41}},"116":{"start":{"line":176,"column":22},"end":{"line":176,"column":37}},"117":{"start":{"line":177,"column":22},"end":{"line":177,"column":37}},"118":{"start":{"line":178,"column":12},"end":{"line":178,"column":85}},"119":{"start":{"line":179,"column":12},"end":{"line":179,"column":35}},"120":{"start":{"line":181,"column":12},"end":{"line":181,"column":28}},"121":{"start":{"line":185,"column":0},"end":{"line":185,"column":40}},"122":{"start":{"line":187,"column":4},"end":{"line":196,"column":7}},"123":{"start":{"line":188,"column":21},"end":{"line":188,"column":36}},"124":{"start":{"line":189,"column":32},"end":{"line":189,"column":59}},"125":{"start":{"line":190,"column":18},"end":{"line":190,"column":101}},"126":{"start":{"line":191,"column":8},"end":{"line":195,"column":11}},"127":{"start":{"line":192,"column":12},"end":{"line":194,"column":15}},"128":{"start":{"line":193,"column":16},"end":{"line":193,"column":53}},"129":{"start":{"line":198,"column":0},"end":{"line":198,"column":40}}},"fnMap":{"0":{"name":"extractRoomData","decl":{"start":{"line":5,"column":9},"end":{"line":5,"column":24}},"loc":{"start":{"line":5,"column":45},"end":{"line":52,"column":1}},"line":5},"1":{"name":"(anonymous_1)","decl":{"start":{"line":20,"column":20},"end":{"line":20,"column":21}},"loc":{"start":{"line":20,"column":40},"end":{"line":47,"column":5}},"line":20},"2":{"name":"(anonymous_2)","decl":{"start":{"line":22,"column":31},"end":{"line":22,"column":32}},"loc":{"start":{"line":22,"column":42},"end":{"line":41,"column":9}},"line":22},"3":{"name":"(anonymous_3)","decl":{"start":{"line":48,"column":25},"end":{"line":48,"column":26}},"loc":{"start":{"line":48,"column":44},"end":{"line":50,"column":5}},"line":48},"4":{"name":"getFullName","decl":{"start":{"line":54,"column":9},"end":{"line":54,"column":20}},"loc":{"start":{"line":54,"column":31},"end":{"line":65,"column":1}},"line":54},"5":{"name":"(anonymous_5)","decl":{"start":{"line":56,"column":21},"end":{"line":56,"column":22}},"loc":{"start":{"line":56,"column":31},"end":{"line":63,"column":5}},"line":56},"6":{"name":"getTrNodes","decl":{"start":{"line":66,"column":9},"end":{"line":66,"column":19}},"loc":{"start":{"line":66,"column":30},"end":{"line":74,"column":1}},"line":66},"7":{"name":"(anonymous_7)","decl":{"start":{"line":68,"column":21},"end":{"line":68,"column":22}},"loc":{"start":{"line":68,"column":31},"end":{"line":72,"column":5}},"line":68},"8":{"name":"getTdNodesFromTrNodes","decl":{"start":{"line":75,"column":9},"end":{"line":75,"column":30}},"loc":{"start":{"line":75,"column":40},"end":{"line":84,"column":1}},"line":75},"9":{"name":"(anonymous_9)","decl":{"start":{"line":77,"column":20},"end":{"line":77,"column":21}},"loc":{"start":{"line":77,"column":32},"end":{"line":82,"column":5}},"line":77},"10":{"name":"extractBuildingData","decl":{"start":{"line":85,"column":9},"end":{"line":85,"column":28}},"loc":{"start":{"line":85,"column":39},"end":{"line":119,"column":1}},"line":85},"11":{"name":"(anonymous_11)","decl":{"start":{"line":88,"column":21},"end":{"line":88,"column":22}},"loc":{"start":{"line":88,"column":31},"end":{"line":92,"column":5}},"line":88},"12":{"name":"(anonymous_12)","decl":{"start":{"line":94,"column":20},"end":{"line":94,"column":21}},"loc":{"start":{"line":94,"column":32},"end":{"line":99,"column":5}},"line":94},"13":{"name":"(anonymous_13)","decl":{"start":{"line":101,"column":20},"end":{"line":101,"column":21}},"loc":{"start":{"line":101,"column":40},"end":{"line":114,"column":5}},"line":101},"14":{"name":"(anonymous_14)","decl":{"start":{"line":103,"column":31},"end":{"line":103,"column":32}},"loc":{"start":{"line":103,"column":42},"end":{"line":112,"column":9}},"line":103},"15":{"name":"(anonymous_15)","decl":{"start":{"line":115,"column":33},"end":{"line":115,"column":34}},"loc":{"start":{"line":115,"column":56},"end":{"line":117,"column":5}},"line":115},"16":{"name":"hasAttribute","decl":{"start":{"line":121,"column":9},"end":{"line":121,"column":21}},"loc":{"start":{"line":121,"column":44},"end":{"line":129,"column":1}},"line":121},"17":{"name":"getAttribute","decl":{"start":{"line":130,"column":9},"end":{"line":130,"column":21}},"loc":{"start":{"line":130,"column":43},"end":{"line":138,"column":1}},"line":130},"18":{"name":"getGivenChildNodes","decl":{"start":{"line":139,"column":9},"end":{"line":139,"column":27}},"loc":{"start":{"line":139,"column":44},"end":{"line":148,"column":1}},"line":139},"19":{"name":"getAllNodes","decl":{"start":{"line":149,"column":9},"end":{"line":149,"column":20}},"loc":{"start":{"line":149,"column":27},"end":{"line":166,"column":1}},"line":149},"20":{"name":"(anonymous_20)","decl":{"start":{"line":159,"column":28},"end":{"line":159,"column":29}},"loc":{"start":{"line":159,"column":35},"end":{"line":161,"column":13}},"line":159},"21":{"name":"getGeoResponse","decl":{"start":{"line":167,"column":9},"end":{"line":167,"column":23}},"loc":{"start":{"line":167,"column":33},"end":{"line":184,"column":1}},"line":167},"22":{"name":"(anonymous_22)","decl":{"start":{"line":172,"column":25},"end":{"line":172,"column":26}},"loc":{"start":{"line":172,"column":40},"end":{"line":183,"column":5}},"line":172},"23":{"name":"(anonymous_23)","decl":{"start":{"line":173,"column":23},"end":{"line":173,"column":24}},"loc":{"start":{"line":173,"column":33},"end":{"line":180,"column":9}},"line":173},"24":{"name":"(anonymous_24)","decl":{"start":{"line":180,"column":16},"end":{"line":180,"column":17}},"loc":{"start":{"line":180,"column":22},"end":{"line":182,"column":9}},"line":180},"25":{"name":"getGeoLocation","decl":{"start":{"line":186,"column":9},"end":{"line":186,"column":23}},"loc":{"start":{"line":186,"column":33},"end":{"line":197,"column":1}},"line":186},"26":{"name":"(anonymous_26)","decl":{"start":{"line":187,"column":23},"end":{"line":187,"column":24}},"loc":{"start":{"line":187,"column":44},"end":{"line":196,"column":5}},"line":187},"27":{"name":"(anonymous_27)","decl":{"start":{"line":191,"column":29},"end":{"line":191,"column":30}},"loc":{"start":{"line":191,"column":44},"end":{"line":195,"column":9}},"line":191},"28":{"name":"(anonymous_28)","decl":{"start":{"line":192,"column":27},"end":{"line":192,"column":28}},"loc":{"start":{"line":192,"column":37},"end":{"line":194,"column":13}},"line":192}},"branchMap":{"0":{"loc":{"start":{"line":7,"column":4},"end":{"line":9,"column":5}},"type":"if","locations":[{"start":{"line":7,"column":4},"end":{"line":9,"column":5}},{"start":{"line":7,"column":4},"end":{"line":9,"column":5}}],"line":7},"1":{"loc":{"start":{"line":12,"column":4},"end":{"line":14,"column":5}},"type":"if","locations":[{"start":{"line":12,"column":4},"end":{"line":14,"column":5}},{"start":{"line":12,"column":4},"end":{"line":14,"column":5}}],"line":12},"2":{"loc":{"start":{"line":16,"column":4},"end":{"line":18,"column":5}},"type":"if","locations":[{"start":{"line":16,"column":4},"end":{"line":18,"column":5}},{"start":{"line":16,"column":4},"end":{"line":18,"column":5}}],"line":16},"3":{"loc":{"start":{"line":23,"column":12},"end":{"line":28,"column":13}},"type":"if","locations":[{"start":{"line":23,"column":12},"end":{"line":28,"column":13}},{"start":{"line":23,"column":12},"end":{"line":28,"column":13}}],"line":23},"4":{"loc":{"start":{"line":29,"column":12},"end":{"line":32,"column":13}},"type":"if","locations":[{"start":{"line":29,"column":12},"end":{"line":32,"column":13}},{"start":{"line":29,"column":12},"end":{"line":32,"column":13}}],"line":29},"5":{"loc":{"start":{"line":33,"column":12},"end":{"line":36,"column":13}},"type":"if","locations":[{"start":{"line":33,"column":12},"end":{"line":36,"column":13}},{"start":{"line":33,"column":12},"end":{"line":36,"column":13}}],"line":33},"6":{"loc":{"start":{"line":37,"column":12},"end":{"line":40,"column":13}},"type":"if","locations":[{"start":{"line":37,"column":12},"end":{"line":40,"column":13}},{"start":{"line":37,"column":12},"end":{"line":40,"column":13}}],"line":37},"7":{"loc":{"start":{"line":57,"column":8},"end":{"line":62,"column":9}},"type":"if","locations":[{"start":{"line":57,"column":8},"end":{"line":62,"column":9}},{"start":{"line":57,"column":8},"end":{"line":62,"column":9}}],"line":57},"8":{"loc":{"start":{"line":59,"column":12},"end":{"line":61,"column":13}},"type":"if","locations":[{"start":{"line":59,"column":12},"end":{"line":61,"column":13}},{"start":{"line":59,"column":12},"end":{"line":61,"column":13}}],"line":59},"9":{"loc":{"start":{"line":59,"column":16},"end":{"line":59,"column":85}},"type":"binary-expr","locations":[{"start":{"line":59,"column":16},"end":{"line":59,"column":38}},{"start":{"line":59,"column":42},"end":{"line":59,"column":85}}],"line":59},"10":{"loc":{"start":{"line":69,"column":8},"end":{"line":71,"column":9}},"type":"if","locations":[{"start":{"line":69,"column":8},"end":{"line":71,"column":9}},{"start":{"line":69,"column":8},"end":{"line":71,"column":9}}],"line":69},"11":{"loc":{"start":{"line":79,"column":8},"end":{"line":81,"column":9}},"type":"if","locations":[{"start":{"line":79,"column":8},"end":{"line":81,"column":9}},{"start":{"line":79,"column":8},"end":{"line":81,"column":9}}],"line":79},"12":{"loc":{"start":{"line":89,"column":8},"end":{"line":91,"column":9}},"type":"if","locations":[{"start":{"line":89,"column":8},"end":{"line":91,"column":9}},{"start":{"line":89,"column":8},"end":{"line":91,"column":9}}],"line":89},"13":{"loc":{"start":{"line":96,"column":8},"end":{"line":98,"column":9}},"type":"if","locations":[{"start":{"line":96,"column":8},"end":{"line":98,"column":9}},{"start":{"line":96,"column":8},"end":{"line":98,"column":9}}],"line":96},"14":{"loc":{"start":{"line":104,"column":12},"end":{"line":107,"column":13}},"type":"if","locations":[{"start":{"line":104,"column":12},"end":{"line":107,"column":13}},{"start":{"line":104,"column":12},"end":{"line":107,"column":13}}],"line":104},"15":{"loc":{"start":{"line":108,"column":12},"end":{"line":111,"column":13}},"type":"if","locations":[{"start":{"line":108,"column":12},"end":{"line":111,"column":13}},{"start":{"line":108,"column":12},"end":{"line":111,"column":13}}],"line":108},"16":{"loc":{"start":{"line":124,"column":8},"end":{"line":126,"column":9}},"type":"if","locations":[{"start":{"line":124,"column":8},"end":{"line":126,"column":9}},{"start":{"line":124,"column":8},"end":{"line":126,"column":9}}],"line":124},"17":{"loc":{"start":{"line":124,"column":12},"end":{"line":124,"column":101}},"type":"binary-expr","locations":[{"start":{"line":124,"column":12},"end":{"line":124,"column":46}},{"start":{"line":124,"column":50},"end":{"line":124,"column":101}}],"line":124},"18":{"loc":{"start":{"line":133,"column":8},"end":{"line":135,"column":9}},"type":"if","locations":[{"start":{"line":133,"column":8},"end":{"line":135,"column":9}},{"start":{"line":133,"column":8},"end":{"line":135,"column":9}}],"line":133},"19":{"loc":{"start":{"line":133,"column":12},"end":{"line":133,"column":97}},"type":"binary-expr","locations":[{"start":{"line":133,"column":12},"end":{"line":133,"column":44}},{"start":{"line":133,"column":48},"end":{"line":133,"column":97}}],"line":133},"20":{"loc":{"start":{"line":143,"column":8},"end":{"line":145,"column":9}},"type":"if","locations":[{"start":{"line":143,"column":8},"end":{"line":145,"column":9}},{"start":{"line":143,"column":8},"end":{"line":145,"column":9}}],"line":143},"21":{"loc":{"start":{"line":151,"column":4},"end":{"line":163,"column":5}},"type":"if","locations":[{"start":{"line":151,"column":4},"end":{"line":163,"column":5}},{"start":{"line":151,"column":4},"end":{"line":163,"column":5}}],"line":151},"22":{"loc":{"start":{"line":154,"column":12},"end":{"line":157,"column":13}},"type":"if","locations":[{"start":{"line":154,"column":12},"end":{"line":157,"column":13}},{"start":{"line":154,"column":12},"end":{"line":157,"column":13}}],"line":154}},"s":{"0":1,"1":1,"2":1,"3":152,"4":152,"5":0,"6":152,"7":152,"8":152,"9":60,"10":92,"11":92,"12":0,"13":92,"14":92,"15":1464,"16":1464,"17":7320,"18":1464,"19":1464,"20":1464,"21":1464,"22":7320,"23":1464,"24":1464,"25":7320,"26":1460,"27":1460,"28":7320,"29":1464,"30":1464,"31":1464,"32":1464,"33":1464,"34":1464,"35":1464,"36":92,"37":1464,"38":92,"39":1,"40":152,"41":567812,"42":908,"43":908,"44":304,"45":152,"46":152,"47":152,"48":567812,"49":1648,"50":152,"51":92,"52":92,"53":1648,"54":1648,"55":1464,"56":92,"57":2,"58":2,"59":2,"60":15114,"61":300,"62":2,"63":2,"64":300,"65":300,"66":296,"67":2,"68":2,"69":296,"70":296,"71":1480,"72":296,"73":296,"74":1480,"75":296,"76":296,"77":296,"78":2,"79":296,"80":2,"81":1,"82":32544,"83":32544,"84":32544,"85":6748,"86":25796,"87":1464,"88":1464,"89":1464,"90":1464,"91":0,"92":10764,"93":10764,"94":10764,"95":33172,"96":17012,"97":10764,"98":291540,"99":291540,"100":147020,"101":291386,"102":291386,"103":291386,"104":291386,"105":291386,"106":6330170,"107":291540,"108":291540,"109":0,"110":0,"111":0,"112":0,"113":0,"114":0,"115":0,"116":0,"117":0,"118":0,"119":0,"120":0,"121":1,"122":729,"123":729,"124":729,"125":729,"126":729,"127":729,"128":729,"129":1},"f":{"0":152,"1":1464,"2":7320,"3":1464,"4":152,"5":567812,"6":152,"7":567812,"8":92,"9":1648,"10":2,"11":15114,"12":300,"13":296,"14":1480,"15":296,"16":32544,"17":1464,"18":10764,"19":291540,"20":6330170,"21":0,"22":0,"23":0,"24":0,"25":729,"26":729,"27":729,"28":729},"b":{"0":[0,152],"1":[60,92],"2":[0,92],"3":[1464,5856],"4":[1464,5856],"5":[1460,5860],"6":[1464,5856],"7":[908,566904],"8":[304,604],"9":[908,304],"10":[1648,566164],"11":[1464,184],"12":[300,14814],"13":[296,4],"14":[296,1184],"15":[296,1184],"16":[6748,25796],"17":[32544,32240],"18":[1464,0],"19":[1464,0],"20":[17012,16160],"21":[147020,144520],"22":[291386,0]},"_coverageSchema":"332fd63041d2c1bcb487cc26dd0d5f7d97098a6c","hash":"2e325e6b9f1ff906396d48ad1f4c6ce0c7ed42f2","contentHash":"25d9637f8beb4402045866c4abc30c47_11.3.0"},"C:\\Users\\Chih-Kae\\WebstormProjects\\project_team219\\src\\controller\\QueryValidator.js":{"path":"C:\\Users\\Chih-Kae\\WebstormProjects\\project_team219\\src\\controller\\QueryValidator.js","statementMap":{"0":{"start":{"line":2,"column":0},"end":{"line":2,"column":62}},"1":{"start":{"line":3,"column":25},"end":{"line":3,"column":52}},"2":{"start":{"line":4,"column":16},"end":{"line":4,"column":34}},"3":{"start":{"line":5,"column":28},"end":{"line":5,"column":58}},"4":{"start":{"line":6,"column":30},"end":{"line":6,"column":62}},"5":{"start":{"line":9,"column":8},"end":{"line":9,"column":83}},"6":{"start":{"line":10,"column":8},"end":{"line":10,"column":77}},"7":{"start":{"line":11,"column":8},"end":{"line":11,"column":41}},"8":{"start":{"line":12,"column":8},"end":{"line":12,"column":54}},"9":{"start":{"line":13,"column":8},"end":{"line":13,"column":52}},"10":{"start":{"line":16,"column":8},"end":{"line":16,"column":26}},"11":{"start":{"line":19,"column":8},"end":{"line":19,"column":40}},"12":{"start":{"line":22,"column":8},"end":{"line":22,"column":38}},"13":{"start":{"line":25,"column":8},"end":{"line":79,"column":9}},"14":{"start":{"line":26,"column":12},"end":{"line":77,"column":13}},"15":{"start":{"line":27,"column":16},"end":{"line":76,"column":17}},"16":{"start":{"line":28,"column":20},"end":{"line":28,"column":67}},"17":{"start":{"line":29,"column":20},"end":{"line":29,"column":63}},"18":{"start":{"line":30,"column":20},"end":{"line":30,"column":64}},"19":{"start":{"line":31,"column":20},"end":{"line":31,"column":51}},"20":{"start":{"line":33,"column":21},"end":{"line":76,"column":17}},"21":{"start":{"line":34,"column":20},"end":{"line":34,"column":64}},"22":{"start":{"line":35,"column":20},"end":{"line":35,"column":48}},"23":{"start":{"line":36,"column":20},"end":{"line":36,"column":64}},"24":{"start":{"line":38,"column":21},"end":{"line":76,"column":17}},"25":{"start":{"line":39,"column":20},"end":{"line":39,"column":64}},"26":{"start":{"line":40,"column":20},"end":{"line":40,"column":49}},"27":{"start":{"line":41,"column":20},"end":{"line":41,"column":51}},"28":{"start":{"line":42,"column":20},"end":{"line":42,"column":64}},"29":{"start":{"line":44,"column":21},"end":{"line":76,"column":17}},"30":{"start":{"line":45,"column":20},"end":{"line":45,"column":64}},"31":{"start":{"line":46,"column":20},"end":{"line":46,"column":53}},"32":{"start":{"line":47,"column":20},"end":{"line":47,"column":64}},"33":{"start":{"line":49,"column":21},"end":{"line":76,"column":17}},"34":{"start":{"line":50,"column":20},"end":{"line":50,"column":64}},"35":{"start":{"line":51,"column":20},"end":{"line":51,"column":60}},"36":{"start":{"line":52,"column":20},"end":{"line":52,"column":64}},"37":{"start":{"line":54,"column":21},"end":{"line":76,"column":17}},"38":{"start":{"line":55,"column":20},"end":{"line":55,"column":64}},"39":{"start":{"line":56,"column":20},"end":{"line":56,"column":65}},"40":{"start":{"line":57,"column":20},"end":{"line":57,"column":65}},"41":{"start":{"line":58,"column":20},"end":{"line":58,"column":51}},"42":{"start":{"line":60,"column":21},"end":{"line":76,"column":17}},"43":{"start":{"line":61,"column":20},"end":{"line":61,"column":65}},"44":{"start":{"line":62,"column":20},"end":{"line":62,"column":65}},"45":{"start":{"line":63,"column":20},"end":{"line":63,"column":58}},"46":{"start":{"line":64,"column":20},"end":{"line":64,"column":65}},"47":{"start":{"line":66,"column":21},"end":{"line":76,"column":17}},"48":{"start":{"line":67,"column":20},"end":{"line":67,"column":65}},"49":{"start":{"line":68,"column":20},"end":{"line":68,"column":54}},"50":{"start":{"line":69,"column":20},"end":{"line":69,"column":63}},"51":{"start":{"line":71,"column":21},"end":{"line":76,"column":17}},"52":{"start":{"line":72,"column":20},"end":{"line":72,"column":59}},"53":{"start":{"line":75,"column":20},"end":{"line":75,"column":62}},"54":{"start":{"line":78,"column":12},"end":{"line":78,"column":24}},"55":{"start":{"line":80,"column":8},"end":{"line":80,"column":21}},"56":{"start":{"line":83,"column":8},"end":{"line":88,"column":9}},"57":{"start":{"line":84,"column":12},"end":{"line":84,"column":55}},"58":{"start":{"line":87,"column":12},"end":{"line":87,"column":57}},"59":{"start":{"line":89,"column":8},"end":{"line":89,"column":42}},"60":{"start":{"line":90,"column":8},"end":{"line":90,"column":43}},"61":{"start":{"line":91,"column":8},"end":{"line":91,"column":55}},"62":{"start":{"line":92,"column":8},"end":{"line":92,"column":55}},"63":{"start":{"line":93,"column":8},"end":{"line":93,"column":55}},"64":{"start":{"line":94,"column":8},"end":{"line":94,"column":61}},"65":{"start":{"line":97,"column":8},"end":{"line":99,"column":9}},"66":{"start":{"line":98,"column":12},"end":{"line":98,"column":54}},"67":{"start":{"line":102,"column":24},"end":{"line":102,"column":50}},"68":{"start":{"line":103,"column":8},"end":{"line":107,"column":9}},"69":{"start":{"line":104,"column":12},"end":{"line":106,"column":13}},"70":{"start":{"line":105,"column":16},"end":{"line":105,"column":58}},"71":{"start":{"line":110,"column":8},"end":{"line":112,"column":9}},"72":{"start":{"line":111,"column":12},"end":{"line":111,"column":91}},"73":{"start":{"line":113,"column":20},"end":{"line":113,"column":38}},"74":{"start":{"line":114,"column":22},"end":{"line":114,"column":42}},"75":{"start":{"line":115,"column":8},"end":{"line":115,"column":59}},"76":{"start":{"line":116,"column":8},"end":{"line":116,"column":56}},"77":{"start":{"line":119,"column":8},"end":{"line":121,"column":9}},"78":{"start":{"line":120,"column":12},"end":{"line":120,"column":75}},"79":{"start":{"line":122,"column":18},"end":{"line":122,"column":36}},"80":{"start":{"line":123,"column":20},"end":{"line":123,"column":40}},"81":{"start":{"line":124,"column":8},"end":{"line":124,"column":61}},"82":{"start":{"line":125,"column":8},"end":{"line":125,"column":59}},"83":{"start":{"line":128,"column":19},"end":{"line":128,"column":46}},"84":{"start":{"line":129,"column":8},"end":{"line":137,"column":9}},"85":{"start":{"line":130,"column":12},"end":{"line":130,"column":54}},"86":{"start":{"line":132,"column":13},"end":{"line":137,"column":9}},"87":{"start":{"line":133,"column":12},"end":{"line":133,"column":54}},"88":{"start":{"line":135,"column":13},"end":{"line":137,"column":9}},"89":{"start":{"line":136,"column":12},"end":{"line":136,"column":54}},"90":{"start":{"line":138,"column":20},"end":{"line":138,"column":52}},"91":{"start":{"line":139,"column":20},"end":{"line":139,"column":52}},"92":{"start":{"line":140,"column":8},"end":{"line":145,"column":9}},"93":{"start":{"line":141,"column":12},"end":{"line":141,"column":43}},"94":{"start":{"line":144,"column":12},"end":{"line":144,"column":54}},"95":{"start":{"line":146,"column":8},"end":{"line":146,"column":55}},"96":{"start":{"line":147,"column":8},"end":{"line":147,"column":51}},"97":{"start":{"line":150,"column":22},"end":{"line":150,"column":81}},"98":{"start":{"line":151,"column":8},"end":{"line":155,"column":9}},"99":{"start":{"line":152,"column":12},"end":{"line":154,"column":13}},"100":{"start":{"line":153,"column":16},"end":{"line":153,"column":58}},"101":{"start":{"line":158,"column":8},"end":{"line":163,"column":9}},"102":{"start":{"line":159,"column":12},"end":{"line":159,"column":81}},"103":{"start":{"line":161,"column":13},"end":{"line":163,"column":9}},"104":{"start":{"line":162,"column":12},"end":{"line":162,"column":66}},"105":{"start":{"line":166,"column":8},"end":{"line":189,"column":9}},"106":{"start":{"line":167,"column":12},"end":{"line":169,"column":13}},"107":{"start":{"line":168,"column":16},"end":{"line":168,"column":58}},"108":{"start":{"line":170,"column":12},"end":{"line":185,"column":13}},"109":{"start":{"line":171,"column":33},"end":{"line":171,"column":35}},"110":{"start":{"line":172,"column":16},"end":{"line":180,"column":17}},"111":{"start":{"line":173,"column":20},"end":{"line":178,"column":21}},"112":{"start":{"line":174,"column":24},"end":{"line":174,"column":91}},"113":{"start":{"line":177,"column":24},"end":{"line":177,"column":78}},"114":{"start":{"line":179,"column":20},"end":{"line":179,"column":54}},"115":{"start":{"line":181,"column":16},"end":{"line":181,"column":53}},"116":{"start":{"line":184,"column":16},"end":{"line":184,"column":87}},"117":{"start":{"line":188,"column":12},"end":{"line":188,"column":76}},"118":{"start":{"line":192,"column":8},"end":{"line":212,"column":9}},"119":{"start":{"line":193,"column":12},"end":{"line":195,"column":13}},"120":{"start":{"line":194,"column":16},"end":{"line":194,"column":58}},"121":{"start":{"line":196,"column":12},"end":{"line":208,"column":13}},"122":{"start":{"line":197,"column":16},"end":{"line":201,"column":17}},"123":{"start":{"line":198,"column":20},"end":{"line":200,"column":21}},"124":{"start":{"line":199,"column":24},"end":{"line":199,"column":66}},"125":{"start":{"line":202,"column":16},"end":{"line":207,"column":17}},"126":{"start":{"line":203,"column":20},"end":{"line":205,"column":21}},"127":{"start":{"line":204,"column":24},"end":{"line":204,"column":66}},"128":{"start":{"line":206,"column":20},"end":{"line":206,"column":46}},"129":{"start":{"line":211,"column":12},"end":{"line":211,"column":78}},"130":{"start":{"line":215,"column":0},"end":{"line":215,"column":40}}},"fnMap":{"0":{"name":"(anonymous_0)","decl":{"start":{"line":8,"column":4},"end":{"line":8,"column":5}},"loc":{"start":{"line":8,"column":23},"end":{"line":14,"column":5}},"line":8},"1":{"name":"(anonymous_1)","decl":{"start":{"line":15,"column":4},"end":{"line":15,"column":5}},"loc":{"start":{"line":15,"column":15},"end":{"line":17,"column":5}},"line":15},"2":{"name":"(anonymous_2)","decl":{"start":{"line":18,"column":4},"end":{"line":18,"column":5}},"loc":{"start":{"line":18,"column":29},"end":{"line":20,"column":5}},"line":18},"3":{"name":"(anonymous_3)","decl":{"start":{"line":21,"column":4},"end":{"line":21,"column":5}},"loc":{"start":{"line":21,"column":27},"end":{"line":23,"column":5}},"line":21},"4":{"name":"(anonymous_4)","decl":{"start":{"line":24,"column":4},"end":{"line":24,"column":5}},"loc":{"start":{"line":24,"column":25},"end":{"line":81,"column":5}},"line":24},"5":{"name":"(anonymous_5)","decl":{"start":{"line":82,"column":4},"end":{"line":82,"column":5}},"loc":{"start":{"line":82,"column":31},"end":{"line":95,"column":5}},"line":82},"6":{"name":"(anonymous_6)","decl":{"start":{"line":96,"column":4},"end":{"line":96,"column":5}},"loc":{"start":{"line":96,"column":27},"end":{"line":100,"column":5}},"line":96},"7":{"name":"(anonymous_7)","decl":{"start":{"line":101,"column":4},"end":{"line":101,"column":5}},"loc":{"start":{"line":101,"column":44},"end":{"line":108,"column":5}},"line":101},"8":{"name":"(anonymous_8)","decl":{"start":{"line":109,"column":4},"end":{"line":109,"column":5}},"loc":{"start":{"line":109,"column":27},"end":{"line":117,"column":5}},"line":109},"9":{"name":"(anonymous_9)","decl":{"start":{"line":118,"column":4},"end":{"line":118,"column":5}},"loc":{"start":{"line":118,"column":22},"end":{"line":126,"column":5}},"line":118},"10":{"name":"(anonymous_10)","decl":{"start":{"line":127,"column":4},"end":{"line":127,"column":5}},"loc":{"start":{"line":127,"column":44},"end":{"line":148,"column":5}},"line":127},"11":{"name":"(anonymous_11)","decl":{"start":{"line":149,"column":4},"end":{"line":149,"column":5}},"loc":{"start":{"line":149,"column":42},"end":{"line":156,"column":5}},"line":149},"12":{"name":"(anonymous_12)","decl":{"start":{"line":157,"column":4},"end":{"line":157,"column":5}},"loc":{"start":{"line":157,"column":31},"end":{"line":164,"column":5}},"line":157},"13":{"name":"(anonymous_13)","decl":{"start":{"line":165,"column":4},"end":{"line":165,"column":5}},"loc":{"start":{"line":165,"column":32},"end":{"line":190,"column":5}},"line":165},"14":{"name":"(anonymous_14)","decl":{"start":{"line":191,"column":4},"end":{"line":191,"column":5}},"loc":{"start":{"line":191,"column":34},"end":{"line":213,"column":5}},"line":191}},"branchMap":{"0":{"loc":{"start":{"line":25,"column":8},"end":{"line":79,"column":9}},"type":"if","locations":[{"start":{"line":25,"column":8},"end":{"line":79,"column":9}},{"start":{"line":25,"column":8},"end":{"line":79,"column":9}}],"line":25},"1":{"loc":{"start":{"line":25,"column":12},"end":{"line":25,"column":54}},"type":"binary-expr","locations":[{"start":{"line":25,"column":12},"end":{"line":25,"column":25}},{"start":{"line":25,"column":29},"end":{"line":25,"column":54}}],"line":25},"2":{"loc":{"start":{"line":27,"column":16},"end":{"line":76,"column":17}},"type":"if","locations":[{"start":{"line":27,"column":16},"end":{"line":76,"column":17}},{"start":{"line":27,"column":16},"end":{"line":76,"column":17}}],"line":27},"3":{"loc":{"start":{"line":33,"column":21},"end":{"line":76,"column":17}},"type":"if","locations":[{"start":{"line":33,"column":21},"end":{"line":76,"column":17}},{"start":{"line":33,"column":21},"end":{"line":76,"column":17}}],"line":33},"4":{"loc":{"start":{"line":38,"column":21},"end":{"line":76,"column":17}},"type":"if","locations":[{"start":{"line":38,"column":21},"end":{"line":76,"column":17}},{"start":{"line":38,"column":21},"end":{"line":76,"column":17}}],"line":38},"5":{"loc":{"start":{"line":44,"column":21},"end":{"line":76,"column":17}},"type":"if","locations":[{"start":{"line":44,"column":21},"end":{"line":76,"column":17}},{"start":{"line":44,"column":21},"end":{"line":76,"column":17}}],"line":44},"6":{"loc":{"start":{"line":44,"column":25},"end":{"line":44,"column":69}},"type":"binary-expr","locations":[{"start":{"line":44,"column":25},"end":{"line":44,"column":37}},{"start":{"line":44,"column":41},"end":{"line":44,"column":53}},{"start":{"line":44,"column":57},"end":{"line":44,"column":69}}],"line":44},"7":{"loc":{"start":{"line":49,"column":21},"end":{"line":76,"column":17}},"type":"if","locations":[{"start":{"line":49,"column":21},"end":{"line":76,"column":17}},{"start":{"line":49,"column":21},"end":{"line":76,"column":17}}],"line":49},"8":{"loc":{"start":{"line":49,"column":25},"end":{"line":49,"column":54}},"type":"binary-expr","locations":[{"start":{"line":49,"column":25},"end":{"line":49,"column":37}},{"start":{"line":49,"column":41},"end":{"line":49,"column":54}}],"line":49},"9":{"loc":{"start":{"line":54,"column":21},"end":{"line":76,"column":17}},"type":"if","locations":[{"start":{"line":54,"column":21},"end":{"line":76,"column":17}},{"start":{"line":54,"column":21},"end":{"line":76,"column":17}}],"line":54},"10":{"loc":{"start":{"line":60,"column":21},"end":{"line":76,"column":17}},"type":"if","locations":[{"start":{"line":60,"column":21},"end":{"line":76,"column":17}},{"start":{"line":60,"column":21},"end":{"line":76,"column":17}}],"line":60},"11":{"loc":{"start":{"line":66,"column":21},"end":{"line":76,"column":17}},"type":"if","locations":[{"start":{"line":66,"column":21},"end":{"line":76,"column":17}},{"start":{"line":66,"column":21},"end":{"line":76,"column":17}}],"line":66},"12":{"loc":{"start":{"line":71,"column":21},"end":{"line":76,"column":17}},"type":"if","locations":[{"start":{"line":71,"column":21},"end":{"line":76,"column":17}},{"start":{"line":71,"column":21},"end":{"line":76,"column":17}}],"line":71},"13":{"loc":{"start":{"line":83,"column":8},"end":{"line":88,"column":9}},"type":"if","locations":[{"start":{"line":83,"column":8},"end":{"line":88,"column":9}},{"start":{"line":83,"column":8},"end":{"line":88,"column":9}}],"line":83},"14":{"loc":{"start":{"line":97,"column":8},"end":{"line":99,"column":9}},"type":"if","locations":[{"start":{"line":97,"column":8},"end":{"line":99,"column":9}},{"start":{"line":97,"column":8},"end":{"line":99,"column":9}}],"line":97},"15":{"loc":{"start":{"line":104,"column":12},"end":{"line":106,"column":13}},"type":"if","locations":[{"start":{"line":104,"column":12},"end":{"line":106,"column":13}},{"start":{"line":104,"column":12},"end":{"line":106,"column":13}}],"line":104},"16":{"loc":{"start":{"line":110,"column":8},"end":{"line":112,"column":9}},"type":"if","locations":[{"start":{"line":110,"column":8},"end":{"line":112,"column":9}},{"start":{"line":110,"column":8},"end":{"line":112,"column":9}}],"line":110},"17":{"loc":{"start":{"line":110,"column":12},"end":{"line":110,"column":76}},"type":"binary-expr","locations":[{"start":{"line":110,"column":12},"end":{"line":110,"column":41}},{"start":{"line":110,"column":45},"end":{"line":110,"column":76}}],"line":110},"18":{"loc":{"start":{"line":119,"column":8},"end":{"line":121,"column":9}},"type":"if","locations":[{"start":{"line":119,"column":8},"end":{"line":121,"column":9}},{"start":{"line":119,"column":8},"end":{"line":121,"column":9}}],"line":119},"19":{"loc":{"start":{"line":119,"column":12},"end":{"line":119,"column":76}},"type":"binary-expr","locations":[{"start":{"line":119,"column":12},"end":{"line":119,"column":41}},{"start":{"line":119,"column":45},"end":{"line":119,"column":76}}],"line":119},"20":{"loc":{"start":{"line":129,"column":8},"end":{"line":137,"column":9}},"type":"if","locations":[{"start":{"line":129,"column":8},"end":{"line":137,"column":9}},{"start":{"line":129,"column":8},"end":{"line":137,"column":9}}],"line":129},"21":{"loc":{"start":{"line":132,"column":13},"end":{"line":137,"column":9}},"type":"if","locations":[{"start":{"line":132,"column":13},"end":{"line":137,"column":9}},{"start":{"line":132,"column":13},"end":{"line":137,"column":9}}],"line":132},"22":{"loc":{"start":{"line":135,"column":13},"end":{"line":137,"column":9}},"type":"if","locations":[{"start":{"line":135,"column":13},"end":{"line":137,"column":9}},{"start":{"line":135,"column":13},"end":{"line":137,"column":9}}],"line":135},"23":{"loc":{"start":{"line":140,"column":8},"end":{"line":145,"column":9}},"type":"if","locations":[{"start":{"line":140,"column":8},"end":{"line":145,"column":9}},{"start":{"line":140,"column":8},"end":{"line":145,"column":9}}],"line":140},"24":{"loc":{"start":{"line":152,"column":12},"end":{"line":154,"column":13}},"type":"if","locations":[{"start":{"line":152,"column":12},"end":{"line":154,"column":13}},{"start":{"line":152,"column":12},"end":{"line":154,"column":13}}],"line":152},"25":{"loc":{"start":{"line":158,"column":8},"end":{"line":163,"column":9}},"type":"if","locations":[{"start":{"line":158,"column":8},"end":{"line":163,"column":9}},{"start":{"line":158,"column":8},"end":{"line":163,"column":9}}],"line":158},"26":{"loc":{"start":{"line":161,"column":13},"end":{"line":163,"column":9}},"type":"if","locations":[{"start":{"line":161,"column":13},"end":{"line":163,"column":9}},{"start":{"line":161,"column":13},"end":{"line":163,"column":9}}],"line":161},"27":{"loc":{"start":{"line":166,"column":8},"end":{"line":189,"column":9}},"type":"if","locations":[{"start":{"line":166,"column":8},"end":{"line":189,"column":9}},{"start":{"line":166,"column":8},"end":{"line":189,"column":9}}],"line":166},"28":{"loc":{"start":{"line":167,"column":12},"end":{"line":169,"column":13}},"type":"if","locations":[{"start":{"line":167,"column":12},"end":{"line":169,"column":13}},{"start":{"line":167,"column":12},"end":{"line":169,"column":13}}],"line":167},"29":{"loc":{"start":{"line":170,"column":12},"end":{"line":185,"column":13}},"type":"if","locations":[{"start":{"line":170,"column":12},"end":{"line":185,"column":13}},{"start":{"line":170,"column":12},"end":{"line":185,"column":13}}],"line":170},"30":{"loc":{"start":{"line":170,"column":16},"end":{"line":170,"column":58}},"type":"binary-expr","locations":[{"start":{"line":170,"column":16},"end":{"line":170,"column":29}},{"start":{"line":170,"column":33},"end":{"line":170,"column":58}}],"line":170},"31":{"loc":{"start":{"line":173,"column":20},"end":{"line":178,"column":21}},"type":"if","locations":[{"start":{"line":173,"column":20},"end":{"line":178,"column":21}},{"start":{"line":173,"column":20},"end":{"line":178,"column":21}}],"line":173},"32":{"loc":{"start":{"line":192,"column":8},"end":{"line":212,"column":9}},"type":"if","locations":[{"start":{"line":192,"column":8},"end":{"line":212,"column":9}},{"start":{"line":192,"column":8},"end":{"line":212,"column":9}}],"line":192},"33":{"loc":{"start":{"line":193,"column":12},"end":{"line":195,"column":13}},"type":"if","locations":[{"start":{"line":193,"column":12},"end":{"line":195,"column":13}},{"start":{"line":193,"column":12},"end":{"line":195,"column":13}}],"line":193},"34":{"loc":{"start":{"line":196,"column":12},"end":{"line":208,"column":13}},"type":"if","locations":[{"start":{"line":196,"column":12},"end":{"line":208,"column":13}},{"start":{"line":196,"column":12},"end":{"line":208,"column":13}}],"line":196},"35":{"loc":{"start":{"line":196,"column":16},"end":{"line":196,"column":58}},"type":"binary-expr","locations":[{"start":{"line":196,"column":16},"end":{"line":196,"column":29}},{"start":{"line":196,"column":33},"end":{"line":196,"column":58}}],"line":196},"36":{"loc":{"start":{"line":198,"column":20},"end":{"line":200,"column":21}},"type":"if","locations":[{"start":{"line":198,"column":20},"end":{"line":200,"column":21}},{"start":{"line":198,"column":20},"end":{"line":200,"column":21}}],"line":198},"37":{"loc":{"start":{"line":203,"column":20},"end":{"line":205,"column":21}},"type":"if","locations":[{"start":{"line":203,"column":20},"end":{"line":205,"column":21}},{"start":{"line":203,"column":20},"end":{"line":205,"column":21}}],"line":203}},"s":{"0":1,"1":1,"2":1,"3":1,"4":1,"5":247,"6":247,"7":247,"8":247,"9":247,"10":807,"11":104,"12":98,"13":814,"14":814,"15":1123,"16":242,"17":242,"18":242,"19":242,"20":881,"21":133,"22":133,"23":89,"24":748,"25":21,"26":21,"27":18,"28":17,"29":727,"30":155,"31":155,"32":124,"33":572,"34":96,"35":96,"36":73,"37":476,"38":158,"39":156,"40":156,"41":156,"42":318,"43":154,"44":154,"45":154,"46":136,"47":164,"48":112,"49":111,"50":95,"51":52,"52":47,"53":5,"54":531,"55":0,"56":47,"57":24,"58":23,"59":47,"60":28,"61":28,"62":28,"63":28,"64":28,"65":21,"66":3,"67":76,"68":76,"69":225,"70":3,"71":155,"72":0,"73":155,"74":155,"75":155,"76":135,"77":133,"78":1,"79":132,"80":132,"81":132,"82":102,"83":47,"84":47,"85":2,"86":45,"87":2,"88":43,"89":0,"90":43,"91":43,"92":43,"93":38,"94":0,"95":38,"96":28,"97":28,"98":28,"99":60,"100":0,"101":111,"102":39,"103":72,"104":72,"105":154,"106":154,"107":4,"108":150,"109":150,"110":150,"111":369,"112":309,"113":59,"114":355,"115":136,"116":0,"117":0,"118":96,"119":96,"120":0,"121":96,"122":96,"123":168,"124":3,"125":93,"126":152,"127":1,"128":151,"129":0,"130":1},"f":{"0":247,"1":807,"2":104,"3":98,"4":814,"5":47,"6":21,"7":76,"8":155,"9":133,"10":47,"11":28,"12":111,"13":154,"14":96},"b":{"0":[814,0],"1":[814,814],"2":[242,881],"3":[133,748],"4":[21,727],"5":[155,572],"6":[727,616,592],"7":[96,476],"8":[572,539],"9":[158,318],"10":[154,164],"11":[112,52],"12":[47,5],"13":[24,23],"14":[3,18],"15":[3,222],"16":[0,155],"17":[155,155],"18":[1,132],"19":[133,132],"20":[2,45],"21":[2,43],"22":[0,43],"23":[38,0],"24":[0,60],"25":[39,72],"26":[72,0],"27":[154,0],"28":[4,150],"29":[150,0],"30":[150,150],"31":[309,59],"32":[96,0],"33":[0,96],"34":[96,0],"35":[96,96],"36":[3,165],"37":[1,151]},"_coverageSchema":"332fd63041d2c1bcb487cc26dd0d5f7d97098a6c","hash":"800c0b0a4fd8c55278d25481a2db128d0df0adc2","contentHash":"0fe8736c221bb3951d594259ece6a61e_11.3.0"},"C:\\Users\\Chih-Kae\\WebstormProjects\\project_team219\\src\\controller\\Query.js":{"path":"C:\\Users\\Chih-Kae\\WebstormProjects\\project_team219\\src\\controller\\Query.js","statementMap":{"0":{"start":{"line":2,"column":0},"end":{"line":2,"column":62}},"1":{"start":{"line":3,"column":25},"end":{"line":3,"column":52}},"2":{"start":{"line":6,"column":8},"end":{"line":8,"column":9}},"3":{"start":{"line":7,"column":12},"end":{"line":7,"column":54}},"4":{"start"
[...]
},"end":{"line":9,"column":5}},"loc":{"start":{"line":9,"column":35},"end":{"line":43,"column":5}},"line":9},"2":{"name":"(anonymous_2)","decl":{"start":{"line":10,"column":25},"end":{"line":10,"column":26}},"loc":{"start":{"line":10,"column":37},"end":{"line":41,"column":9}},"line":10},"3":{"name":"(anonymous_3)","decl":{"start":{"line":18,"column":23},"end":{"line":18,"column":24}},"loc":{"start":{"line":18,"column":34},"end":{"line":40,"column":13}},"line":18},"4":{"name":"(anonymous_4)","decl":{"start":{"line":44,"column":4},"end":{"line":44,"column":5}},"loc":{"start":{"line":44,"column":40},"end":{"line":49,"column":5}},"line":44},"5":{"name":"(anonymous_5)","decl":{"start":{"line":45,"column":22},"end":{"line":45,"column":23}},"loc":{"start":{"line":45,"column":37},"end":{"line":47,"column":9}},"line":45},"6":{"name":"(anonymous_6)","decl":{"start":{"line":50,"column":4},"end":{"line":50,"column":5}},"loc":{"start":{"line":50,"column":38},"end":{"line":62,"column":5}},"line":50},"7":{"name":"(anonymous_7)","decl":{"start":{"line":54,"column":22},"end":{"line":54,"column":23}},"loc":{"start":{"line":54,"column":35},"end":{"line":58,"column":9}},"line":54},"8":{"name":"(anonymous_8)","decl":{"start":{"line":63,"column":4},"end":{"line":63,"column":5}},"loc":{"start":{"line":63,"column":40},"end":{"line":76,"column":5}},"line":63},"9":{"name":"(anonymous_9)","decl":{"start":{"line":69,"column":22},"end":{"line":69,"column":23}},"loc":{"start":{"line":69,"column":35},"end":{"line":74,"column":9}},"line":69},"10":{"name":"(anonymous_10)","decl":{"start":{"line":77,"column":4},"end":{"line":77,"column":5}},"loc":{"start":{"line":77,"column":38},"end":{"line":85,"column":5}},"line":77},"11":{"name":"(anonymous_11)","decl":{"start":{"line":80,"column":22},"end":{"line":80,"column":23}},"loc":{"start":{"line":80,"column":41},"end":{"line":82,"column":9}},"line":80},"12":{"name":"(anonymous_12)","decl":{"start":{"line":86,"column":4},"end":{"line":86,"column":5}},"loc":{"start":{"line":86,"column":38},"end":{"line":98,"column":5}},"line":86},"13":{"name":"(anonymous_13)","decl":{"start":{"line":89,"column":22},"end":{"line":89,"column":23}},"loc":{"start":{"line":89,"column":35},"end":{"line":96,"column":9}},"line":89},"14":{"name":"(anonymous_14)","decl":{"start":{"line":99,"column":4},"end":{"line":99,"column":5}},"loc":{"start":{"line":99,"column":38},"end":{"line":111,"column":5}},"line":99},"15":{"name":"(anonymous_15)","decl":{"start":{"line":102,"column":22},"end":{"line":102,"column":23}},"loc":{"start":{"line":102,"column":35},"end":{"line":109,"column":9}},"line":102}},"branchMap":{"0":{"loc":{"start":{"line":15,"column":12},"end":{"line":17,"column":13}},"type":"if","locations":[{"start":{"line":15,"column":12},"end":{"line":17,"column":13}},{"start":{"line":15,"column":12},"end":{"line":17,"column":13}}],"line":15},"1":{"loc":{"start":{"line":19,"column":16},"end":{"line":39,"column":17}},"type":"switch","locations":[{"start":{"line":20,"column":20},"end":{"line":23,"column":30}},{"start":{"line":24,"column":20},"end":{"line":27,"column":30}},{"start":{"line":28,"column":20},"end":{"line":31,"column":30}},{"start":{"line":32,"column":20},"end":{"line":35,"column":30}},{"start":{"line":36,"column":20},"end":{"line":38,"column":61}}],"line":19},"2":{"loc":{"start":{"line":64,"column":8},"end":{"line":66,"column":9}},"type":"if","locations":[{"start":{"line":64,"column":8},"end":{"line":66,"column":9}},{"start":{"line":64,"column":8},"end":{"line":66,"column":9}}],"line":64},"3":{"loc":{"start":{"line":70,"column":12},"end":{"line":73,"column":13}},"type":"if","locations":[{"start":{"line":70,"column":12},"end":{"line":73,"column":13}},{"start":{"line":70,"column":12},"end":{"line":73,"column":13}}],"line":70},"4":{"loc":{"start":{"line":90,"column":12},"end":{"line":92,"column":13}},"type":"if","locations":[{"start":{"line":90,"column":12},"end":{"line":92,"column":13}},{"start":{"line":90,"column":12},"end":{"line":92,"column":13}}],"line":90},"5":{"loc":{"start":{"line":93,"column":12},"end":{"line":95,"column":13}},"type":"if","locations":[{"start":{"line":93,"column":12},"end":{"line":95,"column":13}},{"start":{"line":93,"column":12},"end":{"line":95,"column":13}}],"line":93},"6":{"loc":{"start":{"line":103,"column":12},"end":{"line":105,"column":13}},"type":"if","locations":[{"start":{"line":103,"column":12},"end":{"line":105,"column":13}},{"start":{"line":103,"column":12},"end":{"line":105,"column":13}}],"line":103},"7":{"loc":{"start":{"line":106,"column":12},"end":{"line":108,"column":13}},"type":"if","locations":[{"start":{"line":106,"column":12},"end":{"line":108,"column":13}},{"start":{"line":106,"column":12},"end":{"line":108,"column":13}}],"line":106}},"s":{"0":1,"1":1,"2":1,"3":98,"4":28,"5":31,"6":31,"7":31,"8":31,"9":31,"10":30,"11":30,"12":4409,"13":164,"14":163,"15":163,"16":73,"17":72,"18":72,"19":171,"20":171,"21":171,"22":165,"23":164,"24":164,"25":3836,"26":3835,"27":23,"28":4405,"29":58455,"30":4405,"31":3836,"32":3835,"33":3835,"34":3835,"35":57278,"36":57278,"37":57278,"38":3835,"39":3835,"40":3835,"41":171,"42":0,"43":171,"44":171,"45":171,"46":405,"47":272,"48":272,"49":171,"50":165,"51":164,"52":164,"53":245,"54":164,"55":164,"56":73,"57":72,"58":160,"59":72,"60":160,"61":8,"62":72,"63":164,"64":163,"65":367,"66":163,"67":367,"68":26,"69":163,"70":1},"f":{"0":98,"1":28,"2":31,"3":4409,"4":4405,"5":58455,"6":3836,"7":57278,"8":171,"9":405,"10":165,"11":245,"12":73,"13":160,"14":164,"15":367},"b":{"0":[30,0],"1":[164,73,171,165,3836],"2":[0,171],"3":[272,133],"4":[72,88],"5":[8,152],"6":[163,204],"7":[26,341]},"_coverageSchema":"332fd63041d2c1bcb487cc26dd0d5f7d97098a6c","hash":"88798c198ffb22548b2be2ed69266a3d32ff0374","contentHash":"9810d22526f71787483ee903f4819479_11.3.0"},"C:\\Users\\Chih-Kae\\WebstormProjects\\project_team219\\src\\controller\\QueryGrouper.js":{"path":"C:\\Users\\Chih-Kae\\WebstormProjects\\project_team219\\src\\controller\\QueryGrouper.js","statementMap":{"0":{"start":{"line":2,"column":0},"end":{"line":2,"column":62}},"1":{"start":{"line":3,"column":25},"end":{"line":3,"column":52}},"2":{"start":{"line":6,"column":8},"end":{"line":10,"column":9}},"3":{"start":{"line":7,"column":12},"end":{"line":9,"column":13}},"4":{"start":{"line":8,"column":16},"end":{"line":8,"column":58}},"5":{"start":{"line":11,"column":21},"end":{"line":11,"column":23}},"6":{"start":{"line":12,"column":8},"end":{"line":32,"column":9}},"7":{"start":{"line":13,"column":12},"end":{"line":13,"column":26}},"8":{"start":{"line":16,"column":24},"end":{"line":16,"column":25}},"9":{"start":{"line":17,"column":30},"end":{"line":17,"column":39}},"10":{"start":{"line":18,"column":12},"end":{"line":29,"column":15}},"11":{"start":{"line":19,"column":28},"end":{"line":19,"column":48}},"12":{"start":{"line":20,"column":16},"end":{"line":23,"column":17}},"13":{"start":{"line":21,"column":20},"end":{"line":21,"column":50}},"14":{"start":{"line":22,"column":20},"end":{"line":22,"column":28}},"15":{"start":{"line":24,"column":28},"end":{"line":24,"column":50}},"16":{"start":{"line":25,"column":16},"end":{"line":27,"column":17}},"17":{"start":{"line":26,"column":20},"end":{"line":26,"column":39}},"18":{"start":{"line":28,"column":16},"end":{"line":28,"column":44}},"19":{"start":{"line":30,"column":12},"end":{"line":30,"column":29}},"20":{"start":{"line":31,"column":12},"end":{"line":31,"column":55}},"21":{"start":{"line":35,"column":8},"end":{"line":59,"column":9}},"22":{"start":{"line":36,"column":12},"end":{"line":36,"column":26}},"23":{"start":{"line":39,"column":25},"end":{"line":39,"column":27}},"24":{"start":{"line":40,"column":22},"end":{"line":40,"column":33}},"25":{"start":{"line":41,"column":24},"end":{"line":41,"column":25}},"26":{"start":{"line":42,"column":12},"end":{"line":56,"column":15}},"27":{"start":{"line":43,"column":34},"end":{"line":43,"column":43}},"28":{"start":{"line":44,"column":16},"end":{"line":55,"column":19}},"29":{"start":{"line":45,"column":28},"end":{"line":45,"column":40}},"30":{"start":{"line":46,"column":20},"end":{"line":49,"column":21}},"31":{"start":{"line":47,"column":24},"end":{"line":47,"column":50}},"32":{"start":{"line":48,"column":24},"end":{"line":48,"column":32}},"33":{"start":{"line":50,"column":32},"end":{"line":50,"column":50}},"34":{"start":{"line":51,"column":20},"end":{"line":53,"column":21}},"35":{"start":{"line":52,"column":24},"end":{"line":52,"column":43}},"36":{"start":{"line":54,"column":20},"end":{"line":54,"column":48}},"37":{"start":{"line":57,"column":12},"end":{"line":57,"column":29}},"38":{"start":{"line":58,"column":12},"end":{"line":58,"column":55}},"39":{"start":{"line":62,"column":0},"end":{"line":62,"column":31}}},"fnMap":{"0":{"name":"(anonymous_0)","decl":{"start":{"line":5,"column":4},"end":{"line":5,"column":5}},"loc":{"start":{"line":5,"column":34},"end":{"line":33,"column":5}},"line":5},"1":{"name":"(anonymous_1)","decl":{"start":{"line":18,"column":27},"end":{"line":18,"column":28}},"loc":{"start":{"line":18,"column":46},"end":{"line":29,"column":13}},"line":18},"2":{"name":"(anonymous_2)","decl":{"start":{"line":34,"column":4},"end":{"line":34,"column":5}},"loc":{"start":{"line":34,"column":35},"end":{"line":60,"column":5}},"line":34},"3":{"name":"(anonymous_3)","decl":{"start":{"line":42,"column":27},"end":{"line":42,"column":28}},"loc":{"start":{"line":42,"column":44},"end":{"line":56,"column":13}},"line":42},"4":{"name":"(anonymous_4)","decl":{"start":{"line":44,"column":30},"end":{"line":44,"column":31}},"loc":{"start":{"line":44,"column":49},"end":{"line":55,"column":17}},"line":44}},"branchMap":{"0":{"loc":{"start":{"line":7,"column":12},"end":{"line":9,"column":13}},"type":"if","locations":[{"start":{"line":7,"column":12},"end":{"line":9,"column":13}},{"start":{"line":7,"column":12},"end":{"line":9,"column":13}}],"line":7},"1":{"loc":{"start":{"line":12,"column":8},"end":{"line":32,"column":9}},"type":"if","locations":[{"start":{"line":12,"column":8},"end":{"line":32,"column":9}},{"start":{"line":12,"column":8},"end":{"line":32,"column":9}}],"line":12},"2":{"loc":{"start":{"line":20,"column":16},"end":{"line":23,"column":17}},"type":"if","locations":[{"start":{"line":20,"column":16},"end":{"line":23,"column":17}},{"start":{"line":20,"column":16},"end":{"line":23,"column":17}}],"line":20},"3":{"loc":{"start":{"line":25,"column":16},"end":{"line":27,"column":17}},"type":"if","locations":[{"start":{"line":25,"column":16},"end":{"line":27,"column":17}},{"start":{"line":25,"column":16},"end":{"line":27,"column":17}}],"line":25},"4":{"loc":{"start":{"line":35,"column":8},"end":{"line":59,"column":9}},"type":"if","locations":[{"start":{"line":35,"column":8},"end":{"line":59,"column":9}},{"start":{"line":35,"column":8},"end":{"line":59,"column":9}}],"line":35},"5":{"loc":{"start":{"line":46,"column":20},"end":{"line":49,"column":21}},"type":"if","locations":[{"start":{"line":46,"column":20},"end":{"line":49,"column":21}},{"start":{"line":46,"column":20},"end":{"line":49,"column":21}}],"line":46},"6":{"loc":{"start":{"line":51,"column":20},"end":{"line":53,"column":21}},"type":"if","locations":[{"start":{"line":51,"column":20},"end":{"line":53,"column":21}},{"start":{"line":51,"column":20},"end":{"line":53,"column":21}}],"line":51}},"s":{"0":1,"1":1,"2":28,"3":42,"4":0,"5":28,"6":28,"7":0,"8":28,"9":28,"10":28,"11":400443,"12":400443,"13":26668,"14":26668,"15":400443,"16":400443,"17":26668,"18":400443,"19":28,"20":28,"21":42,"22":28,"23":14,"24":14,"25":14,"26":14,"27":318,"28":318,"29":564,"30":564,"31":393,"32":393,"33":564,"34":564,"35":393,"36":564,"37":14,"38":14,"39":1},"f":{"0":28,"1":400443,"2":42,"3":318,"4":564},"b":{"0":[0,42],"1":[0,28],"2":[26668,373775],"3":[26668,373775],"4":[28,14],"5":[393,171],"6":[393,171]},"_coverageSchema":"332fd63041d2c1bcb487cc26dd0d5f7d97098a6c","hash":"90e4ceef55825c1075d0a8e35617500fecf36664","contentHash":"dc58a8ae86b16855067ee99d1606d829_11.3.0"},"C:\\Users\\Chih-Kae\\WebstormProjects\\project_team219\\src\\rest\\Server.js":{"path":"C:\\Users\\Chih-Kae\\WebstormProjects\\project_team219\\src\\rest\\Server.js","statementMap":{"0":{"start":{"line":2,"column":0},"end":{"line":2,"column":62}},"1":{"start":{"line":3,"column":11},"end":{"line":3,"column":24}},"2":{"start":{"line":4,"column":16},"end":{"line":4,"column":34}},"3":{"start":{"line":5,"column":15},"end":{"line":5,"column":33}},"4":{"start":{"line":8,"column":8},"end":{"line":8,"column":62}},"5":{"start":{"line":9,"column":8},"end":{"line":9,"column":25}},"6":{"start":{"line":12,"column":8},"end":{"line":12,"column":47}},"7":{"start":{"line":13,"column":21},"end":{"line":13,"column":25}},"8":{"start":{"line":14,"column":8},"end":{"line":18,"column":11}},"9":{"start":{"line":15,"column":12},"end":{"line":17,"column":15}},"10":{"start":{"line":16,"column":16},"end":{"line":16,"column":30}},"11":{"start":{"line":21,"column":21},"end":{"line":21,"column":25}},"12":{"start":{"line":22,"column":8},"end":{"line":49,"column":11}},"13":{"start":{"line":23,"column":12},"end":{"line":48,"column":13}},"14":{"start":{"line":24,"column":16},"end":{"line":24,"column":63}},"15":{"start":{"line":25,"column":16},"end":{"line":27,"column":19}},"16":{"start":{"line":28,"column":16},"end":{"line":28,"column":87}},"17":{"start":{"line":29,"column":16},"end":{"line":33,"column":19}},"18":{"start":{"line":30,"column":20},"end":{"line":30,"column":67}},"19":{"start":{"line":31,"column":20},"end":{"line":31,"column":83}},"20":{"start":{"line":32,"column":20},"end":{"line":32,"column":34}},"21":{"start":{"line":34,"column":16},"end":{"line":34,"column":57}},"22":{"start":{"line":35,"column":16},"end":{"line":35,"column":55}},"23":{"start":{"line":36,"column":16},"end":{"line":39,"column":19}},"24":{"start":{"line":37,"column":20},"end":{"line":37,"column":97}},"25":{"start":{"line":38,"column":20},"end":{"line":38,"column":34}},"26":{"start":{"line":40,"column":16},"end":{"line":43,"column":19}},"27":{"start":{"line":41,"column":20},"end":{"line":41,"column":83}},"28":{"start":{"line":42,"column":20},"end":{"line":42,"column":32}},"29":{"start":{"line":46,"column":16},"end":{"line":46,"column":72}},"30":{"start":{"line":47,"column":16},"end":{"line":47,"column":28}},"31":{"start":{"line":52,"column":8},"end":{"line":52,"column":89}},"32":{"start":{"line":53,"column":8},"end":{"line":61,"column":9}},"33":{"start":{"line":54,"column":29},"end":{"line":54,"column":63}},"34":{"start":{"line":55,"column":12},"end":{"line":55,"column":72}},"35":{"start":{"line":56,"column":12},"end":{"line":56,"column":48}},"36":{"start":{"line":59,"column":12},"end":{"line":59,"column":70}},"37":{"start":{"line":60,"column":12},"end":{"line":60,"column":42}},"38":{"start":{"line":62,"column":8},"end":{"line":62,"column":22}},"39":{"start":{"line":65,"column":8},"end":{"line":70,"column":9}},"40":{"start":{"line":66,"column":12},"end":{"line":66,"column":37}},"41":{"start":{"line":69,"column":12},"end":{"line":69,"column":42}},"42":{"start":{"line":73,"column":26},"end":{"line":73,"column":44}},"43":{"start":{"line":74,"column":8},"end":{"line":74,"column":67}},"44":{"start":{"line":75,"column":19},"end":{"line":75,"column":43}},"45":{"start":{"line":76,"column":8},"end":{"line":78,"column":9}},"46":{"start":{"line":77,"column":12},"end":{"line":77,"column":56}},"47":{"start":{"line":79,"column":8},"end":{"line":88,"column":11}},"48":{"start":{"line":80,"column":12},"end":{"line":84,"column":13}},"49":{"start":{"line":81,"column":16},"end":{"line":81,"column":30}},"50":{"start":{"line":82,"column":16},"end":{"line":82,"column":58}},"51":{"start":{"line":83,"column":16},"end":{"line":83,"column":30}},"52":{"start":{"line":85,"column":12},"end":{"line":85,"column":28}},"53":{"start":{"line":86,"column":12},"end":{"line":86,"column":22}},"54":{"start":{"line":87,"column":12},"end":{"line":87,"column":26}},"55":{"start":{"line":91,"column":0},"end":{"line":91,"column":25}}},"fnMap":{"0":{"name":"(anonymous_0)","decl":{"start":{"line":7,"column":4},"end":{"line":7,"column":5}},"loc":{"start":{"line":7,"column":22},"end":{"line":10,"column":5}},"line":7},"1":{"name":"(anonymous_1)","decl":{"start":{"line":11,"column":4},"end":{"line":11,"column":5}},"loc":{"start":{"line":11,"column":11},"end":{"line":19,"column":5}},"line":11},"2":{"name":"(anonymous_2)","decl":{"start":{"line":14,"column":27},"end":{"line":14,"column":28}},"loc":{"start":{"line":14,"column":46},"end":{"line":18,"column":9}},"line":14},"3":{"name":"(anonymous_3)","decl":{"start":{"line":15,"column":28},"end":{"line":15,"column":29}},"loc":{"start":{"line":15,"column":40},"end":{"line":17,"column":13}},"line":15},"4":{"name":"(anonymous_4)","decl":{"start":{"line":20,"column":4},"end":{"line":20,"column":5}},"loc":{"start":{"line":20,"column":12},"end":{"line":50,"column":5}},"line":20},"5":{"name":"(anonymous_5)","decl":{"start":{"line":22,"column":27},"end":{"line":22,"column":28}},"loc":{"start":{"line":22,"column":54},"end":{"line":49,"column":9}},"line":22},"6":{"name":"crossOrigin","decl":{"start":{"line":29,"column":39},"end":{"line":29,"column":50}},"loc":{"start":{"line":29,"column":67},"end":{"line":33,"column":17}},"line":29},"7":{"name":"(anonymous_7)","decl":{"start":{"line":36,"column":44},"end":{"line":36,"column":45}},"loc":{"start":{"line":36,"column":56},"end":{"line":39,"column":17}},"line":36},"8":{"name":"(anonymous_8)","decl":{"start":{"line":40,"column":38},"end":{"line":40,"column":39}},"loc":{"start":{"line":40,"column":53},"end":{"line":43,"column":17}},"line":40},"9":{"name":"(anonymous_9)","decl":{"start":{"line":51,"column":4},"end":{"line":51,"column":5}},"loc":{"start":{"line":51,"column":32},"end":{"line":63,"column":5}},"line":51},"10":{"name":"(anonymous_10)","decl":{"start":{"line":64,"column":4},"end":{"line":64,"column":5}},"loc":{"start":{"line":64,"column":28},"end":{"line":71,"column":5}},"line":64},"11":{"name":"(anonymous_11)","decl":{"start":{"line":72,"column":4},"end":{"line":72,"column":5}},"loc":{"start":{"line":72,"column":37},"end":{"line":89,"column":5}},"line":72},"12":{"name":"(anonymous_12)","decl":{"start":{"line":79,"column":26},"end":{"line":79,"column":27}},"loc":{"start":{"line":79,"column":47},"end":{"line":88,"column":9}},"line":79}},"branchMap":{"0":{"loc":{"start":{"line":65,"column":8},"end":{"line":70,"column":9}},"type":"if","locations":[{"start":{"line":65,"column":8},"end":{"line":70,"column":9}},{"start":{"line":65,"column":8},"end":{"line":70,"column":9}}],"line":65},"1":{"loc":{"start":{"line":65,"column":12},"end":{"line":65,"column":54}},"type":"binary-expr","locations":[{"start":{"line":65,"column":12},"end":{"line":65,"column":38}},{"start":{"line":65,"column":42},"end":{"line":65,"column":54}}],"line":65},"2":{"loc":{"start":{"line":76,"column":8},"end":{"line":78,"column":9}},"type":"if","locations":[{"start":{"line":76,"column":8},"end":{"line":78,"column":9}},{"start":{"line":76,"column":8},"end":{"line":78,"column":9}}],"line":76},"3":{"loc":{"start":{"line":80,"column":12},"end":{"line":84,"column":13}},"type":"if","locations":[{"start":{"line":80,"column":12},"end":{"line":84,"column":13}},{"start":{"line":80,"column":12},"end":{"line":84,"column":13}}],"line":80}},"s":{"0":1,"1":1,"2":1,"3":1,"4":0,"5":0,"6":0,"7":0,"8":0,"9":0,"10":0,"11":0,"12":0,"13":0,"14":0,"15":0,"16":0,"17":0,"18":0,"19":0,"20":0,"21":0,"22":0,"23":0,"24":0,"25":0,"26":0,"27":0,"28":0,"29":0,"30":0,"31":0,"32":0,"33":0,"34":0,"35":0,"36":0,"37":0,"38":0,"39":0,"40":0,"41":0,"42":0,"43":0,"44":0,"45":0,"46":0,"47":0,"48":0,"49":0,"50":0,"51":0,"52":0,"53":0,"54":0,"55":1},"f":{"0":0,"1":0,"2":0,"3":0,"4":0,"5":0,"6":0,"7":0,"8":0,"9":0,"10":0,"11":0,"12":0},"b":{"0":[0,0],"1":[0,0],"2":[0,0],"3":[0,0]},"_coverageSchema":"332fd63041d2c1bcb487cc26dd0d5f7d97098a6c","hash":"918e9cea06e0c665d7cf5fbd9dd6142a664a8ced","contentHash":"bebe910a9afb6821fecf60711e9f6432_11.3.0"}}