{"C:\\Users\\Chih-Kae\\WebstormProjects\\project_team219\\src\\controller\\IInsightFacade.js":{"path":"C:\\Users\\Chih-Kae\\WebstormProjects\\project_team219\\src\\controller\\IInsightFacade.js","statementMap":{"0":{"start":{"line":2,"column":0},"end":{"line":2,"column":62}},"1":{"start":{"line":4,"column":0},"end":{"line":7,"column":89}},"2":{"start":{"line":5,"column":4},"end":{"line":5,"column":46}},"3":{"start":{"line":6,"column":4},"end":{"line":6,"column":42}},"4":{"start":{"line":10,"column":8},"end":{"line":10,"column":23}},"5":{"start":{"line":11,"column":8},"end":{"line":11,"column":52}},"6":{"start":{"line":14,"column":0},"end":{"line":14,"column":36}},"7":{"start":{"line":17,"column":8},"end":{"line":17,"column":23}},"8":{"start":{"line":18,"column":8},"end":{"line":18,"column":53}},"9":{"start":{"line":21,"column":0},"end":{"line":21,"column":38}},"10":{"start":{"line":24,"column":8},"end":{"line":24,"column":23}},"11":{"start":{"line":25,"column":8},"end":{"line":25,"column":59}},"12":{"start":{"line":28,"column":0},"end":{"line":28,"column":50}}},"fnMap":{"0":{"name":"(anonymous_0)","decl":{"start":{"line":4,"column":1},"end":{"line":4,"column":2}},"loc":{"start":{"line":4,"column":31},"end":{"line":7,"column":1}},"line":4},"1":{"name":"(anonymous_1)","decl":{"start":{"line":9,"column":4},"end":{"line":9,"column":5}},"loc":{"start":{"line":9,"column":25},"end":{"line":12,"column":5}},"line":9},"2":{"name":"(anonymous_2)","decl":{"start":{"line":16,"column":4},"end":{"line":16,"column":5}},"loc":{"start":{"line":16,"column":25},"end":{"line":19,"column":5}},"line":16},"3":{"name":"(anonymous_3)","decl":{"start":{"line":23,"column":4},"end":{"line":23,"column":5}},"loc":{"start":{"line":23,"column":25},"end":{"line":26,"column":5}},"line":23}},"branchMap":{"0":{"loc":{"start":{"line":7,"column":24},"end":{"line":7,"column":87}},"type":"binary-expr","locations":[{"start":{"line":7,"column":24},"end":{"line":7,"column":50}},{"start":{"line":7,"column":55},"end":{"line":7,"column":86}}],"line":7}},"s":{"0":1,"1":1,"2":1,"3":1,"4":265,"5":265,"6":1,"7":0,"8":0,"9":1,"10":6,"11":6,"12":1},"f":{"0":1,"1":265,"2":0,"3":6},"b":{"0":[1,1]},"_coverageSchema":"332fd63041d2c1bcb487cc26dd0d5f7d97098a6c","hash":"a6a139116909df55137d6e3a26590f8fed84731c","contentHash":"527cfcfa7ecce84f700e3da091a20591_11.3.0"},"C:\\Users\\Chih-Kae\\WebstormProjects\\project_team219\\src\\controller\\InsightFacade.js":{"path":"C:\\Users\\Chih-Kae\\WebstormProjects\\project_team219\\src\\controller\\InsightFacade.js","statementMap":{"0":{"start":{"line":2,"column":0},"end":{"line":2,"column":62}},"1":{"start":{"line":3,"column":15},"end":{"line":3,"column":33}},"2":{"start":{"line":4,"column":25},"end":{"line":4,"column":52}},"3":{"start":{"line":5,"column":25},"end":{"line":5,"column":52}},"4":{"start":{"line":6,"column":18},"end":{"line":6,"column":38}},"5":{"start":{"line":7,"column":25},"end":{"line":7,"column":52}},"6":{"start":{"line":8,"column":25},"end":{"line":8,"column":52}},"7":{"start":{"line":9,"column":24},"end":{"line":9,"column":50}},"8":{"start":{"line":10,"column":20},"end":{"line":10,"column":42}},"9":{"start":{"line":13,"column":8},"end":{"line":13,"column":58}},"10":{"start":{"line":16,"column":8},"end":{"line":18,"column":9}},"11":{"start":{"line":17,"column":12},"end":{"line":17,"column":86}},"12":{"start":{"line":19,"column":8},"end":{"line":21,"column":9}},"13":{"start":{"line":20,"column":12},"end":{"line":20,"column":131}},"14":{"start":{"line":22,"column":8},"end":{"line":27,"column":9}},"15":{"start":{"line":23,"column":12},"end":{"line":23,"column":66}},"16":{"start":{"line":25,"column":13},"end":{"line":27,"column":9}},"17":{"start":{"line":26,"column":12},"end":{"line":26,"column":64}},"18":{"start":{"line":30,"column":8},"end":{"line":32,"column":9}},"19":{"start":{"line":31,"column":12},"end":{"line":31,"column":86}},"20":{"start":{"line":33,"column":8},"end":{"line":35,"column":9}},"21":{"start":{"line":34,"column":12},"end":{"line":34,"column":132}},"22":{"start":{"line":36,"column":19},"end":{"line":36,"column":32}},"23":{"start":{"line":37,"column":21},"end":{"line":37,"column":35}},"24":{"start":{"line":38,"column":8},"end":{"line":38,"column":28}},"25":{"start":{"line":39,"column":8},"end":{"line":39,"column":55}},"26":{"start":{"line":40,"column":8},"end":{"line":40,"column":35}},"27":{"start":{"line":43,"column":8},"end":{"line":87,"column":11}},"28":{"start":{"line":44,"column":33},"end":{"line":44,"column":75}},"29":{"start":{"line":45,"column":12},"end":{"line":86,"column":13}},"30":{"start":{"line":46,"column":16},"end":{"line":82,"column":17}},"31":{"start":{"line":47,"column":20},"end":{"line":47,"column":97}},"32":{"start":{"line":48,"column":39},"end":{"line":48,"column":78}},"33":{"start":{"line":49,"column":29},"end":{"line":49,"column":42}},"34":{"start":{"line":50,"column":20},"end":{"line":81,"column":23}},"35":{"start":{"line":51,"column":24},"end":{"line":80,"column":25}},"36":{"start":{"line":52,"column":28},"end":{"line":52,"column":72}},"37":{"start":{"line":55,"column":28},"end":{"line":79,"column":29}},"38":{"start":{"line":56,"column":46},"end":{"line":56,"column":62}},"39":{"start":{"line":57,"column":48},"end":{"line":57,"column":75}},"40":{"start":{"line":58,"column":32},"end":{"line":63,"column":33}},"41":{"start":{"line":59,"column":36},"end":{"line":59,"column":79}},"42":{"start":{"line":61,"column":37},"end":{"line":63,"column":33}},"43":{"start":{"line":62,"column":36},"end":{"line":62,"column":77}},"44":{"start":{"line":64,"column":53},"end":{"line":64,"column":97}},"45":{"start":{"line":65,"column":53},"end":{"line":65,"column":89}},"46":{"start":{"line":66,"column":41},"end":{"line":66,"column":106}},"47":{"start":{"line":67,"column":32},"end":{"line":67,"column":67}},"48":{"start":{"line":70,"column":32},"end":{"line":78,"column":33}},"49":{"start":{"line":71,"column":36},"end":{"line":71,"column":46}},"50":{"start":{"line":73,"column":37},"end":{"line":78,"column":33}},"51":{"start":{"line":74,"column":36},"end":{"line":74,"column":46}},"52":{"start":{"line":77,"column":36},"end":{"line":77,"column":46}},"53":{"start":{"line":85,"column":16},"end":{"line":85,"column":60}},"54":{"start":{"line":90,"column":19},"end":{"line":90,"column":32}},"55":{"start":{"line":91,"column":37},"end":{"line":91,"column":59}},"56":{"start":{"line":92,"column":23},"end":{"line":92,"column":25}},"57":{"start":{"line":93,"column":8},"end":{"line":101,"column":11}},"58":{"start":{"line":94,"column":34},"end":{"line":94,"column":81}},"59":{"start":{"line":95,"column":30},"end":{"line":95,"column":57}},"60":{"start":{"line":96,"column":33},"end":{"line":96,"column":35}},"61":{"start":{"line":97,"column":12},"end":{"line":97,"column":45}},"62":{"start":{"line":98,"column":12},"end":{"line":98,"column":49}},"63":{"start":{"line":99,"column":12},"end":{"line":99,"column":55}},"64":{"start":{"line":100,"column":12},"end":{"line":100,"column":40}},"65":{"start":{"line":102,"column":8},"end":{"line":104,"column":11}},"66":{"start":{"line":103,"column":12},"end":{"line":103,"column":111}},"67":{"start":{"line":105,"column":8},"end":{"line":105,"column":41}},"68":{"start":{"line":108,"column":0},"end":{"line":108,"column":32}}},"fnMap":{"0":{"name":"(anonymous_0)","decl":{"start":{"line":12,"column":4},"end":{"line":12,"column":5}},"loc":{"start":{"line":12,"column":18},"end":{"line":14,"column":5}},"line":12},"1":{"name":"(anonymous_1)","decl":{"start":{"line":15,"column":4},"end":{"line":15,"column":5}},"loc":{"start":{"line":15,"column":34},"end":{"line":28,"column":5}},"line":15},"2":{"name":"(anonymous_2)","decl":{"start":{"line":29,"column":4},"end":{"line":29,"column":5}},"loc":{"start":{"line":29,"column":22},"end":{"line":41,"column":5}},"line":29},"3":{"name":"(anonymous_3)","decl":{"start":{"line":42,"column":4},"end":{"line":42,"column":5}},"loc":{"start":{"line":42,"column":24},"end":{"line":88,"column":5}},"line":42},"4":{"name":"(anonymous_4)","decl":{"start":{"line":43,"column":27},"end":{"line":43,"column":28}},"loc":{"start":{"line":43,"column":54},"end":{"line":87,"column":9}},"line":43},"5":{"name":"(anonymous_5)","decl":{"start":{"line":50,"column":58},"end":{"line":50,"column":59}},"loc":{"start":{"line":50,"column":73},"end":{"line":81,"column":21}},"line":50},"6":{"name":"(anonymous_6)","decl":{"start":{"line":89,"column":4},"end":{"line":89,"column":5}},"loc":{"start":{"line":89,"column":19},"end":{"line":106,"column":5}},"line":89},"7":{"name":"(anonymous_7)","decl":{"start":{"line":93,"column":39},"end":{"line":93,"column":40}},"loc":{"start":{"line":93,"column":58},"end":{"line":101,"column":9}},"line":93},"8":{"name":"(anonymous_8)","decl":{"start":{"line":102,"column":25},"end":{"line":102,"column":26}},"loc":{"start":{"line":102,"column":38},"end":{"line":104,"column":9}},"line":102}},"branchMap":{"0":{"loc":{"start":{"line":16,"column":8},"end":{"line":18,"column":9}},"type":"if","locations":[{"start":{"line":16,"column":8},"end":{"line":18,"column":9}},{"start":{"line":16,"column":8},"end":{"line":18,"column":9}}],"line":16},"1":{"loc":{"start":{"line":19,"column":8},"end":{"line":21,"column":9}},"type":"if","locations":[{"start":{"line":19,"column":8},"end":{"line":21,"column":9}},{"start":{"line":19,"column":8},"end":{"line":21,"column":9}}],"line":19},"2":{"loc":{"start":{"line":22,"column":8},"end":{"line":27,"column":9}},"type":"if","locations":[{"start":{"line":22,"column":8},"end":{"line":27,"column":9}},{"start":{"line":22,"column":8},"end":{"line":27,"column":9}}],"line":22},"3":{"loc":{"start":{"line":25,"column":13},"end":{"line":27,"column":9}},"type":"if","locations":[{"start":{"line":25,"column":13},"end":{"line":27,"column":9}},{"start":{"line":25,"column":13},"end":{"line":27,"column":9}}],"line":25},"4":{"loc":{"start":{"line":30,"column":8},"end":{"line":32,"column":9}},"type":"if","locations":[{"start":{"line":30,"column":8},"end":{"line":32,"column":9}},{"start":{"line":30,"column":8},"end":{"line":32,"column":9}}],"line":30},"5":{"loc":{"start":{"line":33,"column":8},"end":{"line":35,"column":9}},"type":"if","locations":[{"start":{"line":33,"column":8},"end":{"line":35,"column":9}},{"start":{"line":33,"column":8},"end":{"line":35,"column":9}}],"line":33},"6":{"loc":{"start":{"line":46,"column":16},"end":{"line":82,"column":17}},"type":"if","locations":[{"start":{"line":46,"column":16},"end":{"line":82,"column":17}},{"start":{"line":46,"column":16},"end":{"line":82,"column":17}}],"line":46},"7":{"loc":{"start":{"line":51,"column":24},"end":{"line":80,"column":25}},"type":"if","locations":[{"start":{"line":51,"column":24},"end":{"line":80,"column":25}},{"start":{"line":51,"column":24},"end":{"line":80,"column":25}}],"line":51},"8":{"loc":{"start":{"line":58,"column":32},"end":{"line":63,"column":33}},"type":"if","locations":[{"start":{"line":58,"column":32},"end":{"line":63,"column":33}},{"start":{"line":58,"column":32},"end":{"line":63,"column":33}}],"line":58},"9":{"loc":{"start":{"line":61,"column":37},"end":{"line":63,"column":33}},"type":"if","locations":[{"start":{"line":61,"column":37},"end":{"line":63,"column":33}},{"start":{"line":61,"column":37},"end":{"line":63,"column":33}}],"line":61},"10":{"loc":{"start":{"line":70,"column":32},"end":{"line":78,"column":33}},"type":"if","locations":[{"start":{"line":70,"column":32},"end":{"line":78,"column":33}},{"start":{"line":70,"column":32},"end":{"line":78,"column":33}}],"line":70},"11":{"loc":{"start":{"line":73,"column":37},"end":{"line":78,"column":33}},"type":"if","locations":[{"start":{"line":73,"column":37},"end":{"line":78,"column":33}},{"start":{"line":73,"column":37},"end":{"line":78,"column":33}}],"line":73}},"s":{"0":1,"1":1,"2":1,"3":1,"4":1,"5":1,"6":1,"7":1,"8":1,"9":3,"10":2,"11":0,"12":2,"13":0,"14":2,"15":1,"16":1,"17":1,"18":0,"19":0,"20":0,"21":0,"22":0,"23":0,"24":0,"25":0,"26":0,"27":224,"28":224,"29":224,"30":224,"31":96,"32":92,"33":92,"34":92,"35":92,"36":0,"37":92,"38":92,"39":92,"40":92,"41":92,"42":0,"43":0,"44":92,"45":92,"46":92,"47":92,"48":10,"49":6,"50":4,"51":4,"52":0,"53":132,"54":0,"55":0,"56":0,"57":0,"58":0,"59":0,"60":0,"61":0,"62":0,"63":0,"64":0,"65":0,"66":0,"67":0,"68":1},"f":{"0":3,"1":2,"2":0,"3":224,"4":224,"5":92,"6":0,"7":0,"8":0},"b":{"0":[0,2],"1":[0,2],"2":[1,1],"3":[1,0],"4":[0,0],"5":[0,0],"6":[96,0],"7":[0,92],"8":[92,0],"9":[0,0],"10":[6,4],"11":[4,0]},"_coverageSchema":"332fd63041d2c1bcb487cc26dd0d5f7d97098a6c","hash":"48dc74c1520820f42ed962ecb16a16b49f51784b","contentHash":"f6310cdcfb196a0f87594d8f4bdba66a_11.3.0"},"C:\\Users\\Chih-Kae\\WebstormProjects\\project_team219\\src\\Util.js":{"path":"C:\\Users\\Chih-Kae\\WebstormProjects\\project_team219\\src\\Util.js","statementMap":{"0":{"start":{"line":2,"column":0},"end":{"line":2,"column":62}},"1":{"start":{"line":5,"column":8},"end":{"line":5,"column":67}},"2":{"start":{"line":8,"column":8},"end":{"line":8,"column":68}},"3":{"start":{"line":11,"column":8},"end":{"line":11,"column":68}},"4":{"start":{"line":14,"column":8},"end":{"line":14,"column":69}},"5":{"start":{"line":17,"column":8},"end":{"line":17,"column":67}},"6":{"start":{"line":20,"column":0},"end":{"line":20,"column":22}}},"fnMap":{"0":{"name":"(anonymous_0)","decl":{"start":{"line":4,"column":4},"end":{"line":4,"column":5}},"loc":{"start":{"line":4,"column":25},"end":{"line":6,"column":5}},"line":4},"1":{"name":"(anonymous_1)","decl":{"start":{"line":7,"column":4},"end":{"line":7,"column":5}},"loc":{"start":{"line":7,"column":24},"end":{"line":9,"column":5}},"line":7},"2":{"name":"(anonymous_2)","decl":{"start":{"line":10,"column":4},"end":{"line":10,"column":5}},"loc":{"start":{"line":10,"column":24},"end":{"line":12,"column":5}},"line":10},"3":{"name":"(anonymous_3)","decl":{"start":{"line":13,"column":4},"end":{"line":13,"column":5}},"loc":{"start":{"line":13,"column":25},"end":{"line":15,"column":5}},"line":13},"4":{"name":"(anonymous_4)","decl":{"start":{"line":16,"column":4},"end":{"line":16,"column":5}},"loc":{"start":{"line":16,"column":24},"end":{"line":18,"column":5}},"line":16}},"branchMap":{},"s":{"0":1,"1":3,"2":3,"3":0,"4":0,"5":10,"6":1},"f":{"0":3,"1":3,"2":0,"3":0,"4":10},"b":{},"_coverageSchema":"332fd63041d2c1bcb487cc26dd0d5f7d97098a6c","hash":"ff83448b21cff925718dd80c147d1099de078b89","contentHash":"1612e7b3a0fea4b9841fa4bee78a42a9_11.3.0"},"C:\\Users\\Chih-Kae\\WebstormProjects\\project_team219\\src\\controller\\Dataset.js":{"path":"C:\\Users\\Chih-Kae\\WebstormProjects\\project_team219\\src\\controller\\Dataset.js","statementMap":{"0":{"start":{"line":2,"column":0},"end":{"line":2,"column":62}},"1":{"start":{"line":3,"column":15},"end":{"line":3,"column":33}},"2":{"start":{"line":4,"column":25},"end":{"line":4,"column":52}},"3":{"start":{"line":5,"column":14},"end":{"line":5,"column":30}},"4":{"start":{"line":6,"column":23},"end":{"line":6,"column":48}},"5":{"start":{"line":9,"column":0},"end":{"line":9,"column":26}},"6":{"start":{"line":12,"column":0},"end":{"line":12,"column":24}},"7":{"start":{"line":15,"column":0},"end":{"line":15,"column":26}},"8":{"start":{"line":18,"column":0},"end":{"line":18,"column":28}},"9":{"start":{"line":21,"column":0},"end":{"line":21,"column":20}},"10":{"start":{"line":23,"column":23},"end":{"line":23,"column":50}},"11":{"start":{"line":24,"column":19},"end":{"line":24,"column":21}},"12":{"start":{"line":25,"column":15},"end":{"line":25,"column":44}},"13":{"start":{"line":26,"column":4},"end":{"line":50,"column":7}},"14":{"start":{"line":27,"column":8},"end":{"line":38,"column":11}},"15":{"start":{"line":28,"column":12},"end":{"line":37,"column":13}},"16":{"start":{"line":29,"column":16},"end":{"line":36,"column":19}},"17":{"start":{"line":31,"column":37},"end":{"line":31,"column":62}},"18":{"start":{"line":32,"column":33},"end":{"line":32,"column":61}},"19":{"start":{"line":33,"column":20},"end":{"line":35,"column":21}},"20":{"start":{"line":34,"column":24},"end":{"line":34,"column":58}},"21":{"start":{"line":39,"column":8},"end":{"line":47,"column":11}},"22":{"start":{"line":40,"column":12},"end":{"line":40,"column":69}},"23":{"start":{"line":41,"column":12},"end":{"line":46,"column":13}},"24":{"start":{"line":42,"column":16},"end":{"line":42,"column":77}},"25":{"start":{"line":45,"column":16},"end":{"line":45,"column":125}},"26":{"start":{"line":49,"column":8},"end":{"line":49,"column":81}},"27":{"start":{"line":52,"column":0},"end":{"line":52,"column":46}},"28":{"start":{"line":54,"column":23},"end":{"line":54,"column":50}},"29":{"start":{"line":55,"column":19},"end":{"line":55,"column":21}},"30":{"start":{"line":56,"column":20},"end":{"line":56,"column":22}},"31":{"start":{"line":57,"column":16},"end":{"line":57,"column":18}},"32":{"start":{"line":58,"column":4},"end":{"line":102,"column":7}},"33":{"start":{"line":59,"column":8},"end":{"line":74,"column":11}},"34":{"start":{"line":60,"column":12},"end":{"line":73,"column":15}},"35":{"start":{"line":62,"column":31},"end":{"line":62,"column":59}},"36":{"start":{"line":63,"column":16},"end":{"line":72,"column":17}},"37":{"start":{"line":64,"column":39},"end":{"line":64,"column":83}},"38":{"start":{"line":65,"column":20},"end":{"line":65,"column":45}},"39":{"start":{"line":67,"column":21},"end":{"line":72,"column":17}},"40":{"start":{"line":68,"column":35},"end":{"line":68,"column":85}},"41":{"start":{"line":69,"column":20},"end":{"line":71,"column":21}},"42":{"start":{"line":70,"column":24},"end":{"line":70,"column":45}},"43":{"start":{"line":75,"column":8},"end":{"line":99,"column":11}},"44":{"start":{"line":76,"column":30},"end":{"line":76,"column":32}},"45":{"start":{"line":77,"column":12},"end":{"line":77,"column":47}},"46":{"start":{"line":78,"column":12},"end":{"line":85,"column":15}},"47":{"start":{"line":79,"column":16},"end":{"line":84,"column":19}},"48":{"start":{"line":80,"column":20},"end":{"line":83,"column":21}},"49":{"start":{"line":81,"column":24},"end":{"line":81,"column":56}},"50":{"start":{"line":82,"column":24},"end":{"line":82,"column":47}},"51":{"start":{"line":86,"column":30},"end":{"line":91,"column":14}},"52":{"start":{"line":87,"column":16},"end":{"line":90,"column":19}},"53":{"start":{"line":88,"column":20},"end":{"line":88,"column":39}},"54":{"start":{"line":89,"column":20},"end":{"line":89,"column":39}},"55":{"start":{"line":92,"column":12},"end":{"line":98,"column":15}},"56":{"start":{"line":93,"column":16},"end":{"line":93,"column":49}},"57":{"start":{"line":94,"column":16},"end":{"line":94,"column":58}},"58":{"start":{"line":95,"column":16},"end":{"line":97,"column":17}},"59":{"start":{"line":96,"column":20},"end":{"line":96,"column":81}},"60":{"start":{"line":101,"column":8},"end":{"line":101,"column":81}},"61":{"start":{"line":104,"column":0},"end":{"line":104,"column":42}},"62":{"start":{"line":106,"column":4},"end":{"line":106,"column":66}},"63":{"start":{"line":108,"column":0},"end":{"line":108,"column":32}},"64":{"start":{"line":110,"column":4},"end":{"line":112,"column":5}},"65":{"start":{"line":111,"column":8},"end":{"line":111,"column":17}},"66":{"start":{"line":113,"column":16},"end":{"line":113,"column":17}},"67":{"start":{"line":114,"column":4},"end":{"line":116,"column":7}},"68":{"start":{"line":115,"column":8},"end":{"line":115,"column":40}},"69":{"start":{"line":117,"column":4},"end":{"line":117,"column":17}},"70":{"start":{"line":119,"column":0},"end":{"line":119,"column":50}},"71":{"start":{"line":121,"column":18},"end":{"line":121,"column":31}},"72":{"start":{"line":122,"column":4},"end":{"line":122,"column":20}},"73":{"start":{"line":123,"column":4},"end":{"line":123,"column":24}},"74":{"start":{"line":124,"column":4},"end":{"line":124,"column":24}},"75":{"start":{"line":125,"column":4},"end":{"line":125,"column":25}},"76":{"start":{"line":126,"column":4},"end":{"line":126,"column":23}},"77":{"start":{"line":127,"column":4},"end":{"line":127,"column":19}},"78":{"start":{"line":129,"column":0},"end":{"line":129,"column":46}},"79":{"start":{"line":131,"column":13},"end":{"line":131,"column":26}},"80":{"start":{"line":132,"column":17},"end":{"line":132,"column":40}},"81":{"start":{"line":133,"column":4},"end":{"line":133,"column":45}},"82":{"start":{"line":134,"column":4},"end":{"line":134,"column":47}},"83":{"start":{"line":135,"column":4},"end":{"line":135,"column":41}},"84":{"start":{"line":137,"column":0},"end":{"line":137,"column":48}},"85":{"start":{"line":139,"column":13},"end":{"line":139,"column":26}},"86":{"start":{"line":140,"column":27},"end":{"line":140,"column":51}},"87":{"start":{"line":141,"column":4},"end":{"line":141,"column":28}},"88":{"start":{"line":143,"column":0},"end":{"line":143,"column":66}},"89":{"start":{"line":146,"column":4},"end":{"line":152,"column":5}},"90":{"start":{"line":147,"column":8},"end":{"line":147,"column":40}},"91":{"start":{"line":150,"column":8},"end":{"line":150,"column":75}},"92":{"start":{"line":151,"column":8},"end":{"line":151,"column":25}},"93":{"start":{"line":153,"column":18},"end":{"line":153,"column":40}},"94":{"start":{"line":154,"column":4},"end":{"line":156,"column":5}},"95":{"start":{"line":155,"column":8},"end":{"line":155,"column":25}},"96":{"start":{"line":157,"column":19},"end":{"line":157,"column":21}},"97":{"start":{"line":158,"column":4},"end":{"line":169,"column":5}},"98":{"start":{"line":159,"column":8},"end":{"line":164,"column":9}},"99":{"start":{"line":160,"column":12},"end":{"line":163,"column":13}},"100":{"start":{"line":161,"column":24},"end":{"line":161,"column":51}},"101":{"start":{"line":162,"column":16},"end":{"line":162,"column":33}},"102":{"start":{"line":165,"column":21},"end":{"line":165,"column":33}},"103":{"start":{"line":166,"column":8},"end":{"line":166,"column":31}},"104":{"start":{"line":167,"column":8},"end":{"line":167,"column":35}},"105":{"start":{"line":168,"column":8},"end":{"line":168,"column":22}},"106":{"start":{"line":171,"column":0},"end":{"line":171,"column":34}},"107":{"start":{"line":173,"column":4},"end":{"line":177,"column":5}},"108":{"start":{"line":174,"column":8},"end":{"line":176,"column":9}},"109":{"start":{"line":175,"column":12},"end":{"line":175,"column":25}},"110":{"start":{"line":178,"column":4},"end":{"line":178,"column":16}},"111":{"start":{"line":181,"column":15},"end":{"line":181,"column":28}},"112":{"start":{"line":182,"column":4},"end":{"line":182,"column":29}},"113":{"start":{"line":183,"column":4},"end":{"line":183,"column":38}},"114":{"start":{"line":184,"column":4},"end":{"line":184,"column":40}},"115":{"start":{"line":185,"column":4},"end":{"line":185,"column":31}},"116":{"start":{"line":186,"column":4},"end":{"line":186,"column":29}},"117":{"start":{"line":187,"column":4},"end":{"line":187,"column":29}},"118":{"start":{"line":188,"column":4},"end":{"line":188,"column":31}},"119":{"start":{"line":189,"column":4},"end":{"line":189,"column":27}},"120":{"start":{"line":190,"column":4},"end":{"line":195,"column":5}},"121":{"start":{"line":191,"column":8},"end":{"line":191,"column":25}},"122":{"start":{"line":194,"column":8},"end":{"line":194,"column":41}},"123":{"start":{"line":196,"column":4},"end":{"line":196,"column":32}},"124":{"start":{"line":197,"column":4},"end":{"line":197,"column":16}}},"fnMap":{"0":{"name":"addCoursesDataset","decl":{"start":{"line":22,"column":9},"end":{"line":22,"column":26}},"loc":{"start":{"line":22,"column":46},"end":{"line":51,"column":1}},"line":22},"1":{"name":"(anonymous_1)","decl":{"start":{"line":26,"column":38},"end":{"line":26,"column":39}},"loc":{"start":{"line":26,"column":53},"end":{"line":48,"column":5}},"line":26},"2":{"name":"(anonymous_2)","decl":{"start":{"line":27,"column":46},"end":{"line":27,"column":47}},"loc":{"start":{"line":27,"column":66},"end":{"line":38,"column":9}},"line":27},"3":{"name":"(anonymous_3)","decl":{"start":{"line":30,"column":26},"end":{"line":30,"column":27}},"loc":{"start":{"line":30,"column":41},"end":{"line":36,"column":17}},"line":30},"4":{"name":"(anonymous_4)","decl":{"start":{"line":39,"column":42},"end":{"line":39,"column":43}},"loc":{"start":{"line":39,"column":48},"end":{"line":47,"column":9}},"line":39},"5":{"name":"(anonymous_5)","decl":{"start":{"line":48,"column":13},"end":{"line":48,"column":14}},"loc":{"start":{"line":48,"column":22},"end":{"line":50,"column":5}},"line":48},"6":{"name":"addRoomsDataset","decl":{"start":{"line":53,"column":9},"end":{"line":53,"column":24}},"loc":{"start":{"line":53,"column":44},"end":{"line":103,"column":1}},"line":53},"7":{"name":"(anonymous_7)","decl":{"start":{"line":58,"column":63},"end":{"line":58,"column":64}},"loc":{"start":{"line":58,"column":78},"end":{"line":100,"column":5}},"line":58},"8":{"name":"(anonymous_8)","decl":{"start":{"line":59,"column":46},"end":{"line":59,"column":47}},"loc":{"start":{"line":59,"column":66},"end":{"line":74,"column":9}},"line":59},"9":{"name":"(anonymous_9)","decl":{"start":{"line":61,"column":22},"end":{"line":61,"column":23}},"loc":{"start":{"line":61,"column":37},"end":{"line":73,"column":13}},"line":61},"10":{"name":"(anonymous_10)","decl":{"start":{"line":75,"column":42},"end":{"line":75,"column":43}},"loc":{"start":{"line":75,"column":48},"end":{"line":99,"column":9}},"line":75},"11":{"name":"(anonymous_11)","decl":{"start":{"line":78,"column":26},"end":{"line":78,"column":27}},"loc":{"start":{"line":78,"column":36},"end":{"line":85,"column":13}},"line":78},"12":{"name":"(anonymous_12)","decl":{"start":{"line":79,"column":34},"end":{"line":79,"column":35}},"loc":{"start":{"line":79,"column":48},"end":{"line":84,"column":17}},"line":79},"13":{"name":"(anonymous_13)","decl":{"start":{"line":86,"column":46},"end":{"line":86,"column":47}},"loc":{"start":{"line":86,"column":56},"end":{"line":91,"column":13}},"line":86},"14":{"name":"(anonymous_14)","decl":{"start":{"line":87,"column":72},"end":{"line":87,"column":73}},"loc":{"start":{"line":87,"column":81},"end":{"line":90,"column":17}},"line":87},"15":{"name":"(anonymous_15)","decl":{"start":{"line":92,"column":49},"end":{"line":92,"column":50}},"loc":{"start":{"line":92,"column":55},"end":{"line":98,"column":13}},"line":92},"16":{"name":"(anonymous_16)","decl":{"start":{"line":100,"column":13},"end":{"line":100,"column":14}},"loc":{"start":{"line":100,"column":22},"end":{"line":102,"column":5}},"line":100},"17":{"name":"validateId","decl":{"start":{"line":105,"column":9},"end":{"line":105,"column":19}},"loc":{"start":{"line":105,"column":24},"end":{"line":107,"column":1}},"line":105},"18":{"name":"getNumberOfSections","decl":{"start":{"line":109,"column":9},"end":{"line":109,"column":28}},"loc":{"start":{"line":109,"column":38},"end":{"line":118,"column":1}},"line":109},"19":{"name":"(anonymous_19)","decl":{"start":{"line":114,"column":28},"end":{"line":114,"column":29}},"loc":{"start":{"line":114,"column":46},"end":{"line":116,"column":5}},"line":114},"20":{"name":"initializeDataset","decl":{"start":{"line":120,"column":9},"end":{"line":120,"column":26}},"loc":{"start":{"line":120,"column":37},"end":{"line":128,"column":1}},"line":120},"21":{"name":"writeDatasetToDisk","decl":{"start":{"line":130,"column":9},"end":{"line":130,"column":27}},"loc":{"start":{"line":130,"column":41},"end":{"line":136,"column":1}},"line":130},"22":{"name":"getCurrentlyAddedDatasetIds","decl":{"start":{"line":138,"column":9},"end":{"line":138,"column":36}},"loc":{"start":{"line":138,"column":39},"end":{"line":142,"column":1}},"line":138},"23":{"name":"parseCourse","decl":{"start":{"line":144,"column":9},"end":{"line":144,"column":20}},"loc":{"start":{"line":144,"column":37},"end":{"line":170,"column":1}},"line":144},"24":{"name":"isEmpty","decl":{"start":{"line":172,"column":9},"end":{"line":172,"column":16}},"loc":{"start":{"line":172,"column":22},"end":{"line":179,"column":1}},"line":172},"25":{"name":"extractSectionData","decl":{"start":{"line":180,"column":9},"end":{"line":180,"column":27}},"loc":{"start":{"line":180,"column":37},"end":{"line":198,"column":1}},"line":180}},"branchMap":{"0":{"loc":{"start":{"line":28,"column":12},"end":{"line":37,"column":13}},"type":"if","locations":[{"start":{"line":28,"column":12},"end":{"line":37,"column":13}},{"start":{"line":28,"column":12},"end":{"line":37,"column":13}}],"line":28},"1":{"loc":{"start":{"line":33,"column":20},"end":{"line":35,"column":21}},"type":"if","locations":[{"start":{"line":33,"column":20},"end":{"line":35,"column":21}},{"start":{"line":33,"column":20},"end":{"line":35,"column":21}}],"line":33},"2":{"loc":{"start":{"line":41,"column":12},"end":{"line":46,"column":13}},"type":"if","locations":[{"start":{"line":41,"column":12},"end":{"line":46,"column":13}},{"start":{"line":41,"column":12},"end":{"line":46,"column":13}}],"line":41},"3":{"loc":{"start":{"line":63,"column":16},"end":{"line":72,"column":17}},"type":"if","locations":[{"start":{"line":63,"column":16},"end":{"line":72,"column":17}},{"start":{"line":63,"column":16},"end":{"line":72,"column":17}}],"line":63},"4":{"loc":{"start":{"line":67,"column":21},"end":{"line":72,"column":17}},"type":"if","locations":[{"start":{"line":67,"column":21},"end":{"line":72,"column":17}},{"start":{"line":67,"column":21},"end":{"line":72,"column":17}}],"line":67},"5":{"loc":{"start":{"line":69,"column":20},"end":{"line":71,"column":21}},"type":"if","locations":[{"start":{"line":69,"column":20},"end":{"line":71,"column":21}},{"start":{"line":69,"column":20},"end":{"line":71,"column":21}}],"line":69},"6":{"loc":{"start":{"line":80,"column":20},"end":{"line":83,"column":21}},"type":"if","locations":[{"start":{"line":80,"column":20},"end":{"line":83,"column":21}},{"start":{"line":80,"column":20},"end":{"line":83,"column":21}}],"line":80},"7":{"loc":{"start":{"line":95,"column":16},"end":{"line":97,"column":17}},"type":"if","locations":[{"start":{"line":95,"column":16},"end":{"line":97,"column":17}},{"start":{"line":95,"column":16},"end":{"line":97,"column":17}}],"line":95},"8":{"loc":{"start":{"line":106,"column":13},"end":{"line":106,"column":64}},"type":"binary-expr","locations":[{"start":{"line":106,"column":13},"end":{"line":106,"column":24}},{"start":{"line":106,"column":28},"end":{"line":106,"column":44}},{"start":{"line":106,"column":48},"end":{"line":106,"column":64}}],"line":106},"9":{"loc":{"start":{"line":110,"column":4},"end":{"line":112,"column":5}},"type":"if","locations":[{"start":{"line":110,"column":4},"end":{"line":112,"column":5}},{"start":{"line":110,"column":4},"end":{"line":112,"column":5}}],"line":110},"10":{"loc":{"start":{"line":154,"column":4},"end":{"line":156,"column":5}},"type":"if","locations":[{"start":{"line":154,"column":4},"end":{"line":156,"column":5}},{"start":{"line":154,"column":4},"end":{"line":156,"column":5}}],"line":154},"11":{"loc":{"start":{"line":154,"column":8},"end":{"line":154,"column":49}},"type":"binary-expr","locations":[{"start":{"line":154,"column":8},"end":{"line":154,"column":29}},{"start":{"line":154,"column":33},"end":{"line":154,"column":49}}],"line":154},"12":{"loc":{"start":{"line":158,"column":4},"end":{"line":169,"column":5}},"type":"if","locations":[{"start":{"line":158,"column":4},"end":{"line":169,"column":5}},{"start":{"line":158,"column":4},"end":{"line":169,"column":5}}],"line":158},"13":{"loc":{"start":{"line":160,"column":12},"end":{"line":163,"column":13}},"type":"if","locations":[{"start":{"line":160,"column":12},"end":{"line":163,"column":13}},{"start":{"line":160,"column":12},"end":{"line":163,"column":13}}],"line":160},"14":{"loc":{"start":{"line":174,"column":8},"end":{"line":176,"column":9}},"type":"if","locations":[{"start":{"line":174,"column":8},"end":{"line":176,"column":9}},{"start":{"line":174,"column":8},"end":{"line":176,"column":9}}],"line":174},"15":{"loc":{"start":{"line":190,"column":4},"end":{"line":195,"column":5}},"type":"if","locations":[{"start":{"line":190,"column":4},"end":{"line":195,"column":5}},{"start":{"line":190,"column":4},"end":{"line":195,"column":5}}],"line":190}},"s":{"0":1,"1":1,"2":1,"3":1,"4":1,"5":1,"6":1,"7":1,"8":1,"9":1,"10":1,"11":1,"12":1,"13":1,"14":1,"15":5945,"16":5944,"17":5944,"18":5944,"19":5944,"20":3589,"21":1,"22":1,"23":1,"24":1,"25":0,"26":0,"27":1,"28":1,"29":1,"30":1,"31":1,"32":1,"33":1,"34":81,"35":81,"36":81,"37":1,"38":1,"39":80,"40":76,"41":76,"42":46,"43":1,"44":1,"45":1,"46":1,"47":366,"48":27084,"49":364,"50":364,"51":1,"52":364,"53":364,"54":364,"55":1,"56":1,"57":1,"58":1,"59":1,"60":0,"61":1,"62":2,"63":1,"64":1,"65":0,"66":1,"67":1,"68":3589,"69":1,"70":1,"71":2,"72":2,"73":2,"74":2,"75":2,"76":2,"77":2,"78":1,"79":2,"80":2,"81":2,"82":2,"83":2,"84":1,"85":4,"86":4,"87":4,"88":1,"89":5944,"90":5944,"91":0,"92":0,"93":5944,"94":5944,"95":0,"96":5944,"97":5944,"98":3589,"99":64612,"100":64612,"101":64612,"102":3589,"103":3589,"104":3589,"105":3589,"106":1,"107":64612,"108":64612,"109":64612,"110":0,"111":64612,"112":64612,"113":64612,"114":64612,"115":64612,"116":64612,"117":64612,"118":64612,"119":64612,"120":64612,"121":24621,"122":39991,"123":64612,"124":64612},"f":{"0":1,"1":1,"2":5945,"3":5944,"4":1,"5":0,"6":1,"7":1,"8":81,"9":81,"10":1,"11":366,"12":27084,"13":364,"14":364,"15":1,"16":0,"17":2,"18":1,"19":3589,"20":2,"21":2,"22":4,"23":5944,"24":64612,"25":64612},"b":{"0":[5944,1],"1":[3589,2355],"2":[1,0],"3":[1,80],"4":[76,4],"5":[46,30],"6":[364,26720],"7":[1,0],"8":[2,2,2],"9":[0,1],"10":[0,5944],"11":[5944,5944],"12":[3589,2355],"13":[64612,0],"14":[64612,0],"15":[24621,39991]},"_coverageSchema":"332fd63041d2c1bcb487cc26dd0d5f7d97098a6c","hash":"5bbf6dea1a0e42abd5e0995d154de77b56bb2b74","contentHash":"79a10be958197a3949ad5ade44d7da22_11.3.0"},"C:\\Users\\Chih-Kae\\WebstormProjects\\project_team219\\src\\controller\\DomTraverser.js":{"path":"C:\\Users\\Chih-Kae\\WebstormProjects\\project_team219\\src\\controller\\DomTraverser.js","statementMap":{"0":{"start":{"line":2,"column":0},"end":{"line":2,"column":62}},"1":{"start":{"line":3,"column":15},"end":{"line":3,"column":33}},"2":{"start":{"line":4,"column":18},"end":{"line":4,"column":38}},"3":{"start":{"line":6,"column":19},"end":{"line":6,"column":40}},"4":{"start":{"line":7,"column":4},"end":{"line":9,"column":5}},"5":{"start":{"line":8,"column":8},"end":{"line":8,"column":25}},"6":{"start":{"line":10,"column":19},"end":{"line":10,"column":40}},"7":{"start":{"line":11,"column":18},"end":{"line":11,"column":38}},"8":{"start":{"line":12,"column":4},"end":{"line":14,"column":5}},"9":{"start":{"line":13,"column":8},"end":{"line":13,"column":25}},"10":{"start":{"line":15,"column":18},"end":{"line":15,"column":48}},"11":{"start":{"line":16,"column":4},"end":{"line":18,"column":5}},"12":{"start":{"line":17,"column":8},"end":{"line":17,"column":25}},"13":{"start":{"line":19,"column":16},"end":{"line":19,"column":18}},"14":{"start":{"line":20,"column":4},"end":{"line":47,"column":7}},"15":{"start":{"line":21,"column":19},"end":{"line":21,"column":39}},"16":{"start":{"line":22,"column":8},"end":{"line":41,"column":11}},"17":{"start":{"line":23,"column":12},"end":{"line":28,"column":13}},"18":{"start":{"line":24,"column":33},"end":{"line":24,"column":63}},"19":{"start":{"line":25,"column":16},"end":{"line":25,"column":70}},"20":{"start":{"line":26,"column":42},"end":{"line":26,"column":84}},"21":{"start":{"line":27,"column":16},"end":{"line":27,"column":66}},"22":{"start":{"line":29,"column":12},"end":{"line":32,"column":13}},"23":{"start":{"line":30,"column":32},"end":{"line":30,"column":66}},"24":{"start":{"line":31,"column":16},"end":{"line":31,"column":63}},"25":{"start":{"line":33,"column":12},"end":{"line":36,"column":13}},"26":{"start":{"line":34,"column":32},"end":{"line":34,"column":66}},"27":{"start":{"line":35,"column":16},"end":{"line":35,"column":59}},"28":{"start":{"line":37,"column":12},"end":{"line":40,"column":13}},"29":{"start":{"line":38,"column":32},"end":{"line":38,"column":66}},"30":{"start":{"line":39,"column":16},"end":{"line":39,"column":54}},"31":{"start":{"line":42,"column":29},"end":{"line":42,"column":78}},"32":{"start":{"line":43,"column":8},"end":{"line":43,"column":40}},"33":{"start":{"line":44,"column":8},"end":{"line":44,"column":33}},"34":{"start":{"line":45,"column":8},"end":{"line":45,"column":55}},"35":{"start":{"line":46,"column":8},"end":{"line":46,"column":25}},"36":{"start":{"line":48,"column":4},"end":{"line":50,"column":7}},"37":{"start":{"line":49,"column":8},"end":{"line":49,"column":33}},"38":{"start":{"line":51,"column":4},"end":{"line":51,"column":17}},"39":{"start":{"line":53,"column":0},"end":{"line":53,"column":42}},"40":{"start":{"line":56,"column":4},"end":{"line":63,"column":7}},"41":{"start":{"line":57,"column":8},"end":{"line":62,"column":9}},"42":{"start":{"line":58,"column":28},"end":{"line":58,"column":60}},"43":{"start":{"line":59,"column":12},"end":{"line":61,"column":13}},"44":{"start":{"line":60,"column":16},"end":{"line":60,"column":60}},"45":{"start":{"line":64,"column":4},"end":{"line":64,"column":20}},"46":{"start":{"line":67,"column":18},"end":{"line":67,"column":20}},"47":{"start":{"line":68,"column":4},"end":{"line":72,"column":7}},"48":{"start":{"line":69,"column":8},"end":{"line":71,"column":9}},"49":{"start":{"line":70,"column":12},"end":{"line":70,"column":31}},"50":{"start":{"line":73,"column":4},"end":{"line":73,"column":19}},"51":{"start":{"line":76,"column":18},"end":{"line":76,"column":20}},"52":{"start":{"line":77,"column":4},"end":{"line":82,"column":7}},"53":{"start":{"line":78,"column":23},"end":{"line":78,"column":55}},"54":{"start":{"line":79,"column":8},"end":{"line":81,"column":9}},"55":{"start":{"line":80,"column":12},"end":{"line":80,"column":35}},"56":{"start":{"line":83,"column":4},"end":{"line":83,"column":19}},"57":{"start":{"line":86,"column":19},"end":{"line":86,"column":40}},"58":{"start":{"line":87,"column":18},"end":{"line":87,"column":20}},"59":{"start":{"line":88,"column":4},"end":{"line":92,"column":7}},"60":{"start":{"line":89,"column":8},"end":{"line":91,"column":9}},"61":{"start":{"line":90,"column":12},"end":{"line":90,"column":31}},"62":{"start":{"line":93,"column":18},"end":{"line":93,"column":20}},"63":{"start":{"line":94,"column":4},"end":{"line":99,"column":7}},"64":{"start":{"line":95,"column":23},"end":{"line":95,"column":55}},"65":{"start":{"line":96,"column":8},"end":{"line":98,"column":9}},"66":{"start":{"line":97,"column":12},"end":{"line":97,"column":35}},"67":{"start":{"line":100,"column":20},"end":{"line":100,"column":22}},"68":{"start":{"line":101,"column":4},"end":{"line":114,"column":7}},"69":{"start":{"line":102,"column":23},"end":{"line":102,"column":47}},"70":{"start":{"line":103,"column":8},"end":{"line":112,"column":11}},"71":{"start":{"line":104,"column":12},"end":{"line":107,"column":13}},"72":{"start":{"line":105,"column":32},"end":{"line":105,"column":66}},"73":{"start":{"line":106,"column":16},"end":{"line":106,"column":63}},"74":{"start":{"line":108,"column":12},"end":{"line":111,"column":13}},"75":{"start":{"line":109,"column":32},"end":{"line":109,"column":66}},"76":{"start":{"line":110,"column":16},"end":{"line":110,"column":61}},"77":{"start":{"line":113,"column":8},"end":{"line":113,"column":33}},"78":{"start":{"line":115,"column":4},"end":{"line":117,"column":7}},"79":{"start":{"line":116,"column":8},"end":{"line":116,"column":33}},"80":{"start":{"line":118,"column":4},"end":{"line":118,"column":21}},"81":{"start":{"line":120,"column":0},"end":{"line":120,"column":50}},"82":{"start":{"line":122,"column":21},"end":{"line":122,"column":31}},"83":{"start":{"line":123,"column":4},"end":{"line":127,"column":5}},"84":{"start":{"line":124,"column":8},"end":{"line":126,"column":9}},"85":{"start":{"line":125,"column":12},"end":{"line":125,"column":24}},"86":{"start":{"line":128,"column":4},"end":{"line":128,"column":17}},"87":{"start":{"line":131,"column":21},"end":{"line":131,"column":31}},"88":{"start":{"line":132,"column":4},"end":{"line":136,"column":5}},"89":{"start":{"line":133,"column":8},"end":{"line":135,"column":9}},"90":{"start":{"line":134,"column":12},"end":{"line":134,"column":29}},"91":{"start":{"line":137,"column":4},"end":{"line":137,"column":21}},"92":{"start":{"line":140,"column":21},"end":{"line":140,"column":36}},"93":{"start":{"line":141,"column":29},"end":{"line":141,"column":31}},"94":{"start":{"line":142,"column":4},"end":{"line":146,"column":5}},"95":{"start":{"line":143,"column":8},"end":{"line":145,"column":9}},"96":{"start":{"line":144,"column":12},"end":{"line":144,"column":47}},"97":{"start":{"line":147,"column":4},"end":{"line":147,"column":30}},"98":{"start":{"line":150,"column":16},"end":{"line":150,"column":18}},"99":{"start":{"line":151,"column":4},"end":{"line":163,"column":5}},"100":{"start":{"line":153,"column":8},"end":{"line":162,"column":9}},"101":{"start":{"line":154,"column":12},"end":{"line":157,"column":13}},"102":{"start":{"line":155,"column":27},"end":{"line":155,"column":45}},"103":{"start":{"line":156,"column":16},"end":{"line":156,"column":33}},"104":{"start":{"line":158,"column":30},"end":{"line":158,"column":61}},"105":{"start":{"line":159,"column":12},"end":{"line":161,"column":15}},"106":{"start":{"line":160,"column":16},"end":{"line":160,"column":30}},"107":{"start":{"line":164,"column":4},"end":{"line":164,"column":21}},"108":{"start":{"line":165,"column":4},"end":{"line":165,"column":17}},"109":{"start":{"line":168,"column":17},"end":{"line":168,"column":32}},"110":{"start":{"line":169,"column":28},"end":{"line":169,"column":55}},"111":{"start":{"line":170,"column":14},"end":{"line":170,"column":97}},"112":{"start":{"line":172,"column":4},"end":{"line":183,"column":7}},"113":{"start":{"line":173,"column":8},"end":{"line":182,"column":11}},"114":{"start":{"line":174,"column":30},"end":{"line":174,"column":57}},"115":{"start":{"line":175,"column":24},"end":{"line":175,"column":41}},"116":{"start":{"line":176,"column":22},"end":{"line":176,"column":37}},"117":{"start":{"line":177,"column":22},"end":{"line":177,"column":37}},"118":{"start":{"line":178,"column":12},"end":{"line":178,"column":85}},"119":{"start":{"line":179,"column":12},"end":{"line":179,"column":35}},"120":{"start":{"line":181,"column":12},"end":{"line":181,"column":28}},"121":{"start":{"line":185,"column":0},"end":{"line":185,"column":40}},"122":{"start":{"line":187,"column":4},"end":{"line":196,"column":7}},"123":{"start":{"line":188,"column":21},"end":{"line":188,"column":36}},"124":{"start":{"line":189,"column":32},"end":{"line":189,"column":59}},"125":{"start":{"line":190,"column":18},"end":{"line":190,"column":101}},"126":{"start":{"line":191,"column":8},"end":{"line":195,"column":11}},"127":{"start":{"line":192,"column":12},"end":{"line":194,"column":15}},"128":{"start":{"line":193,"column":16},"end":{"line":193,"column":53}},"129":{"start":{"line":198,"column":0},"end":{"line":198,"column":40}}},"fnMap":{"0":{"name":"extractRoomData","decl":{"start":{"line":5,"column":9},"end":{"line":5,"column":24}},"loc":{"start":{"line":5,"column":45},"end":{"line":52,"column":1}},"line":5},"1":{"name":"(anonymous_1)","decl":{"start":{"line":20,"column":20},"end":{"line":20,"column":21}},"loc":{"start":{"line":20,"column":40},"end":{"line":47,"column":5}},"line":20},"2":{"name":"(anonymous_2)","decl":{"start":{"line":22,"column":31},"end":{"line":22,"column":32}},"loc":{"start":{"line":22,"column":42},"end":{"line":41,"column":9}},"line":22},"3":{"name":"(anonymous_3)","decl":{"start":{"line":48,"column":25},"end":{"line":48,"column":26}},"loc":{"start":{"line":48,"column":44},"end":{"line":50,"column":5}},"line":48},"4":{"name":"getFullName","decl":{"start":{"line":54,"column":9},"end":{"line":54,"column":20}},"loc":{"start":{"line":54,"column":31},"end":{"line":65,"column":1}},"line":54},"5":{"name":"(anonymous_5)","decl":{"start":{"line":56,"column":21},"end":{"line":56,"column":22}},"loc":{"start":{"line":56,"column":31},"end":{"line":63,"column":5}},"line":56},"6":{"name":"getTrNodes","decl":{"start":{"line":66,"column":9},"end":{"line":66,"column":19}},"loc":{"start":{"line":66,"column":30},"end":{"line":74,"column":1}},"line":66},"7":{"name":"(anonymous_7)","decl":{"start":{"line":68,"column":21},"end":{"line":68,"column":22}},"loc":{"start":{"line":68,"column":31},"end":{"line":72,"column":5}},"line":68},"8":{"name":"getTdNodesFromTrNodes","decl":{"start":{"line":75,"column":9},"end":{"line":75,"column":30}},"loc":{"start":{"line":75,"column":40},"end":{"line":84,"column":1}},"line":75},"9":{"name":"(anonymous_9)","decl":{"start":{"line":77,"column":20},"end":{"line":77,"column":21}},"loc":{"start":{"line":77,"column":32},"end":{"line":82,"column":5}},"line":77},"10":{"name":"extractBuildingData","decl":{"start":{"line":85,"column":9},"end":{"line":85,"column":28}},"loc":{"start":{"line":85,"column":39},"end":{"line":119,"column":1}},"line":85},"11":{"name":"(anonymous_11)","decl":{"start":{"line":88,"column":21},"end":{"line":88,"column":22}},"loc":{"start":{"line":88,"column":31},"end":{"line":92,"column":5}},"line":88},"12":{"name":"(anonymous_12)","decl":{"start":{"line":94,"column":20},"end":{"line":94,"column":21}},"loc":{"start":{"line":94,"column":32},"end":{"line":99,"column":5}},"line":94},"13":{"name":"(anonymous_13)","decl":{"start":{"line":101,"column":20},"end":{"line":101,"column":21}},"loc":{"start":{"line":101,"column":40},"end":{"line":114,"column":5}},"line":101},"14":{"name":"(anonymous_14)","decl":{"start":{"line":103,"column":31},"end":{"line":103,"column":32}},"loc":{"start":{"line":103,"column":42},"end":{"line":112,"column":9}},"line":103},"15":{"name":"(anonymous_15)","decl":{"start":{"line":115,"column":33},"end":{"line":115,"column":34}},"loc":{"start":{"line":115,"column":56},"end":{"line":117,"column":5}},"line":115},"16":{"name":"hasAttribute","decl":{"start":{"line":121,"column":9},"end":{"line":121,"column":21}},"loc":{"start":{"line":121,"column":44},"end":{"line":129,"column":1}},"line":121},"17":{"name":"getAttribute","decl":{"start":{"line":130,"column":9},"end":{"line":130,"column":21}},"loc":{"start":{"line":130,"column":43},"end":{"line":138,"column":1}},"line":130},"18":{"name":"getGivenChildNodes","decl":{"start":{"line":139,"column":9},"end":{"line":139,"column":27}},"loc":{"start":{"line":139,"column":44},"end":{"line":148,"column":1}},"line":139},"19":{"name":"getAllNodes","decl":{"start":{"line":149,"column":9},"end":{"line":149,"column":20}},"loc":{"start":{"line":149,"column":27},"end":{"line":166,"column":1}},"line":149},"20":{"name":"(anonymous_20)","decl":{"start":{"line":159,"column":28},"end":{"line":159,"column":29}},"loc":{"start":{"line":159,"column":35},"end":{"line":161,"column":13}},"line":159},"21":{"name":"getGeoResponse","decl":{"start":{"line":167,"column":9},"end":{"line":167,"column":23}},"loc":{"start":{"line":167,"column":33},"end":{"line":184,"column":1}},"line":167},"22":{"name":"(anonymous_22)","decl":{"start":{"line":172,"column":25},"end":{"line":172,"column":26}},"loc":{"start":{"line":172,"column":40},"end":{"line":183,"column":5}},"line":172},"23":{"name":"(anonymous_23)","decl":{"start":{"line":173,"column":23},"end":{"line":173,"column":24}},"loc":{"start":{"line":173,"column":33},"end":{"line":180,"column":9}},"line":173},"24":{"name":"(anonymous_24)","decl":{"start":{"line":180,"column":16},"end":{"line":180,"column":17}},"loc":{"start":{"line":180,"column":22},"end":{"line":182,"column":9}},"line":180},"25":{"name":"getGeoLocation","decl":{"start":{"line":186,"column":9},"end":{"line":186,"column":23}},"loc":{"start":{"line":186,"column":33},"end":{"line":197,"column":1}},"line":186},"26":{"name":"(anonymous_26)","decl":{"start":{"line":187,"column":23},"end":{"line":187,"column":24}},"loc":{"start":{"line":187,"column":44},"end":{"line":196,"column":5}},"line":187},"27":{"name":"(anonymous_27)","decl":{"start":{"line":191,"column":29},"end":{"line":191,"column":30}},"loc":{"start":{"line":191,"column":44},"end":{"line":195,"column":9}},"line":191},"28":{"name":"(anonymous_28)","decl":{"start":{"line":192,"column":27},"end":{"line":192,"column":28}},"loc":{"start":{"line":192,"column":37},"end":{"line":194,"column":13}},"line":192}},"branchMap":{"0":{"loc":{"start":{"line":7,"column":4},"end":{"line":9,"column":5}},"type":"if","locations":[{"start":{"line":7,"column":4},"end":{"line":9,"column":5}},{"start":{"line":7,"column":4},"end":{"line":9,"column":5}}],"line":7},"1":{"loc":{"start":{"line":12,"column":4},"end":{"line":14,"column":5}},"type":"if","locations":[{"start":{"line":12,"column":4},"end":{"line":14,"column":5}},{"start":{"line":12,"column":4},"end":{"line":14,"column":5}}],"line":12},"2":{"loc":{"start":{"line":16,"column":4},"end":{"line":18,"column":5}},"type":"if","locations":[{"start":{"line":16,"column":4},"end":{"line":18,"column":5}},{"start":{"line":16,"column":4},"end":{"line":18,"column":5}}],"line":16},"3":{"loc":{"start":{"line":23,"column":12},"end":{"line":28,"column":13}},"type":"if","locations":[{"start":{"line":23,"column":12},"end":{"line":28,"column":13}},{"start":{"line":23,"column":12},"end":{"line":28,"column":13}}],"line":23},"4":{"loc":{"start":{"line":29,"column":12},"end":{"line":32,"column":13}},"type":"if","locations":[{"start":{"line":29,"column":12},"end":{"line":32,"column":13}},{"start":{"line":29,"column":12},"end":{"line":32,"column":13}}],"line":29},"5":{"loc":{"start":{"line":33,"column":12},"end":{"line":36,"column":13}},"type":"if","locations":[{"start":{"line":33,"column":12},"end":{"line":36,"column":13}},{"start":{"line":33,"column":12},"end":{"line":36,"column":13}}],"line":33},"6":{"loc":{"start":{"line":37,"column":12},"end":{"line":40,"column":13}},"type":"if","locations":[{"start":{"line":37,"column":12},"end":{"line":40,"column":13}},{"start":{"line":37,"column":12},"end":{"line":40,"column":13}}],"line":37},"7":{"loc":{"start":{"line":57,"column":8},"end":{"line":62,"column":9}},"type":"if","locations":[{"start":{"line":57,"column":8},"end":{"line":62,"column":9}},{"start":{"line":57,"column":8},"end":{"line":62,"column":9}}],"line":57},"8":{"loc":{"start":{"line":59,"column":12},"end":{"line":61,"column":13}},"type":"if","locations":[{"start":{"line":59,"column":12},"end":{"line":61,"column":13}},{"start":{"line":59,"column":12},"end":{"line":61,"column":13}}],"line":59},"9":{"loc":{"start":{"line":59,"column":16},"end":{"line":59,"column":85}},"type":"binary-expr","locations":[{"start":{"line":59,"column":16},"end":{"line":59,"column":38}},{"start":{"line":59,"column":42},"end":{"line":59,"column":85}}],"line":59},"10":{"loc":{"start":{"line":69,"column":8},"end":{"line":71,"column":9}},"type":"if","locations":[{"start":{"line":69,"column":8},"end":{"line":71,"column":9}},{"start":{"line":69,"column":8},"end":{"line":71,"column":9}}],"line":69},"11":{"loc":{"start":{"line":79,"column":8},"end":{"line":81,"column":9}},"type":"if","locations":[{"start":{"line":79,"column":8},"end":{"line":81,"column":9}},{"start":{"line":79,"column":8},"end":{"line":81,"column":9}}],"line":79},"12":{"loc":{"start":{"line":89,"column":8},"end":{"line":91,"column":9}},"type":"if","locations":[{"start":{"line":89,"column":8},"end":{"line":91,"column":9}},{"start":{"line":89,"column":8},"end":{"line":91,"column":9}}],"line":89},"13":{"loc":{"start":{"line":96,"column":8},"end":{"line":98,"column":9}},"type":"if","locations":[{"start":{"line":96,"column":8},"end":{"line":98,"column":9}},{"start":{"line":96,"column":8},"end":{"line":98,"column":9}}],"line":96},"14":{"loc":{"start":{"line":104,"column":12},"end":{"line":107,"column":13}},"type":"if","locations":[{"start":{"line":104,"column":12},"end":{"line":107,"column":13}},{"start":{"line":104,"column":12},"end":{"line":107,"column":13}}],"line":104},"15":{"loc":{"start":{"line":108,"column":12},"end":{"line":111,"column":13}},"type":"if","locations":[{"start":{"line":108,"column":12},"end":{"line":111,"column":13}},{"start":{"line":108,"column":12},"end":{"line":111,"column":13}}],"line":108},"16":{"loc":{"start":{"line":124,"column":8},"end":{"line":126,"column":9}},"type":"if","locations":[{"start":{"line":124,"column":8},"end":{"line":126,"column":9}},{"start":{"line":124,"column":8},"end":{"line":126,"column":9}}],"line":124},"17":{"loc":{"start":{"line":124,"column":12},"end":{"line":124,"column":101}},"type":"binary-expr","locations":[{"start":{"line":124,"column":12},"end":{"line":124,"column":46}},{"start":{"line":124,"column":50},"end":{"line":124,"column":101}}],"line":124},"18":{"loc":{"start":{"line":133,"column":8},"end":{"line":135,"column":9}},"type":"if","locations":[{"start":{"line":133,"column":8},"end":{"line":135,"column":9}},{"start":{"line":133,"column":8},"end":{"line":135,"column":9}}],"line":133},"19":{"loc":{"start":{"line":133,"column":12},"end":{"line":133,"column":97}},"type":"binary-expr","locations":[{"start":{"line":133,"column":12},"end":{"line":133,"column":44}},{"start":{"line":133,"column":48},"end":{"line":133,"column":97}}],"line":133},"20":{"loc":{"start":{"line":143,"column":8},"end":{"line":145,"column":9}},"type":"if","locations":[{"start":{"line":143,"column":8},"end":{"line":145,"column":9}},{"start":{"line":143,"column":8},"end":{"line":145,"column":9}}],"line":143},"21":{"loc":{"start":{"line":151,"column":4},"end":{"line":163,"column":5}},"type":"if","locations":[{"start":{"line":151,"column":4},"end":{"line":163,"column":5}},{"start":{"line":151,"column":4},"end":{"line":163,"column":5}}],"line":151},"22":{"loc":{"start":{"line":154,"column":12},"end":{"line":157,"column":13}},"type":"if","locations":[{"start":{"line":154,"column":12},"end":{"line":157,"column":13}},{"start":{"line":154,"column":12},"end":{"line":157,"column":13}}],"line":154}},"s":{"0":1,"1":1,"2":1,"3":76,"4":76,"5":0,"6":76,"7":76,"8":76,"9":30,"10":46,"11":46,"12":0,"13":46,"14":46,"15":732,"16":732,"17":3660,"18":732,"19":732,"20":732,"21":732,"22":3660,"23":732,"24":732,"25":3660,"26":730,"27":730,"28":3660,"29":732,"30":732,"31":732,"32":732,"33":732,"34":732,"35":732,"36":46,"37":732,"38":46,"39":1,"40":76,"41":283906,"42":454,"43":454,"44":152,"45":76,"46":76,"47":76,"48":283906,"49":824,"50":76,"51":46,"52":46,"53":824,"54":824,"55":732,"56":46,"57":1,"58":1,"59":1,"60":7557,"61":150,"62":1,"63":1,"64":150,"65":150,"66":148,"67":1,"68":1,"69":148,"70":148,"71":740,"72":148,"73":148,"74":740,"75":148,"76":148,"77":148,"78":1,"79":148,"80":1,"81":1,"82":16272,"83":16272,"84":16272,"85":3374,"86":12898,"87":732,"88":732,"89":732,"90":732,"91":0,"92":5382,"93":5382,"94":5382,"95":16586,"96":8506,"97":5382,"98":145770,"99":145770,"100":73510,"101":145693,"102":145693,"103":145693,"104":145693,"105":145693,"106":3165085,"107":145770,"108":145770,"109":0,"110":0,"111":0,"112":0,"113":0,"114":0,"115":0,"116":0,"117":0,"118":0,"119":0,"120":0,"121":1,"122":365,"123":365,"124":365,"125":365,"126":365,"127":365,"128":365,"129":1},"f":{"0":76,"1":732,"2":3660,"3":732,"4":76,"5":283906,"6":76,"7":283906,"8":46,"9":824,"10":1,"11":7557,"12":150,"13":148,"14":740,"15":148,"16":16272,"17":732,"18":5382,"19":145770,"20":3165085,"21":0,"22":0,"23":0,"24":0,"25":365,"26":365,"27":365,"28":365},"b":{"0":[0,76],"1":[30,46],"2":[0,46],"3":[732,2928],"4":[732,2928],"5":[730,2930],"6":[732,2928],"7":[454,283452],"8":[152,302],"9":[454,152],"10":[824,283082],"11":[732,92],"12":[150,7407],"13":[148,2],"14":[148,592],"15":[148,592],"16":[3374,12898],"17":[16272,16120],"18":[732,0],"19":[732,0],"20":[8506,8080],"21":[73510,72260],"22":[145693,0]},"_coverageSchema":"332fd63041d2c1bcb487cc26dd0d5f7d97098a6c","hash":"2e325e6b9f1ff906396d48ad1f4c6ce0c7ed42f2","contentHash":"25d9637f8beb4402045866c4abc30c47_11.3.0"},"C:\\Users\\Chih-Kae\\WebstormProjects\\project_team219\\src\\controller\\QueryValidator.js":{"path":"C:\\Users\\Chih-Kae\\WebstormProjects\\project_team219\\src\\controller\\QueryValidator.js","statementMap":{"0":{"start":{"line":2,"column":0},"end":{"line":2,"column":62}},"1":{"start":{"line":3,"column":25},"end":{"line":3,"column":52}},"2":{"start":{"line":4,"column":16},"end":{"line":4,"column":34}},"3":{"start":{"line":5,"column":28},"end":{"line":5,"column":58}},"4":{"start":{"line":6,"column":30},"end":{"line":6,"column":62}},"5":{"start":{"line":9,"column":8},"end":{"line":9,"column":83}},"6":{"start":{"line":10,"column":8},"end":{"line":10,"column":77}},"7":{"start":{"line":11,"column":8},"end":{"line":11,"column":41}},"8":{"start":{"line":12,"column":8},"end":{"line":12,"column":54}},"9":{"start":{"line":13,"column":8},"end":{"line":13,"column":52}},"10":{"start":{"line":16,"column":8},"end":{"line":16,"column":26}},"11":{"start":{"line":19,"column":8},"end":{"line":19,"column":40}},"12":{"start":{"line":22,"column":8},"end":{"line":76,"column":9}},"13":{"start":{"line":23,"column":12},"end":{"line":74,"column":13}},"14":{"start":{"line":24,"column":16},"end":{"line":73,"column":17}},"15":{"start":{"line":25,"column":20},"end":{"line":25,"column":67}},"16":{"start":{"line":26,"column":20},"end":{"line":26,"column":63}},"17":{"start":{"line":27,"column":20},"end":{"line":27,"column":64}},"18":{"start":{"line":28,"column":20},"end":{"line":28,"column":51}},"19":{"start":{"line":30,"column":21},"end":{"line":73,"column":17}},"20":{"start":{"line":31,"column":20},"end":{"line":31,"column":48}},"21":{"start":{"line":32,"column":20},"end":{"line":32,"column":64}},"22":{"start":{"line":34,"column":21},"end":{"line":73,"column":17}},"23":{"start":{"line":35,"column":20},"end":{"line":35,"column":49}},"24":{"start":{"line":36,"column":20},"end":{"line":36,"column":51}},"25":{"start":{"line":37,"column":20},"end":{"line":37,"column":64}},"26":{"start":{"line":39,"column":21},"end":{"line":73,"column":17}},"27":{"start":{"line":40,"column":20},"end":{"line":40,"column":53}},"28":{"start":{"line":41,"column":20},"end":{"line":41,"column":64}},"29":{"start":{"line":43,"column":21},"end":{"line":73,"column":17}},"30":{"start":{"line":44,"column":20},"end":{"line":44,"column":60}},"31":{"start":{"line":45,"column":20},"end":{"line":45,"column":64}},"32":{"start":{"line":47,"column":21},"end":{"line":73,"column":17}},"33":{"start":{"line":48,"column":20},"end":{"line":48,"column":64}},"34":{"start":{"line":49,"column":20},"end":{"line":49,"column":65}},"35":{"start":{"line":50,"column":20},"end":{"line":50,"column":65}},"36":{"start":{"line":51,"column":20},"end":{"line":51,"column":51}},"37":{"start":{"line":53,"column":21},"end":{"line":73,"column":17}},"38":{"start":{"line":54,"column":20},"end":{"line":54,"column":65}},"39":{"start":{"line":55,"column":20},"end":{"line":55,"column":65}},"40":{"start":{"line":56,"column":20},"end":{"line":56,"column":58}},"41":{"start":{"line":57,"column":20},"end":{"line":57,"column":65}},"42":{"start":{"line":59,"column":21},"end":{"line":73,"column":17}},"43":{"start":{"line":60,"column":20},"end":{"line":60,"column":65}},"44":{"start":{"line":61,"column":20},"end":{"line":61,"column":54}},"45":{"start":{"line":62,"column":20},"end":{"line":62,"column":63}},"46":{"start":{"line":64,"column":21},"end":{"line":73,"column":17}},"47":{"start":{"line":65,"column":20},"end":{"line":65,"column":63}},"48":{"start":{"line":66,"column":20},"end":{"line":66,"column":61}},"49":{"start":{"line":67,"column":20},"end":{"line":67,"column":62}},"50":{"start":{"line":68,"column":20},"end":{"line":68,"column":74}},"51":{"start":{"line":69,"column":20},"end":{"line":69,"column":73}},"52":{"start":{"line":72,"column":20},"end":{"line":72,"column":62}},"53":{"start":{"line":75,"column":12},"end":{"line":75,"column":24}},"54":{"start":{"line":77,"column":8},"end":{"line":77,"column":21}},"55":{"start":{"line":80,"column":8},"end":{"line":82,"column":9}},"56":{"start":{"line":81,"column":12},"end":{"line":81,"column":54}},"57":{"start":{"line":85,"column":24},"end":{"line":85,"column":50}},"58":{"start":{"line":86,"column":8},"end":{"line":90,"column":9}},"59":{"start":{"line":87,"column":12},"end":{"line":89,"column":13}},"60":{"start":{"line":88,"column":16},"end":{"line":88,"column":58}},"61":{"start":{"line":93,"column":8},"end":{"line":95,"column":9}},"62":{"start":{"line":94,"column":12},"end":{"line":94,"column":91}},"63":{"start":{"line":96,"column":20},"end":{"line":96,"column":38}},"64":{"start":{"line":97,"column":22},"end":{"line":97,"column":42}},"65":{"start":{"line":98,"column":8},"end":{"line":98,"column":59}},"66":{"start":{"line":99,"column":8},"end":{"line":99,"column":56}},"67":{"start":{"line":102,"column":8},"end":{"line":104,"column":9}},"68":{"start":{"line":103,"column":12},"end":{"line":103,"column":75}},"69":{"start":{"line":105,"column":18},"end":{"line":105,"column":36}},"70":{"start":{"line":106,"column":20},"end":{"line":106,"column":40}},"71":{"start":{"line":107,"column":8},"end":{"line":107,"column":61}},"72":{"start":{"line":108,"column":8},"end":{"line":108,"column":59}},"73":{"start":{"line":111,"column":19},"end":{"line":111,"column":46}},"74":{"start":{"line":112,"column":8},"end":{"line":120,"column":9}},"75":{"start":{"line":113,"column":12},"end":{"line":113,"column":54}},"76":{"start":{"line":115,"column":13},"end":{"line":120,"column":9}},"77":{"start":{"line":116,"column":12},"end":{"line":116,"column":54}},"78":{"start":{"line":118,"column":13},"end":{"line":120,"column":9}},"79":{"start":{"line":119,"column":12},"end":{"line":119,"column":54}},"80":{"start":{"line":121,"column":20},"end":{"line":121,"column":52}},"81":{"start":{"line":122,"column":20},"end":{"line":122,"column":52}},"82":{"start":{"line":123,"column":8},"end":{"line":125,"column":9}},"83":{"start":{"line":124,"column":12},"end":{"line":124,"column":43}},"84":{"start":{"line":126,"column":8},"end":{"line":126,"column":55}},"85":{"start":{"line":127,"column":8},"end":{"line":127,"column":51}},"86":{"start":{"line":130,"column":22},"end":{"line":130,"column":81}},"87":{"start":{"line":131,"column":8},"end":{"line":135,"column":9}},"88":{"start":{"line":132,"column":12},"end":{"line":134,"column":13}},"89":{"start":{"line":133,"column":16},"end":{"line":133,"column":58}},"90":{"start":{"line":138,"column":8},"end":{"line":143,"column":9}},"91":{"start":{"line":139,"column":12},"end":{"line":139,"column":81}},"92":{"start":{"line":141,"column":13},"end":{"line":143,"column":9}},"93":{"start":{"line":142,"column":12},"end":{"line":142,"column":66}},"94":{"start":{"line":146,"column":8},"end":{"line":167,"column":9}},"95":{"start":{"line":147,"column":12},"end":{"line":149,"column":13}},"96":{"start":{"line":148,"column":16},"end":{"line":148,"column":58}},"97":{"start":{"line":150,"column":12},"end":{"line":163,"column":13}},"98":{"start":{"line":151,"column":33},"end":{"line":151,"column":35}},"99":{"start":{"line":152,"column":16},"end":{"line":158,"column":17}},"100":{"start":{"line":153,"column":20},"end":{"line":156,"column":21}},"101":{"start":{"line":155,"column":24},"end":{"line":155,"column":66}},"102":{"start":{"line":157,"column":20},"end":{"line":157,"column":54}},"103":{"start":{"line":159,"column":16},"end":{"line":159,"column":53}},"104":{"start":{"line":162,"column":16},"end":{"line":162,"column":87}},"105":{"start":{"line":166,"column":12},"end":{"line":166,"column":76}},"106":{"start":{"line":170,"column":8},"end":{"line":190,"column":9}},"107":{"start":{"line":171,"column":12},"end":{"line":173,"column":13}},"108":{"start":{"line":172,"column":16},"end":{"line":172,"column":58}},"109":{"start":{"line":174,"column":12},"end":{"line":186,"column":13}},"110":{"start":{"line":175,"column":16},"end":{"line":179,"column":17}},"111":{"start":{"line":176,"column":20},"end":{"line":178,"column":21}},"112":{"start":{"line":177,"column":24},"end":{"line":177,"column":66}},"113":{"start":{"line":180,"column":16},"end":{"line":185,"column":17}},"114":{"start":{"line":181,"column":20},"end":{"line":183,"column":21}},"115":{"start":{"line":182,"column":24},"end":{"line":182,"column":66}},"116":{"start":{"line":184,"column":20},"end":{"line":184,"column":46}},"117":{"start":{"line":189,"column":12},"end":{"line":189,"column":78}},"118":{"start":{"line":193,"column":0},"end":{"line":193,"column":40}}},"fnMap":{"0":{"name":"(anonymous_0)","decl":{"start":{"line":8,"column":4},"end":{"line":8,"column":5}},"loc":{"start":{"line":8,"column":23},"end":{"line":14,"column":5}},"line":8},"1":{"name":"(anonymous_1)","decl":{"start":{"line":15,"column":4},"end":{"line":15,"column":5}},"loc":{"start":{"line":15,"column":15},"end":{"line":17,"column":5}},"line":15},"2":{"name":"(anonymous_2)","decl":{"start":{"line":18,"column":4},"end":{"line":18,"column":5}},"loc":{"start":{"line":18,"column":29},"end":{"line":20,"column":5}},"line":18},"3":{"name":"(anonymous_3)","decl":{"start":{"line":21,"column":4},"end":{"line":21,"column":5}},"loc":{"start":{"line":21,"column":25},"end":{"line":78,"column":5}},"line":21},"4":{"name":"(anonymous_4)","decl":{"start":{"line":79,"column":4},"end":{"line":79,"column":5}},"loc":{"start":{"line":79,"column":27},"end":{"line":83,"column":5}},"line":79},"5":{"name":"(anonymous_5)","decl":{"start":{"line":84,"column":4},"end":{"line":84,"column":5}},"loc":{"start":{"line":84,"column":44},"end":{"line":91,"column":5}},"line":84},"6":{"name":"(anonymous_6)","decl":{"start":{"line":92,"column":4},"end":{"line":92,"column":5}},"loc":{"start":{"line":92,"column":27},"end":{"line":100,"column":5}},"line":92},"7":{"name":"(anonymous_7)","decl":{"start":{"line":101,"column":4},"end":{"line":101,"column":5}},"loc":{"start":{"line":101,"column":22},"end":{"line":109,"column":5}},"line":101},"8":{"name":"(anonymous_8)","decl":{"start":{"line":110,"column":4},"end":{"line":110,"column":5}},"loc":{"start":{"line":110,"column":44},"end":{"line":128,"column":5}},"line":110},"9":{"name":"(anonymous_9)","decl":{"start":{"line":129,"column":4},"end":{"line":129,"column":5}},"loc":{"start":{"line":129,"column":42},"end":{"line":136,"column":5}},"line":129},"10":{"name":"(anonymous_10)","decl":{"start":{"line":137,"column":4},"end":{"line":137,"column":5}},"loc":{"start":{"line":137,"column":31},"end":{"line":144,"column":5}},"line":137},"11":{"name":"(anonymous_11)","decl":{"start":{"line":145,"column":4},"end":{"line":145,"column":5}},"loc":{"start":{"line":145,"column":32},"end":{"line":168,"column":5}},"line":145},"12":{"name":"(anonymous_12)","decl":{"start":{"line":169,"column":4},"end":{"line":169,"column":5}},"loc":{"start":{"line":169,"column":34},"end":{"line":191,"column":5}},"line":169}},"branchMap":{"0":{"loc":{"start":{"line":22,"column":8},"end":{"line":76,"column":9}},"type":"if","locations":[{"start":{"line":22,"column":8},"end":{"line":76,"column":9}},{"start":{"line":22,"column":8},"end":{"line":76,"column":9}}],"line":22},"1":{"loc":{"start":{"line":22,"column":12},"end":{"line":22,"column":54}},"type":"binary-expr","locations":[{"start":{"line":22,"column":12},"end":{"line":22,"column":25}},{"start":{"line":22,"column":29},"end":{"line":22,"column":54}}],"line":22},"2":{"loc":{"start":{"line":24,"column":16},"end":{"line":73,"column":17}},"type":"if","locations":[{"start":{"line":24,"column":16},"end":{"line":73,"column":17}},{"start":{"line":24,"column":16},"end":{"line":73,"column":17}}],"line":24},"3":{"loc":{"start":{"line":30,"column":21},"end":{"line":73,"column":17}},"type":"if","locations":[{"start":{"line":30,"column":21},"end":{"line":73,"column":17}},{"start":{"line":30,"column":21},"end":{"line":73,"column":17}}],"line":30},"4":{"loc":{"start":{"line":34,"column":21},"end":{"line":73,"column":17}},"type":"if","locations":[{"start":{"line":34,"column":21},"end":{"line":73,"column":17}},{"start":{"line":34,"column":21},"end":{"line":73,"column":17}}],"line":34},"5":{"loc":{"start":{"line":39,"column":21},"end":{"line":73,"column":17}},"type":"if","locations":[{"start":{"line":39,"column":21},"end":{"line":73,"column":17}},{"start":{"line":39,"column":21},"end":{"line":73,"column":17}}],"line":39},"6":{"loc":{"start":{"line":39,"column":25},"end":{"line":39,"column":69}},"type":"binary-expr","locations":[{"start":{"line":39,"column":25},"end":{"line":39,"column":37}},{"start":{"line":39,"column":41},"end":{"line":39,"column":53}},{"start":{"line":39,"column":57},"end":{"line":39,"column":69}}],"line":39},"7":{"loc":{"start":{"line":43,"column":21},"end":{"line":73,"column":17}},"type":"if","locations":[{"start":{"line":43,"column":21},"end":{"line":73,"column":17}},{"start":{"line":43,"column":21},"end":{"line":73,"column":17}}],"line":43},"8":{"loc":{"start":{"line":43,"column":25},"end":{"line":43,"column":54}},"type":"binary-expr","locations":[{"start":{"line":43,"column":25},"end":{"line":43,"column":37}},{"start":{"line":43,"column":41},"end":{"line":43,"column":54}}],"line":43},"9":{"loc":{"start":{"line":47,"column":21},"end":{"line":73,"column":17}},"type":"if","locations":[{"start":{"line":47,"column":21},"end":{"line":73,"column":17}},{"start":{"line":47,"column":21},"end":{"line":73,"column":17}}],"line":47},"10":{"loc":{"start":{"line":53,"column":21},"end":{"line":73,"column":17}},"type":"if","locations":[{"start":{"line":53,"column":21},"end":{"line":73,"column":17}},{"start":{"line":53,"column":21},"end":{"line":73,"column":17}}],"line":53},"11":{"loc":{"start":{"line":59,"column":21},"end":{"line":73,"column":17}},"type":"if","locations":[{"start":{"line":59,"column":21},"end":{"line":73,"column":17}},{"start":{"line":59,"column":21},"end":{"line":73,"column":17}}],"line":59},"12":{"loc":{"start":{"line":64,"column":21},"end":{"line":73,"column":17}},"type":"if","locations":[{"start":{"line":64,"column":21},"end":{"line":73,"column":17}},{"start":{"line":64,"column":21},"end":{"line":73,"column":17}}],"line":64},"13":{"loc":{"start":{"line":80,"column":8},"end":{"line":82,"column":9}},"type":"if","locations":[{"start":{"line":80,"column":8},"end":{"line":82,"column":9}},{"start":{"line":80,"column":8},"end":{"line":82,"column":9}}],"line":80},"14":{"loc":{"start":{"line":87,"column":12},"end":{"line":89,"column":13}},"type":"if","locations":[{"start":{"line":87,"column":12},"end":{"line":89,"column":13}},{"start":{"line":87,"column":12},"end":{"line":89,"column":13}}],"line":87},"15":{"loc":{"start":{"line":93,"column":8},"end":{"line":95,"column":9}},"type":"if","locations":[{"start":{"line":93,"column":8},"end":{"line":95,"column":9}},{"start":{"line":93,"column":8},"end":{"line":95,"column":9}}],"line":93},"16":{"loc":{"start":{"line":93,"column":12},"end":{"line":93,"column":76}},"type":"binary-expr","locations":[{"start":{"line":93,"column":12},"end":{"line":93,"column":41}},{"start":{"line":93,"column":45},"end":{"line":93,"column":76}}],"line":93},"17":{"loc":{"start":{"line":102,"column":8},"end":{"line":104,"column":9}},"type":"if","locations":[{"start":{"line":102,"column":8},"end":{"line":104,"column":9}},{"start":{"line":102,"column":8},"end":{"line":104,"column":9}}],"line":102},"18":{"loc":{"start":{"line":102,"column":12},"end":{"line":102,"column":76}},"type":"binary-expr","locations":[{"start":{"line":102,"column":12},"end":{"line":102,"column":41}},{"start":{"line":102,"column":45},"end":{"line":102,"column":76}}],"line":102},"19":{"loc":{"start":{"line":112,"column":8},"end":{"line":120,"column":9}},"type":"if","locations":[{"start":{"line":112,"column":8},"end":{"line":120,"column":9}},{"start":{"line":112,"column":8},"end":{"line":120,"column":9}}],"line":112},"20":{"loc":{"start":{"line":115,"column":13},"end":{"line":120,"column":9}},"type":"if","locations":[{"start":{"line":115,"column":13},"end":{"line":120,"column":9}},{"start":{"line":115,"column":13},"end":{"line":120,"column":9}}],"line":115},"21":{"loc":{"start":{"line":118,"column":13},"end":{"line":120,"column":9}},"type":"if","locations":[{"start":{"line":118,"column":13},"end":{"line":120,"column":9}},{"start":{"line":118,"column":13},"end":{"line":120,"column":9}}],"line":118},"22":{"loc":{"start":{"line":123,"column":8},"end":{"line":125,"column":9}},"type":"if","locations":[{"start":{"line":123,"column":8},"end":{"line":125,"column":9}},{"start":{"line":123,"column":8},"end":{"line":125,"column":9}}],"line":123},"23":{"loc":{"start":{"line":132,"column":12},"end":{"line":134,"column":13}},"type":"if","locations":[{"start":{"line":132,"column":12},"end":{"line":134,"column":13}},{"start":{"line":132,"column":12},"end":{"line":134,"column":13}}],"line":132},"24":{"loc":{"start":{"line":138,"column":8},"end":{"line":143,"column":9}},"type":"if","locations":[{"start":{"line":138,"column":8},"end":{"line":143,"column":9}},{"start":{"line":138,"column":8},"end":{"line":143,"column":9}}],"line":138},"25":{"loc":{"start":{"line":141,"column":13},"end":{"line":143,"column":9}},"type":"if","locations":[{"start":{"line":141,"column":13},"end":{"line":143,"column":9}},{"start":{"line":141,"column":13},"end":{"line":143,"column":9}}],"line":141},"26":{"loc":{"start":{"line":146,"column":8},"end":{"line":167,"column":9}},"type":"if","locations":[{"start":{"line":146,"column":8},"end":{"line":167,"column":9}},{"start":{"line":146,"column":8},"end":{"line":167,"column":9}}],"line":146},"27":{"loc":{"start":{"line":147,"column":12},"end":{"line":149,"column":13}},"type":"if","locations":[{"start":{"line":147,"column":12},"end":{"line":149,"column":13}},{"start":{"line":147,"column":12},"end":{"line":149,"column":13}}],"line":147},"28":{"loc":{"start":{"line":150,"column":12},"end":{"line":163,"column":13}},"type":"if","locations":[{"start":{"line":150,"column":12},"end":{"line":163,"column":13}},{"start":{"line":150,"column":12},"end":{"line":163,"column":13}}],"line":150},"29":{"loc":{"start":{"line":150,"column":16},"end":{"line":150,"column":58}},"type":"binary-expr","locations":[{"start":{"line":150,"column":16},"end":{"line":150,"column":29}},{"start":{"line":150,"column":33},"end":{"line":150,"column":58}}],"line":150},"30":{"loc":{"start":{"line":153,"column":20},"end":{"line":156,"column":21}},"type":"if","locations":[{"start":{"line":153,"column":20},"end":{"line":156,"column":21}},{"start":{"line":153,"column":20},"end":{"line":156,"column":21}}],"line":153},"31":{"loc":{"start":{"line":153,"column":25},"end":{"line":154,"column":78}},"type":"binary-expr","locations":[{"start":{"line":153,"column":25},"end":{"line":153,"column":77}},{"start":{"line":154,"column":24},"end":{"line":154,"column":78}}],"line":153},"32":{"loc":{"start":{"line":170,"column":8},"end":{"line":190,"column":9}},"type":"if","locations":[{"start":{"line":170,"column":8},"end":{"line":190,"column":9}},{"start":{"line":170,"column":8},"end":{"line":190,"column":9}}],"line":170},"33":{"loc":{"start":{"line":171,"column":12},"end":{"line":173,"column":13}},"type":"if","locations":[{"start":{"line":171,"column":12},"end":{"line":173,"column":13}},{"start":{"line":171,"column":12},"end":{"line":173,"column":13}}],"line":171},"34":{"loc":{"start":{"line":174,"column":12},"end":{"line":186,"column":13}},"type":"if","locations":[{"start":{"line":174,"column":12},"end":{"line":186,"column":13}},{"start":{"line":174,"column":12},"end":{"line":186,"column":13}}],"line":174},"35":{"loc":{"start":{"line":174,"column":16},"end":{"line":174,"column":58}},"type":"binary-expr","locations":[{"start":{"line":174,"column":16},"end":{"line":174,"column":29}},{"start":{"line":174,"column":33},"end":{"line":174,"column":58}}],"line":174},"36":{"loc":{"start":{"line":176,"column":20},"end":{"line":178,"column":21}},"type":"if","locations":[{"start":{"line":176,"column":20},"end":{"line":178,"column":21}},{"start":{"line":176,"column":20},"end":{"line":178,"column":21}}],"line":176},"37":{"loc":{"start":{"line":181,"column":20},"end":{"line":183,"column":21}},"type":"if","locations":[{"start":{"line":181,"column":20},"end":{"line":183,"column":21}},{"start":{"line":181,"column":20},"end":{"line":183,"column":21}}],"line":181}},"s":{"0":1,"1":1,"2":1,"3":1,"4":1,"5":224,"6":224,"7":224,"8":224,"9":224,"10":702,"11":96,"12":717,"13":717,"14":963,"15":220,"16":220,"17":220,"18":220,"19":743,"20":129,"21":70,"22":614,"23":21,"24":18,"25":17,"26":593,"27":121,"28":96,"29":472,"30":94,"31":58,"32":378,"33":127,"34":125,"35":125,"36":125,"37":251,"38":123,"39":123,"40":123,"41":110,"42":128,"43":94,"44":93,"45":84,"46":34,"47":29,"48":29,"49":22,"50":22,"51":22,"52":5,"53":439,"54":0,"55":21,"56":3,"57":74,"58":74,"59":225,"60":2,"61":121,"62":0,"63":121,"64":121,"65":121,"66":103,"67":129,"68":1,"69":128,"70":128,"71":128,"72":98,"73":29,"74":29,"75":0,"76":29,"77":0,"78":29,"79":0,"80":29,"81":29,"82":29,"83":28,"84":28,"85":22,"86":22,"87":22,"88":50,"89":0,"90":93,"91":20,"92":73,"93":73,"94":123,"95":123,"96":4,"97":119,"98":119,"99":119,"100":316,"101":1,"102":307,"103":110,"104":0,"105":0,"106":94,"107":94,"108":0,"109":94,"110":94,"111":162,"112":3,"113":91,"114":131,"115":1,"116":130,"117":0,"118":1},"f":{"0":224,"1":702,"2":96,"3":717,"4":21,"5":74,"6":121,"7":129,"8":29,"9":22,"10":93,"11":123,"12":94},"b":{"0":[717,0],"1":[717,717],"2":[220,743],"3":[129,614],"4":[21,593],"5":[121,472],"6":[593,516,492],"7":[94,378],"8":[472,438],"9":[127,251],"10":[123,128],"11":[94,34],"12":[29,5],"13":[3,18],"14":[2,223],"15":[0,121],"16":[121,121],"17":[1,128],"18":[129,128],"19":[0,29],"20":[0,29],"21":[0,29],"22":[28,0],"23":[0,50],"24":[20,73],"25":[73,0],"26":[123,0],"27":[4,119],"28":[119,0],"29":[119,119],"30":[1,307],"31":[316,38],"32":[94,0],"33":[0,94],"34":[94,0],"35":[94,94],"36":[3,159],"37":[1,130]},"_coverageSchema":"332fd63041d2c1bcb487cc26dd0d5f7d97098a6c","hash":"7844986af3f3a9725d0697c946f052e35d160e86","contentHash":"9b06f9eab5b89332aa4596bcc046ee52_11.3.0"},"C:\\Users\\Chih-Kae\\WebstormProjects\\project_team219\\src\\controller\\Query.js":{"path":"C:\\Users\\Chih-Kae\\WebstormProjects\\project_team219\\src\\controller\\Query.js","statementMap":{"0":{"start":{"line":2,"column":0},"end":{"line":2,"column":62}},"1":{"start":{"line":3,"column":25},"end":{"line":3,"column":52}},"2":{"start":{"line":6,"column":8},"end":{"line":8,"column":9}},"3":{"start":{"line":7,"column":12},"end":{"line":7,"column":54}},"4":{"start":{"line":9,"column":8},"end":{"line":14,"column":9}},"5":{"start":{"line":10,"column":12},"end":{"line":10,"column":25}},"6":{"start":{"line":13,"column":12},"end":{"line":13,"column":54}},"7":{"start":{"line":17,"column":8},"end":{"line":17,"column":24}},"8":{"start":{"line":20,"column":8},"end":{"line":24,"column":9}},"9":{"start":{"line":21,"column":25},"end":{"line":21,"column":41}},"10":{"start":{"line":22,"column":12},"end":{"line":22,"column":46}},"11":{"start":{"line":23,"column":12},"end":{"line":23,"column":19}},"12":{"start":{"line":25,"column":8},"end":{"line":25,"column":50}},"13":{"start":{"line":28,"column":8},"end":{"line":30,"column":9}},"14":{"start":{"line":29,"column":12},"end":{"line":29,"column":32}},"15":{"start":{"line":31,"column":8},"end":{"line":31,"column":31}},"16":{"start":{"line":34,"column":8},"end":{"line":34,"column":30}},"17":{"start":{"line":37,"column":8},"end":{"line":58,"column":9}},"18":{"start":{"line":38,"column":12},"end":{"line":38,"column":41}},"19":{"start":{"line":39,"column":12},"end":{"line":54,"column":13}},"20":{"start":{"line":40,"column":32},"end":{"line":40,"column":34}},"21":{"start":{"line":41,"column":16},"end":{"line":41,"column":65}},"22":{"start":{"line":42,"column":16},"end":{"line":52,"column":17}},"23":{"start":{"line":43,"column":20},"end":{"line":45,"column":21}},"24":{"start":{"line":44,"column":24},"end":{"line":44,"column":66}},"25":{"start":{"line":46,"column":20},"end":{"line":48,"column":21}},"26":{"start":{"line":47,"column":24},"end":{"line":47,"column":62}},"27":{"start":{"line":49,"column":20},"end":{"line":51,"column":21}},"28":{"start":{"line":50,"column":24},"end":{"line":50,"column":53}},"29":{"start":{"line":53,"column":16},"end":{"line":53,"column":56}},"30":{"start":{"line":57,"colum
[...]
":60,"column":16},"end":{"line":68,"column":17}}],"line":60},"10":{"loc":{"start":{"line":63,"column":21},"end":{"line":68,"column":17}},"type":"if","locations":[{"start":{"line":63,"column":21},"end":{"line":68,"column":17}},{"start":{"line":63,"column":21},"end":{"line":68,"column":17}}],"line":63},"11":{"loc":{"start":{"line":74,"column":8},"end":{"line":79,"column":9}},"type":"if","locations":[{"start":{"line":74,"column":8},"end":{"line":79,"column":9}},{"start":{"line":74,"column":8},"end":{"line":79,"column":9}}],"line":74},"12":{"loc":{"start":{"line":77,"column":13},"end":{"line":79,"column":9}},"type":"if","locations":[{"start":{"line":77,"column":13},"end":{"line":79,"column":9}},{"start":{"line":77,"column":13},"end":{"line":79,"column":9}}],"line":77}},"s":{"0":1,"1":71,"2":71,"3":71,"4":71,"5":3,"6":86,"7":58,"8":28,"9":22,"10":6,"11":6,"12":68,"13":196717,"14":101577,"15":95140,"16":84868,"17":10272,"18":10272,"19":0,"20":71,"21":10303,"22":10303,"23":10303,"24":3039,"25":3039,"26":1651,"27":1388,"28":1363,"29":25,"30":0,"31":0,"32":0,"33":0,"34":0,"35":7264,"36":10,"37":9,"38":1,"39":1,"40":1},"f":{"0":71,"1":86,"2":196717,"3":10303,"4":10},"b":{"0":[71,0],"1":[3,68],"2":[58,28],"3":[22,6],"4":[101577,95140],"5":[84868,10272],"6":[3039,0],"7":[1651,1388],"8":[1363,25],"9":[0,0],"10":[0,0],"11":[9,1],"12":[1,0]},"_coverageSchema":"332fd63041d2c1bcb487cc26dd0d5f7d97098a6c","hash":"b1287082f53de25121c87b3f74c9c7dfa364ec81","contentHash":"de11515502e35da6c470045eac80c4b8_11.3.0"},"C:\\Users\\Chih-Kae\\WebstormProjects\\project_team219\\src\\controller\\QueryApplier.js":{"path":"C:\\Users\\Chih-Kae\\WebstormProjects\\project_team219\\src\\controller\\QueryApplier.js","statementMap":{"0":{"start":{"line":2,"column":0},"end":{"line":2,"column":62}},"1":{"start":{"line":3,"column":21},"end":{"line":3,"column":42}},"2":{"start":{"line":4,"column":28},"end":{"line":4,"column":58}},"3":{"start":{"line":7,"column":8},"end":{"line":7,"column":77}},"4":{"start":{"line":10,"column":8},"end":{"line":40,"column":11}},"5":{"start":{"line":11,"column":25},"end":{"line":11,"column":43}},"6":{"start":{"line":12,"column":29},"end":{"line":12,"column":49}},"7":{"start":{"line":13,"column":22},"end":{"line":13,"column":35}},"8":{"start":{"line":14,"column":12},"end":{"line":16,"column":13}},"9":{"start":{"line":15,"column":16},"end":{"line":15,"column":40}},"10":{"start":{"line":17,"column":12},"end":{"line":39,"column":15}},"11":{"start":{"line":18,"column":16},"end":{"line":38,"column":17}},"12":{"start":{"line":20,"column":34},"end":{"line":20,"column":59}},"13":{"start":{"line":21,"column":24},"end":{"line":21,"column":61}},"14":{"start":{"line":22,"column":24},"end":{"line":22,"column":30}},"15":{"start":{"line":24,"column":34},"end":{"line":24,"column":59}},"16":{"start":{"line":25,"column":24},"end":{"line":25,"column":61}},"17":{"start":{"line":26,"column":24},"end":{"line":26,"column":30}},"18":{"start":{"line":28,"column":36},"end":{"line":28,"column":63}},"19":{"start":{"line":29,"column":24},"end":{"line":29,"column":71}},"20":{"start":{"line":30,"column":24},"end":{"line":30,"column":30}},"21":{"start":{"line":32,"column":34},"end":{"line":32,"column":59}},"22":{"start":{"line":33,"column":24},"end":{"line":33,"column":61}},"23":{"start":{"line":34,"column":24},"end":{"line":34,"column":30}},"24":{"start":{"line":36,"column":34},"end":{"line":36,"column":59}},"25":{"start":{"line":37,"column":24},"end":{"line":37,"column":61}},"26":{"start":{"line":41,"column":8},"end":{"line":41,"column":22}},"27":{"start":{"line":44,"column":8},"end":{"line":46,"column":11}},"28":{"start":{"line":45,"column":12},"end":{"line":45,"column":34}},"29":{"start":{"line":47,"column":8},"end":{"line":47,"column":21}},"30":{"start":{"line":50,"column":8},"end":{"line":50,"column":56}},"31":{"start":{"line":51,"column":18},"end":{"line":51,"column":45}},"32":{"start":{"line":52,"column":19},"end":{"line":52,"column":28}},"33":{"start":{"line":53,"column":8},"end":{"line":57,"column":11}},"34":{"start":{"line":54,"column":20},"end":{"line":54,"column":58}},"35":{"start":{"line":55,"column":12},"end":{"line":55,"column":29}},"36":{"start":{"line":56,"column":12},"end":{"line":56,"column":19}},"37":{"start":{"line":58,"column":18},"end":{"line":58,"column":39}},"38":{"start":{"line":59,"column":20},"end":{"line":59,"column":42}},"39":{"start":{"line":60,"column":8},"end":{"line":60,"column":21}},"40":{"start":{"line":63,"column":20},"end":{"line":63,"column":21}},"41":{"start":{"line":64,"column":22},"end":{"line":64,"column":24}},"42":{"start":{"line":65,"column":8},"end":{"line":70,"column":11}},"43":{"start":{"line":66,"column":12},"end":{"line":69,"column":13}},"44":{"start":{"line":67,"column":16},"end":{"line":67,"column":24}},"45":{"start":{"line":68,"column":16},"end":{"line":68,"column":43}},"46":{"start":{"line":71,"column":8},"end":{"line":71,"column":21}},"47":{"start":{"line":74,"column":8},"end":{"line":74,"column":56}},"48":{"start":{"line":75,"column":18},"end":{"line":75,"column":19}},"49":{"start":{"line":76,"column":8},"end":{"line":78,"column":11}},"50":{"start":{"line":77,"column":12},"end":{"line":77,"column":40}},"51":{"start":{"line":79,"column":8},"end":{"line":79,"column":37}},"52":{"start":{"line":80,"column":8},"end":{"line":80,"column":19}},"53":{"start":{"line":83,"column":8},"end":{"line":83,"column":56}},"54":{"start":{"line":85,"column":8},"end":{"line":92,"column":11}},"55":{"start":{"line":86,"column":12},"end":{"line":88,"column":13}},"56":{"start":{"line":87,"column":16},"end":{"line":87,"column":35}},"57":{"start":{"line":89,"column":12},"end":{"line":91,"column":13}},"58":{"start":{"line":90,"column":16},"end":{"line":90,"column":35}},"59":{"start":{"line":93,"column":8},"end":{"line":93,"column":19}},"60":{"start":{"line":96,"column":8},"end":{"line":96,"column":56}},"61":{"start":{"line":98,"column":8},"end":{"line":105,"column":11}},"62":{"start":{"line":99,"column":12},"end":{"line":101,"column":13}},"63":{"start":{"line":100,"column":16},"end":{"line":100,"column":35}},"64":{"start":{"line":102,"column":12},"end":{"line":104,"column":13}},"65":{"start":{"line":103,"column":16},"end":{"line":103,"column":35}},"66":{"start":{"line":106,"column":8},"end":{"line":106,"column":19}},"67":{"start":{"line":109,"column":0},"end":{"line":109,"column":31}}},"fnMap":{"0":{"name":"(anonymous_0)","decl":{"start":{"line":6,"column":4},"end":{"line":6,"column":5}},"loc":{"start":{"line":6,"column":18},"end":{"line":8,"column":5}},"line":6},"1":{"name":"(anonymous_1)","decl":{"start":{"line":9,"column":4},"end":{"line":9,"column":5}},"loc":{"start":{"line":9,"column":35},"end":{"line":42,"column":5}},"line":9},"2":{"name":"(anonymous_2)","decl":{"start":{"line":10,"column":25},"end":{"line":10,"column":26}},"loc":{"start":{"line":10,"column":37},"end":{"line":40,"column":9}},"line":10},"3":{"name":"(anonymous_3)","decl":{"start":{"line":17,"column":23},"end":{"line":17,"column":24}},"loc":{"start":{"line":17,"column":34},"end":{"line":39,"column":13}},"line":17},"4":{"name":"(anonymous_4)","decl":{"start":{"line":43,"column":4},"end":{"line":43,"column":5}},"loc":{"start":{"line":43,"column":40},"end":{"line":48,"column":5}},"line":43},"5":{"name":"(anonymous_5)","decl":{"start":{"line":44,"column":22},"end":{"line":44,"column":23}},"loc":{"start":{"line":44,"column":37},"end":{"line":46,"column":9}},"line":44},"6":{"name":"(anonymous_6)","decl":{"start":{"line":49,"column":4},"end":{"line":49,"column":5}},"loc":{"start":{"line":49,"column":25},"end":{"line":61,"column":5}},"line":49},"7":{"name":"(anonymous_7)","decl":{"start":{"line":53,"column":22},"end":{"line":53,"column":23}},"loc":{"start":{"line":53,"column":35},"end":{"line":57,"column":9}},"line":53},"8":{"name":"(anonymous_8)","decl":{"start":{"line":62,"column":4},"end":{"line":62,"column":5}},"loc":{"start":{"line":62,"column":27},"end":{"line":72,"column":5}},"line":62},"9":{"name":"(anonymous_9)","decl":{"start":{"line":65,"column":22},"end":{"line":65,"column":23}},"loc":{"start":{"line":65,"column":35},"end":{"line":70,"column":9}},"line":65},"10":{"name":"(anonymous_10)","decl":{"start":{"line":73,"column":4},"end":{"line":73,"column":5}},"loc":{"start":{"line":73,"column":25},"end":{"line":81,"column":5}},"line":73},"11":{"name":"(anonymous_11)","decl":{"start":{"line":76,"column":22},"end":{"line":76,"column":23}},"loc":{"start":{"line":76,"column":41},"end":{"line":78,"column":9}},"line":76},"12":{"name":"(anonymous_12)","decl":{"start":{"line":82,"column":4},"end":{"line":82,"column":5}},"loc":{"start":{"line":82,"column":25},"end":{"line":94,"column":5}},"line":82},"13":{"name":"(anonymous_13)","decl":{"start":{"line":85,"column":22},"end":{"line":85,"column":23}},"loc":{"start":{"line":85,"column":35},"end":{"line":92,"column":9}},"line":85},"14":{"name":"(anonymous_14)","decl":{"start":{"line":95,"column":4},"end":{"line":95,"column":5}},"loc":{"start":{"line":95,"column":25},"end":{"line":107,"column":5}},"line":95},"15":{"name":"(anonymous_15)","decl":{"start":{"line":98,"column":22},"end":{"line":98,"column":23}},"loc":{"start":{"line":98,"column":35},"end":{"line":105,"column":9}},"line":98}},"branchMap":{"0":{"loc":{"start":{"line":14,"column":12},"end":{"line":16,"column":13}},"type":"if","locations":[{"start":{"line":14,"column":12},"end":{"line":16,"column":13}},{"start":{"line":14,"column":12},"end":{"line":16,"column":13}}],"line":14},"1":{"loc":{"start":{"line":18,"column":16},"end":{"line":38,"column":17}},"type":"switch","locations":[{"start":{"line":19,"column":20},"end":{"line":22,"column":30}},{"start":{"line":23,"column":20},"end":{"line":26,"column":30}},{"start":{"line":27,"column":20},"end":{"line":30,"column":30}},{"start":{"line":31,"column":20},"end":{"line":34,"column":30}},{"start":{"line":35,"column":20},"end":{"line":37,"column":61}}],"line":18},"2":{"loc":{"start":{"line":66,"column":12},"end":{"line":69,"column":13}},"type":"if","locations":[{"start":{"line":66,"column":12},"end":{"line":69,"column":13}},{"start":{"line":66,"column":12},"end":{"line":69,"column":13}}],"line":66},"3":{"loc":{"start":{"line":86,"column":12},"end":{"line":88,"column":13}},"type":"if","locations":[{"start":{"line":86,"column":12},"end":{"line":88,"column":13}},{"start":{"line":86,"column":12},"end":{"line":88,"column":13}}],"line":86},"4":{"loc":{"start":{"line":89,"column":12},"end":{"line":91,"column":13}},"type":"if","locations":[{"start":{"line":89,"column":12},"end":{"line":91,"column":13}},{"start":{"line":89,"column":12},"end":{"line":91,"column":13}}],"line":89},"5":{"loc":{"start":{"line":99,"column":12},"end":{"line":101,"column":13}},"type":"if","locations":[{"start":{"line":99,"column":12},"end":{"line":101,"column":13}},{"start":{"line":99,"column":12},"end":{"line":101,"column":13}}],"line":99},"6":{"loc":{"start":{"line":102,"column":12},"end":{"line":104,"column":13}},"type":"if","locations":[{"start":{"line":102,"column":12},"end":{"line":104,"column":13}},{"start":{"line":102,"column":12},"end":{"line":104,"column":13}}],"line":102}},"s":{"0":1,"1":1,"2":1,"3":92,"4":22,"5":26,"6":26,"7":26,"8":26,"9":26,"10":26,"11":4292,"12":154,"13":153,"14":153,"15":73,"16":72,"17":72,"18":171,"19":171,"20":171,"21":58,"22":57,"23":57,"24":3836,"25":3835,"26":18,"27":4288,"28":58333,"29":4288,"30":3836,"31":3835,"32":3835,"33":3835,"34":57278,"35":57278,"36":57278,"37":3835,"38":3835,"39":3835,"40":171,"41":171,"42":171,"43":405,"44":272,"45":272,"46":171,"47":58,"48":57,"49":57,"50":135,"51":57,"52":57,"53":73,"54":72,"55":160,"56":72,"57":160,"58":8,"59":72,"60":154,"61":153,"62":355,"63":153,"64":355,"65":26,"66":153,"67":1},"f":{"0":92,"1":22,"2":26,"3":4292,"4":4288,"5":58333,"6":3836,"7":57278,"8":171,"9":405,"10":58,"11":135,"12":73,"13":160,"14":154,"15":355},"b":{"0":[26,0],"1":[154,73,171,58,3836],"2":[272,133],"3":[72,88],"4":[8,152],"5":[153,202],"6":[26,329]},"_coverageSchema":"332fd63041d2c1bcb487cc26dd0d5f7d97098a6c","hash":"70131ab802b2c7a13073094baea300c1e2a0a575","contentHash":"04f8730d6d7db6acb8235e4bf03391d3_11.3.0"},"C:\\Users\\Chih-Kae\\WebstormProjects\\project_team219\\src\\controller\\QueryGrouper.js":{"path":"C:\\Users\\Chih-Kae\\WebstormProjects\\project_team219\\src\\controller\\QueryGrouper.js","statementMap":{"0":{"start":{"line":2,"column":0},"end":{"line":2,"column":62}},"1":{"start":{"line":3,"column":25},"end":{"line":3,"column":52}},"2":{"start":{"line":6,"column":8},"end":{"line":10,"column":9}},"3":{"start":{"line":7,"column":12},"end":{"line":9,"column":13}},"4":{"start":{"line":8,"column":16},"end":{"line":8,"column":58}},"5":{"start":{"line":11,"column":21},"end":{"line":11,"column":23}},"6":{"start":{"line":12,"column":8},"end":{"line":32,"column":9}},"7":{"start":{"line":13,"column":12},"end":{"line":13,"column":26}},"8":{"start":{"line":16,"column":24},"end":{"line":16,"column":25}},"9":{"start":{"line":17,"column":30},"end":{"line":17,"column":39}},"10":{"start":{"line":18,"column":12},"end":{"line":29,"column":15}},"11":{"start":{"line":19,"column":28},"end":{"line":19,"column":48}},"12":{"start":{"line":20,"column":16},"end":{"line":23,"column":17}},"13":{"start":{"line":21,"column":20},"end":{"line":21,"column":50}},"14":{"start":{"line":22,"column":20},"end":{"line":22,"column":28}},"15":{"start":{"line":24,"column":28},"end":{"line":24,"column":50}},"16":{"start":{"line":25,"column":16},"end":{"line":27,"column":17}},"17":{"start":{"line":26,"column":20},"end":{"line":26,"column":39}},"18":{"start":{"line":28,"column":16},"end":{"line":28,"column":44}},"19":{"start":{"line":30,"column":12},"end":{"line":30,"column":29}},"20":{"start":{"line":31,"column":12},"end":{"line":31,"column":55}},"21":{"start":{"line":35,"column":8},"end":{"line":59,"column":9}},"22":{"start":{"line":36,"column":12},"end":{"line":36,"column":26}},"23":{"start":{"line":39,"column":25},"end":{"line":39,"column":27}},"24":{"start":{"line":40,"column":22},"end":{"line":40,"column":33}},"25":{"start":{"line":41,"column":24},"end":{"line":41,"column":25}},"26":{"start":{"line":42,"column":12},"end":{"line":56,"column":15}},"27":{"start":{"line":43,"column":34},"end":{"line":43,"column":43}},"28":{"start":{"line":44,"column":16},"end":{"line":55,"column":19}},"29":{"start":{"line":45,"column":28},"end":{"line":45,"column":40}},"30":{"start":{"line":46,"column":20},"end":{"line":49,"column":21}},"31":{"start":{"line":47,"column":24},"end":{"line":47,"column":50}},"32":{"start":{"line":48,"column":24},"end":{"line":48,"column":32}},"33":{"start":{"line":50,"column":32},"end":{"line":50,"column":50}},"34":{"start":{"line":51,"column":20},"end":{"line":53,"column":21}},"35":{"start":{"line":52,"column":24},"end":{"line":52,"column":43}},"36":{"start":{"line":54,"column":20},"end":{"line":54,"column":48}},"37":{"start":{"line":57,"column":12},"end":{"line":57,"column":29}},"38":{"start":{"line":58,"column":12},"end":{"line":58,"column":55}},"39":{"start":{"line":62,"column":0},"end":{"line":62,"column":31}}},"fnMap":{"0":{"name":"(anonymous_0)","decl":{"start":{"line":5,"column":4},"end":{"line":5,"column":5}},"loc":{"start":{"line":5,"column":34},"end":{"line":33,"column":5}},"line":5},"1":{"name":"(anonymous_1)","decl":{"start":{"line":18,"column":27},"end":{"line":18,"column":28}},"loc":{"start":{"line":18,"column":46},"end":{"line":29,"column":13}},"line":18},"2":{"name":"(anonymous_2)","decl":{"start":{"line":34,"column":4},"end":{"line":34,"column":5}},"loc":{"start":{"line":34,"column":35},"end":{"line":60,"column":5}},"line":34},"3":{"name":"(anonymous_3)","decl":{"start":{"line":42,"column":27},"end":{"line":42,"column":28}},"loc":{"start":{"line":42,"column":44},"end":{"line":56,"column":13}},"line":42},"4":{"name":"(anonymous_4)","decl":{"start":{"line":44,"column":30},"end":{"line":44,"column":31}},"loc":{"start":{"line":44,"column":49},"end":{"line":55,"column":17}},"line":44}},"branchMap":{"0":{"loc":{"start":{"line":7,"column":12},"end":{"line":9,"column":13}},"type":"if","locations":[{"start":{"line":7,"column":12},"end":{"line":9,"column":13}},{"start":{"line":7,"column":12},"end":{"line":9,"column":13}}],"line":7},"1":{"loc":{"start":{"line":12,"column":8},"end":{"line":32,"column":9}},"type":"if","locations":[{"start":{"line":12,"column":8},"end":{"line":32,"column":9}},{"start":{"line":12,"column":8},"end":{"line":32,"column":9}}],"line":12},"2":{"loc":{"start":{"line":20,"column":16},"end":{"line":23,"column":17}},"type":"if","locations":[{"start":{"line":20,"column":16},"end":{"line":23,"column":17}},{"start":{"line":20,"column":16},"end":{"line":23,"column":17}}],"line":20},"3":{"loc":{"start":{"line":25,"column":16},"end":{"line":27,"column":17}},"type":"if","locations":[{"start":{"line":25,"column":16},"end":{"line":27,"column":17}},{"start":{"line":25,"column":16},"end":{"line":27,"column":17}}],"line":25},"4":{"loc":{"start":{"line":35,"column":8},"end":{"line":59,"column":9}},"type":"if","locations":[{"start":{"line":35,"column":8},"end":{"line":59,"column":9}},{"start":{"line":35,"column":8},"end":{"line":59,"column":9}}],"line":35},"5":{"loc":{"start":{"line":46,"column":20},"end":{"line":49,"column":21}},"type":"if","locations":[{"start":{"line":46,"column":20},"end":{"line":49,"column":21}},{"start":{"line":46,"column":20},"end":{"line":49,"column":21}}],"line":46},"6":{"loc":{"start":{"line":51,"column":20},"end":{"line":53,"column":21}},"type":"if","locations":[{"start":{"line":51,"column":20},"end":{"line":53,"column":21}},{"start":{"line":51,"column":20},"end":{"line":53,"column":21}}],"line":51}},"s":{"0":1,"1":1,"2":22,"3":26,"4":0,"5":22,"6":22,"7":0,"8":22,"9":22,"10":22,"11":286235,"12":286235,"13":19127,"14":19127,"15":286235,"16":286235,"17":19127,"18":286235,"19":22,"20":22,"21":26,"22":22,"23":4,"24":4,"25":4,"26":4,"27":27,"28":27,"29":100,"30":100,"31":42,"32":42,"33":100,"34":100,"35":42,"36":100,"37":4,"38":4,"39":1},"f":{"0":22,"1":286235,"2":26,"3":27,"4":100},"b":{"0":[0,26],"1":[0,22],"2":[19127,267108],"3":[19127,267108],"4":[22,4],"5":[42,58],"6":[42,58]},"_coverageSchema":"332fd63041d2c1bcb487cc26dd0d5f7d97098a6c","hash":"90e4ceef55825c1075d0a8e35617500fecf36664","contentHash":"dc58a8ae86b16855067ee99d1606d829_11.3.0"},"C:\\Users\\Chih-Kae\\WebstormProjects\\project_team219\\src\\controller\\Formatter.js":{"path":"C:\\Users\\Chih-Kae\\WebstormProjects\\project_team219\\src\\controller\\Formatter.js","statementMap":{"0":{"start":{"line":2,"column":0},"end":{"line":2,"column":62}},"1":{"start":{"line":5,"column":25},"end":{"line":5,"column":27}},"2":{"start":{"line":6,"column":8},"end":{"line":11,"column":9}},"3":{"start":{"line":7,"column":25},"end":{"line":7,"column":46}},"4":{"start":{"line":8,"column":12},"end":{"line":10,"column":13}},"5":{"start":{"line":9,"column":16},"end":{"line":9,"column":41}},"6":{"start":{"line":12,"column":8},"end":{"line":12,"column":26}},"7":{"start":{"line":15,"column":23},"end":{"line":15,"column":25}},"8":{"start":{"line":16,"column":8},"end":{"line":18,"column":9}},"9":{"start":{"line":17,"column":12},"end":{"line":17,"column":32}},"10":{"start":{"line":19,"column":8},"end":{"line":19,"column":24}},"11":{"start":{"line":22,"column":0},"end":{"line":22,"column":30}}},"fnMap":{"0":{"name":"(anonymous_0)","decl":{"start":{"line":4,"column":4},"end":{"line":4,"column":5}},"loc":{"start":{"line":4,"column":24},"end":{"line":13,"column":5}},"line":4},"1":{"name":"(anonymous_1)","decl":{"start":{"line":14,"column":4},"end":{"line":14,"column":5}},"loc":{"start":{"line":14,"column":22},"end":{"line":20,"column":5}},"line":14}},"branchMap":{},"s":{"0":1,"1":92,"2":92,"3":330188,"4":330188,"5":5944304,"6":92,"7":0,"8":0,"9":0,"10":0,"11":1},"f":{"0":92,"1":0},"b":{},"_coverageSchema":"332fd63041d2c1bcb487cc26dd0d5f7d97098a6c","hash":"d5963b2433ad85eb1729af347f07b5e22a0924f5","contentHash":"b27c41b537c7860374b47b16eca99de4_11.3.0"}}